1
                 Chemistry at HARvard Macromolecular Mechanics
           (CHARMM) - Developmental Version 40b2   February 15, 2016            
       Copyright(c) 1984-2014  President and Fellows of Harvard College
                              All Rights Reserved
     Current operating system: Linux-2.6.32-504.3.3.el6.x86_64(x86_64)@gamm     
                 Created on  3/27/16 at 20:57:32 by user: charmm-gui  

            Maximum number of ATOMS:    360720, and RESidues:      120240
 RDTITL> * GENERATED BY CHARMM-GUI (HTTP://WWW.CHARMM-GUI.ORG) V1.8 ON MAR, 27. 2016.
 RDTITL> * SETUP PERIODIC BOUNDARY CONDITION
 RDTITL> *
  
 CHARMM>     
  
 CHARMM>    DIMENS CHSIZE 2000000
Size      Original         New
MAXA        360720     2000000
MAXB        360720     2000000
MAXT        721440     4000000
MAXP       1082160     6000000
MAXIMP      180360     1000000
MAXNB        90180      500000
MAXPAD      360720     2000000
MAXRES      120240      666666
MAXSEG       45090      250000
MAXATC         700
MAXCB         1500
MAXCT        50000
MAXCP        20000
MAXCI          600
MAXCH         3200
MAXCN       502503
MAXCRT      120240      666666
  
 CHARMM>    !DIMENS CHSIZE 1000000
 CHARMM>     
  
 CHARMM>    ! Read topology and parameter files
 CHARMM>    stream toppar.str
 VOPEN> Attempting to open::toppar.str::
 OPNLGU> Unit 99 opened for READONLY access to /home/charmm-gui/data/www/1459129914/toppar.str

                    INPUT STREAM SWITCHING TO UNIT    99
 RDTITL> * GENERATED BY CHARMM-GUI (HTTP://WWW.CHARMM-GUI.ORG) V1.8 ON MAR, 27. 2016.
 RDTITL> * STREAM FILE FOR TOPOLOGY AND PARAMETER READING
 RDTITL> *
 Parameter: IN1 <- "" <empty>
  
 CHARMM>     
  
 CHARMM>    ! protein topology and parameter
 CHARMM>    open read card unit 10 name toppar/top_all36_prot.rtf
 VOPEN> Attempting to open::toppar/top_all36_prot.rtf::
 OPNLGU> Unit 10 opened for READONLY access to /home/charmm-gui/data/www/1459129914/toppar/top_all36_prot.rtf
  
 CHARMM>    read  rtf card unit 10
 MAINIO> Residue topology file being read from unit  10.
 TITLE> *>>>>>>>>CHARMM36 ALL-HYDROGEN TOPOLOGY FILE FOR PROTEINS <<<<<<
 TITLE> *>>>>> INCLUDES PHI, PSI CROSS TERM MAP (CMAP) CORRECTION <<<<<<<
 TITLE> *>>>>>>>>>>>>>>>>>>>>>>>>>> MAY 2011 <<<<<<<<<<<<<<<<<<<<<<<<<<<<
 TITLE> * ALL COMMENTS TO THE CHARMM WEB SITE: WWW.CHARMM.ORG
 TITLE> *             PARAMETER SET DISCUSSION FORUM
 TITLE> *
  
 CHARMM>     
  
 CHARMM>    open read card unit 20 name toppar/par_all36_prot.prm
 VOPEN> Attempting to open::toppar/par_all36_prot.prm::
 OPNLGU> Unit 20 opened for READONLY access to /home/charmm-gui/data/www/1459129914/toppar/par_all36_prot.prm
  
 CHARMM>    read para card unit 20 flex

          PARAMETER FILE BEING READ FROM UNIT 20
 TITLE> *>>>> CHARMM36 ALL-HYDROGEN PARAMETER FILE FOR PROTEINS <<<<<<<<<<
 TITLE> *>>>>> INCLUDES PHI, PSI CROSS TERM MAP (CMAP) CORRECTION <<<<<<<<
 TITLE> *>>>>>>>>>>>>>>>>>>>>>>>>>> FEB. 2012 <<<<<<<<<<<<<<<<<<<<<<<<<<<<
 TITLE> * ALL COMMENTS TO THE CHARMM WEB SITE: WWW.CHARMM.ORG
 TITLE> *             PARAMETER SET DISCUSSION FORUM
 TITLE> *
 PARMIO> NONBOND, HBOND lists and IMAGE atoms cleared.
  
 CHARMM>     
  
 CHARMM>    ! nucleic acids
 CHARMM>    open read card unit 10 name toppar/top_all36_na.rtf
 OPNLGU> Unit already open. The old file will be closed first.
 VCLOSE: Closing unit   10 with status "KEEP"
 VOPEN> Attempting to open::toppar/top_all36_na.rtf::
 OPNLGU> Unit 10 opened for READONLY access to /home/charmm-gui/data/www/1459129914/toppar/top_all36_na.rtf
  
 CHARMM>    read  rtf card unit 10 append
 MAINIO> Residue topology file being read from unit  10.
 TITLE> *  \\\\ CHARMM36 ALL-HYDROGEN NUCLEIC ACID TOPOLOGY FILE ////
 TITLE> *   ALEXANDER D. MACKERELL JR. AND COWORKERS
 TITLE> *                      APRIL 2011
 TITLE> * ALL COMMENTS TO THE CHARMM WEB SITE: WWW.CHARMM.ORG
 TITLE> *           PARAMETER SET DISCUSSION FORUM
 TITLE> *
  
 CHARMM>     
  
 CHARMM>    open read card unit 20 name toppar/par_all36_na.prm
 OPNLGU> Unit already open. The old file will be closed first.
 VCLOSE: Closing unit   20 with status "KEEP"
 VOPEN> Attempting to open::toppar/par_all36_na.prm::
 OPNLGU> Unit 20 opened for READONLY access to /home/charmm-gui/data/www/1459129914/toppar/par_all36_na.prm
  
 CHARMM>    read para card unit 20 append flex

          PARAMETER FILE BEING READ FROM UNIT 20
 TITLE> * \\\\ CHARMM36 ALL-HYDROGEN NUCLEIC ACID PARAMETER FILE ////
 TITLE> *         ALEXANDER D. MACKERELL JR. AND COWORKERS
 TITLE> *                        APRIL 2011
 TITLE> * ALL COMMENTS TO THE CHARMM WEB SITE: WWW.CHARMM.ORG PARAMETER
 TITLE> *                     SET DISCUSSION FORUM
 TITLE> *
 PARMIO> NONBOND, HBOND lists and IMAGE atoms cleared.
  
 CHARMM>     
  
 CHARMM>    ! carbohydrates
 CHARMM>    open read card unit 10 name toppar/top_all36_carb.rtf
 OPNLGU> Unit already open. The old file will be closed first.
 VCLOSE: Closing unit   10 with status "KEEP"
 VOPEN> Attempting to open::toppar/top_all36_carb.rtf::
 OPNLGU> Unit 10 opened for READONLY access to /home/charmm-gui/data/www/1459129914/toppar/top_all36_carb.rtf
  
 CHARMM>    read  rtf card unit 10 append
 MAINIO> Residue topology file being read from unit  10.
 TITLE> * $ID: TOP_ALLXX_SUGAR.INP,V 1.106 2014/08/19 19:07:43 ALEX EXP $
 TITLE> *>>>>>>>>>>>> ALL-HYDROGEN TOPOLOGIES USED IN THE <<<<<<<<<<<<<<<<
 TITLE> *>>>>> DEVELOPMENT OF THE CHARMM CARBOHYDRATE  FORCE FIELD<<<<<<<<
 TITLE> *>>>>>>>>>>>>>>>>>>>>>>>>> JUNE 2009 <<<<<<<<<<<<<<<<<<<<<<<<<<<<<
 TITLE> *>>>>>>>> DIRECT COMMENTS TO ALEXANDER D. MACKERELL JR. <<<<<<<<<<
 TITLE> *>>>>>>>>>> VIA THE CHARMM WEB SITE: WWW.CHARMM.ORG <<<<<<<<<<<<<<
 TITLE> *>>>>>>>>>>>>>>> PARAMETER SET DISCUSSION FORUM <<<<<<<<<<<<<<<<<<
 TITLE> *
  
 CHARMM>     
  
 CHARMM>    open read card unit 20 name toppar/par_all36_carb.prm
 OPNLGU> Unit already open. The old file will be closed first.
 VCLOSE: Closing unit   20 with status "KEEP"
 VOPEN> Attempting to open::toppar/par_all36_carb.prm::
 OPNLGU> Unit 20 opened for READONLY access to /home/charmm-gui/data/www/1459129914/toppar/par_all36_carb.prm
  
 CHARMM>    read para card unit 20 append flex

          PARAMETER FILE BEING READ FROM UNIT 20
 TITLE> * $ID: PAR_ALLXX_SUGAR.INP,V 1.132 2014/08/19 19:03:21 ALEX EXP $
 TITLE> *>>>>>>>>>>>> ALL-HYDROGEN PARAMETERS USED IN THE <<<<<<<<<<<<<<<<
 TITLE> *>>>>> DEVELOPMENT OF THE CHARMM CARBOHYDRATE  FORCE FIELD<<<<<<<<
 TITLE> *>>>>>>>>>>>>>>>>>>>>>>>>> JUNE 2009 <<<<<<<<<<<<<<<<<<<<<<<<<<<<<
 TITLE> *>>>>>>>> DIRECT COMMENTS TO ALEXANDER D. MACKERELL JR. <<<<<<<<<<
 TITLE> *>>>>>>>>>> VIA THE CHARMM WEB SITE: WWW.CHARMM.ORG <<<<<<<<<<<<<<
 TITLE> *>>>>>>>>>>>>>>> PARAMETER SET DISCUSSION FORUM <<<<<<<<<<<<<<<<<<
 TITLE> *
 PARMIO> NONBOND, HBOND lists and IMAGE atoms cleared.
  
 CHARMM>     
  
 CHARMM>    ! lipids
 CHARMM>    open read card unit 10 name toppar/top_all36_lipid.rtf
 OPNLGU> Unit already open. The old file will be closed first.
 VCLOSE: Closing unit   10 with status "KEEP"
 VOPEN> Attempting to open::toppar/top_all36_lipid.rtf::
 OPNLGU> Unit 10 opened for READONLY access to /home/charmm-gui/data/www/1459129914/toppar/top_all36_lipid.rtf
  
 CHARMM>    read  rtf card unit 10 append
 MAINIO> Residue topology file being read from unit  10.
 TITLE> *  \\\\\\\ CHARMM36 ALL-HYDROGEN LIPID TOPOLOGY FILE ///////
 TITLE> *  ALL COMMENTS AND QUESTIONS SHOULD BE SUBMITTED TO THE
 TITLE> *  PARAMETER FORUM AT THE CHARMM WEBSITE: WWW.CHARMM.ORG
 TITLE> *
  
 CHARMM>     
  
 CHARMM>    open read card unit 20 name toppar/par_all36_lipid.prm
 OPNLGU> Unit already open. The old file will be closed first.
 VCLOSE: Closing unit   20 with status "KEEP"
 VOPEN> Attempting to open::toppar/par_all36_lipid.prm::
 OPNLGU> Unit 20 opened for READONLY access to /home/charmm-gui/data/www/1459129914/toppar/par_all36_lipid.prm
  
 CHARMM>    read para card unit 20 append flex

          PARAMETER FILE BEING READ FROM UNIT 20
 TITLE> *  \\\\\\\ CHARMM36 ALL-HYDROGEN LIPID PARAMETER FILE ///////
 TITLE> *  ALL COMMENTS AND QUESTIONS SHOULD BE SUBMITTED TO THE
 TITLE> *  PARAMETER FORUM AT THE CHARMM WEBSITE: WWW.CHARMM.ORG
 TITLE> *
 PARMIO> NONBOND, HBOND lists and IMAGE atoms cleared.
  
 CHARMM>     
  
 CHARMM>    ! CGENFF
 CHARMM>    open read card unit 10 name toppar/top_all36_cgenff.rtf
 OPNLGU> Unit already open. The old file will be closed first.
 VCLOSE: Closing unit   10 with status "KEEP"
 VOPEN> Attempting to open::toppar/top_all36_cgenff.rtf::
 OPNLGU> Unit 10 opened for READONLY access to /home/charmm-gui/data/www/1459129914/toppar/top_all36_cgenff.rtf
  
 CHARMM>    read  rtf card unit 10 append
 MAINIO> Residue topology file being read from unit  10.
 TITLE> *  --------------------------------------------------------------------------  *
 TITLE> *          CGENFF: TOPOLOGY FOR THE CHARMM GENERAL FORCE FIELD V. 3.1          *
 TITLE> *                    FOR SMALL MOLECULE DRUG DESIGN                            *
 TITLE> *  --------------------------------------------------------------------------  *
 TITLE> *
  
 CHARMM>     
  
 CHARMM>    open read card unit 20 name toppar/par_all36_cgenff.prm
 OPNLGU> Unit already open. The old file will be closed first.
 VCLOSE: Closing unit   20 with status "KEEP"
 VOPEN> Attempting to open::toppar/par_all36_cgenff.prm::
 OPNLGU> Unit 20 opened for READONLY access to /home/charmm-gui/data/www/1459129914/toppar/par_all36_cgenff.prm
  
 CHARMM>    read para card unit 20 append flex

          PARAMETER FILE BEING READ FROM UNIT 20
 TITLE> *  --------------------------------------------------------------------------  *
 TITLE> *         CGENFF: PARAMETERS FOR THE CHARMM GENERAL FORCE FIELD V. 3.1         *
 TITLE> *                    FOR SMALL MOLECULE DRUG DESIGN                            *
 TITLE> *  --------------------------------------------------------------------------  *
 TITLE> *
 PARMIO> NONBOND, HBOND lists and IMAGE atoms cleared.
  
 CHARMM>     
  
 CHARMM>    ! Engineered residues
 CHARMM>    stream toppar/toppar_all36_prot_retinol.str
 VOPEN> Attempting to open::toppar/toppar_all36_prot_retinol.str::
 OPNLGU> Unit 98 opened for READONLY access to /home/charmm-gui/data/www/1459129914/toppar/toppar_all36_prot_retinol.str

                    INPUT STREAM SWITCHING TO UNIT    98
 RDTITL> * TOPPAR STREAM FILE FOR RETINOL AND RETINAL PARAMETERS
 RDTITL> * A. LOCCISANO, A.M.W., J. EVANSECK AND A.D. MACKERELL, JR.
 RDTITL> * APRIL, 2005
 RDTITL> *
 Parameter: IN1 <- "" <empty>
  
 CHARMM>     
  
 CHARMM>    !use with c36 protein force fields
 CHARMM>    !top_all36_prot.rtf
 CHARMM>    !par_all36_prot.prm
 CHARMM>     
  
 CHARMM>    read rtf card append
 MAINIO> Residue topology file being read from unit  98.
 RDTITL> * RETINAL/RETINOL AND RELATED MODEL COMPOUNDS
 RDTITL> *
*** WARNING **** residue BTE2 already exists (old one deleted)
          RESI BTE2       0.00
*** WARNING **** residue 13DB already exists (old one deleted)
          RESI 13DB       0.00
*** WARNING **** residue 13DP already exists (old one deleted)
          RESI 13DP       0.00
*** WARNING **** residue DMB1 already exists (old one deleted)
          RESI DMB1       0.00
*** WARNING **** residue DMP1 already exists (old one deleted)
          RESI DMP1       0.00
*** WARNING **** residue DMP2 already exists (old one deleted)
          RESI DMP2       0.00
*** WARNING **** residue CROT already exists (old one deleted)
          RESI CROT       0.00
*** WARNING **** residue PACP already exists (old one deleted)
          RESI PACP       0.00
*** WARNING **** residue MECH already exists (old one deleted)
          RESI MECH       0.00
*** WARNING **** residue TMCH already exists (old one deleted)
          RESI TMCH       0.00
*** WARNING **** residue FRET already exists (old one deleted)
          RESI FRET       0.00
*** WARNING **** residue RTOL already exists (old one deleted)
          RESI RTOL       0.00
*** WARNING **** residue RTAL already exists (old one deleted)
          RESI RTAL       0.00
*** WARNING **** residue RTAC already exists (old one deleted)
          RESI RTAC      -1.00
*** WARNING **** residue PRAC already exists (old one deleted)
          RESI PRAC      -1.00
*** WARNING **** residue PROL already exists (old one deleted)
          RESI PROL       0.00
*** WARNING **** residue PRAL already exists (old one deleted)
          RESI PRAL       0.00
*** WARNING **** residue SCH1 already exists (old one deleted)
          RESI SCH1       0.00
*** WARNING **** residue SCH2 already exists (old one deleted)
          RESI SCH2       1.00
*** WARNING **** residue SCH3 already exists (old one deleted)
          RESI SCH3       1.00
 There were  20 warning(s) from RTFRDR.
  
 CHARMM>     
  
 CHARMM>    read para card flex append

          PARAMETER FILE BEING READ FROM UNIT 98
 RDTITL> * RETINAL/RETINOL AND RELATED PARAMETERS
 RDTITL> *
 PARMIO> NONBOND, HBOND lists and IMAGE atoms cleared.
  
 CHARMM>     
  
 VCLOSE: Closing unit   98 with status "KEEP"

                    RETURNING TO INPUT STREAM    99
  
 CHARMM>     
  
 CHARMM>    ! glycopeptide
 CHARMM>    stream toppar/toppar_all36_carb_glycopeptide.str
 VOPEN> Attempting to open::toppar/toppar_all36_carb_glycopeptide.str::
 OPNLGU> Unit 98 opened for READONLY access to /home/charmm-gui/data/www/1459129914/toppar/toppar_all36_carb_glycopeptide.str

                    INPUT STREAM SWITCHING TO UNIT    98
 RDTITL> READ RTF CARD APPEND
 RDTITL> No title read.
 Parameter: IN1 <- "" <empty>
  
 CHARMM>    read rtf card append
 MAINIO> Residue topology file being read from unit  98.
 RDTITL> * TOPOLOGY FOR GLYCOPEPTIDE LINKAGES
 RDTITL> *
  
 CHARMM>     
  
 CHARMM>    read param card flex append

          PARAMETER FILE BEING READ FROM UNIT 98
 RDTITL> *    NEW PARAMETES
 RDTITL> *
 PARMIO> NONBOND, HBOND lists and IMAGE atoms cleared.
  
 CHARMM>     
  
 CHARMM>     
  
 CHARMM>    RETURN
 VCLOSE: Closing unit   98 with status "KEEP"

                    RETURNING TO INPUT STREAM    99
  
 CHARMM>     
  
 CHARMM>    ! Read additional topology and parameter file for phosphorylation
 CHARMM>    stream toppar/toppar_all36_prot_fluoro_alkanes.str
 VOPEN> Attempting to open::toppar/toppar_all36_prot_fluoro_alkanes.str::
 OPNLGU> Unit 98 opened for READONLY access to /home/charmm-gui/data/www/1459129914/toppar/toppar_all36_prot_fluoro_alkanes.str

                    INPUT STREAM SWITCHING TO UNIT    98
 RDTITL> * TOPOLOGY AND PARAMETERS FOR FLUORINATED ALKANES.
 RDTITL> *
 Parameter: IN1 <- "" <empty>
  
 CHARMM>     
  
 CHARMM>    !Parent files that have to be read prior to streaming this file
 CHARMM>    !top_all36_prot.rtf
 CHARMM>    !par_all36_prot.prm
 CHARMM>     
  
 CHARMM>    !Testcase
 CHARMM>    !test_all36_prot_fluoro_alkanes.inp
 CHARMM>     
  
 CHARMM>    !Reference
 CHARMM>    !Chen, I.-J., Yin, D. and MacKerell, Jr., A.D., "Combined Ab
 CHARMM>    !initio/Empirical Approach for Optimization of Lennard-Jones Parameters
 CHARMM>    !for Polar-Neutral Compounds," Journal of Computational Chemistry,
 CHARMM>    !2002, 23:199-213.
 CHARMM>    !
 CHARMM>    !Note that these parameters are higly optimized to reproduce the
 CHARMM>    !corresponding condensed phase properties and have not been incorporated
 CHARMM>    !into the CHARMM22 or CHARMM27 biomolecular force fields
 CHARMM>     
  
 CHARMM>    read rtf card append
 MAINIO> Residue topology file being read from unit  98.
 RDTITL> * TOPOLOGY FOR FLUOROALKANES
 RDTITL> *
*** WARNING **** residue ETHA already exists (old one deleted)
          RESI ETHA  0.0
*** WARNING **** residue FETH already exists (old one deleted)
          RESI FETH  0.0
*** WARNING **** residue DFET already exists (old one deleted)
          RESI DFET 0.0
*** WARNING **** residue TFET already exists (old one deleted)
          RESI TFET  0.0
*** WARNING **** residue TFE  already exists (old one deleted)
          RESI TFE   0.0
 There were   5 warning(s) from RTFRDR.
  
 CHARMM>     
  
 CHARMM>    read para card flex append

          PARAMETER FILE BEING READ FROM UNIT 98
 RDTITL> * FLUOROALKANE PARAMETERS
 RDTITL> *
 PARMIO> NONBOND, HBOND lists and IMAGE atoms cleared.
  
 CHARMM>     
  
 CHARMM>    return
 VCLOSE: Closing unit   98 with status "KEEP"

                    RETURNING TO INPUT STREAM    99
  
 CHARMM>    stream toppar/toppar_all36_prot_na_combined.str
 VOPEN> Attempting to open::toppar/toppar_all36_prot_na_combined.str::
 OPNLGU> Unit 98 opened for READONLY access to /home/charmm-gui/data/www/1459129914/toppar/toppar_all36_prot_na_combined.str

                    INPUT STREAM SWITCHING TO UNIT    98
 RDTITL> * TOPOLOGY AND PARAMETER STREAM FILE FOR PATCHES TO CREATE
 RDTITL> * MODEL COMPOUNDS AND PATCHES THAT REQUIRE BOTH PROTEIN AND
 RDTITL> * NUCLEIC ACID TOPOLOGY AND PARAMETER INFORMATION
 RDTITL> *
 Parameter: IN1 <- "" <empty>
  
 CHARMM>     
  
 CHARMM>    !Parent files that have to be read prior to streaming this file
 CHARMM>    !top_all36_prot.rtf
 CHARMM>    !par_all36_prot.prm
 CHARMM>    !top_all36_na.rtf
 CHARMM>    !par_all36_na.prm
 CHARMM>    !stream/toppar_all36_prot_fluoro_alkanes.str ! atom types an parameters for fluorinated compounds
 CHARMM>     
  
 CHARMM>    !Testcase
 CHARMM>    !test_all36_prot_na_combined.inp
 CHARMM>     
  
 CHARMM>    !all patches must be followed by AUTOGENERATE ANGLES DIHEDRALS
 CHARMM>     
  
 CHARMM>    !PHOSPHOTYROSINE
 CHARMM>    !
 CHARMM>    !Feng, M.-H., Philippopoulos, M., MacKerell, Jr., A.D. and Lim, C.
 CHARMM>    !Structural Characterization of the Phosphotyrosine Binding Region of a
 CHARMM>    !High-Affinity aSH2 Domain-Phosphopeptide Complex by Molecular Dynamics
 CHARMM>    !Simulation and Chemical Shift Calculations. Journal of the American
 CHARMM>    !Chemical Society, 1996, 118: 11265-11277.
 CHARMM>     
  
 CHARMM>    read rtf card append
 MAINIO> Residue topology file being read from unit  98.
 RDTITL> * TOPOLOGY FOR PHOSPHORYLATED AMINO ACIDS
 RDTITL> *
*** WARNING **** residue THFI already exists (old one deleted)
          RESI THFI       0.00
*** WARNING **** residue THMI already exists (old one deleted)
          RESI THMI       0.00
*** WARNING **** residue THFA already exists (old one deleted)
          RESI THFA        0.00
*** WARNING **** residue THAO already exists (old one deleted)
          RESI THAO         0.00
*** WARNING **** residue RNUS already exists (old one deleted)
          RESI RNUS         0.00
*** WARNING **** residue NUCL already exists (old one deleted)
          RESI NUCL        -1.00
*** WARNING **** residue PPH1 already exists (old one deleted)
          RESI PPH1      -1.00
*** WARNING **** residue BMPH already exists (old one deleted)
          RESI BMPH      -1.00
*** WARNING **** residue BMPD already exists (old one deleted)
          RESI BMPD      -2.00
*** WARNING **** residue BDFP already exists (old one deleted)
          RESI BDFP      -1.00
*** WARNING **** residue BDFD already exists (old one deleted)
          RESI BDFD -2.00
*** WARNING **** residue EP_2 already exists (old one deleted)
          RESI EP_2        -2.00
*** WARNING **** residue IP_2 already exists (old one deleted)
          RESI IP_2        -2.00
 There were  13 warning(s) from RTFRDR.
  
 CHARMM>     
  
 CHARMM>    read para card flex append

          PARAMETER FILE BEING READ FROM UNIT 98
 RDTITL> * ADDITIONAL PARAMETERS FOR PHOSPHORYLATED AMINO ACIDS
 RDTITL> *
 PARMIO> NONBOND, HBOND lists and IMAGE atoms cleared.
  
 VCLOSE: Closing unit   98 with status "KEEP"

                    RETURNING TO INPUT STREAM    99
  
 CHARMM>     
  
 CHARMM>    ! Extra Lipids
 CHARMM>    stream toppar/toppar_all36_lipid_bacterial.str
 VOPEN> Attempting to open::toppar/toppar_all36_lipid_bacterial.str::
 OPNLGU> Unit 98 opened for READONLY access to /home/charmm-gui/data/www/1459129914/toppar/toppar_all36_lipid_bacterial.str

                    INPUT STREAM SWITCHING TO UNIT    98
 RDTITL> * TOPPAR STREAM FILE FOR BRANCHED AND CYCLIC CHAINED LIPIDS.  FOLLOWING READING OF
 RDTITL> * TOP_ALL36_LIPID.RTF
 RDTITL> * AND
 RDTITL> * PAR_ALL36_LIPID.RTF
 RDTITL> *
 Parameter: IN1 <- "" <empty>
  
 CHARMM>     
  
 CHARMM>    ! REFERENCES
 CHARMM>    !
 CHARMM>    ! Branched Lipids
 CHARMM>    !
 CHARMM>    ! Lim, J.B. & Klauda, J.B. Branching at the Iso- and Anteiso- Positions in Complex Chlamydia
 CHARMM>    ! Membranes: A Molecular Dynamics Study. Biochimica et Biophysica Acta (BBA) - Biomembranes
 CHARMM>    ! 1808:323-331 (2011).
 CHARMM>    !
 CHARMM>    ! Cyclic-replacement of double bond
 CHARMM>    !
 CHARMM>    ! Pandit, K.R. & Klauda, J.B. Membrane models of E. coli containing cyclic moieties in
 CHARMM>    ! the aliphatic lipid chain. Biochimica et Biophysica Acta (BBA) - Biomembranes
 CHARMM>    ! 1818:1205-1210 (2012).
 CHARMM>    !
 CHARMM>     
  
 CHARMM>    set nat ?NATC
 RDCMND substituted energy or value "?NATC" to "485"
 Parameter: NAT <- "485"
  
 CHARMM>    set app
 Parameter: APP <- "" <empty>
  
 CHARMM>    !We're exploiting what is arguably a bug in the parser. On the left hand side,
 CHARMM>    !the quotes have proirity, so NAT is correctly substituted. On the right hand
 CHARMM>    !side, the ? has priority and NATC" (sic) is not a valid substitution...
 CHARMM>    if "@NAT" ne "?NATC" if @nat ne 0 set app append
 Parameter: NAT -> "485"
 Parameter: NAT -> "485"
 RDCMND: can not substitute energy "?NATC""
 Comparing ""485"" and ""?NATC"".
 IF test evaluated as true.  Performing command
 Comparing "485" and "0".
 IF test evaluated as true.  Performing command
 Parameter: APP <- "APPEND"
  
 CHARMM>     
  
 CHARMM>    read rtf card @app
 Parameter: APP -> "APPEND"
 MAINIO> Residue topology file being read from unit  98.
 RDTITL> * CHOLESTEROL RESIDUES
 RDTITL> *
  
 CHARMM>     
  
 CHARMM>    read para card flex @app
 Parameter: APP -> "APPEND"

          PARAMETER FILE BEING READ FROM UNIT 98
 RDTITL> * NEW PARAMETERS
 RDTITL> *
 PARMIO> NONBOND, HBOND lists and IMAGE atoms cleared.
  
 CHARMM>     
  
 CHARMM>    return
 VCLOSE: Closing unit   98 with status "KEEP"

                    RETURNING TO INPUT STREAM    99
  
 CHARMM>    stream toppar/toppar_all36_lipid_miscellaneous.str
 VOPEN> Attempting to open::toppar/toppar_all36_lipid_miscellaneous.str::
 OPNLGU> Unit 98 opened for READONLY access to /home/charmm-gui/data/www/1459129914/toppar/toppar_all36_lipid_miscellaneous.str

                    INPUT STREAM SWITCHING TO UNIT    98
 RDTITL> READ RTF CARD APPEND FLEX
 RDTITL> No title read.
 Parameter: IN1 <- "" <empty>
  
 CHARMM>    read rtf card append flex
 MAINIO> Residue topology file being read from unit  98.
 RDTITL> * TOPOLOGY FOR MISCELLANEOUS LIPIDS
 RDTITL> *
  
 CHARMM>     
  
 CHARMM>    return
 VCLOSE: Closing unit   98 with status "KEEP"

                    RETURNING TO INPUT STREAM    99
  
 CHARMM>    stream toppar/toppar_all36_lipid_cholesterol.str
 VOPEN> Attempting to open::toppar/toppar_all36_lipid_cholesterol.str::
 OPNLGU> Unit 98 opened for READONLY access to /home/charmm-gui/data/www/1459129914/toppar/toppar_all36_lipid_cholesterol.str

                    INPUT STREAM SWITCHING TO UNIT    98
 RDTITL> * TOPPAR STREAM FILE FOR CHOLESTEROL.  STREAM FOLLOWING READING OF
 RDTITL> * TOP_ALL36_LIPID.RTF
 RDTITL> * PAR_ALL36_LIPID.RTF
 RDTITL> * TOP_ALL36_CGENFF.RTF
 RDTITL> * AND PAR_ALL36_CGENFF.PRM
 RDTITL> *
 Parameter: IN1 <- "" <empty>
  
 CHARMM>     
  
 CHARMM>    !topology and parameters are included for two cholesterol models. the
 CHARMM>    !model may be selected by setting variable chol_model to 1 or 2, as
 CHARMM>    !specified below
 CHARMM>    !
 CHARMM>     
  
 CHARMM>    set chol_model 1 !2 for original Suits et al. model
 Parameter: CHOL_MODEL <- "1"
  
 CHARMM>     
  
 CHARMM>    !
 CHARMM>    !1) Revised model of Lim et al.  This contains a number of NBFIXes that
 CHARMM>    !makes it unsuitable for ANTON (set chol_model 1)
 CHARMM>    !
 CHARMM>    !2) Original model of Suits et al., which is used on ANTON as well as
 CHARMM>    !being suitable for other systems (set chol_model 2 (or anything but 1....))
 CHARMM>    !
 CHARMM>    !references
 CHARMM>    !
 CHARMM>    !Lim, J.B., Rogaski, B. and Klauda, J.B.. "Update of the Cholesterol Force Field
 CHARMM>    !Parameters in CHARMM" 116: 203-210 (2012).
 CHARMM>    !
 CHARMM>    !Suits, F., Pitman, M., MacKerell, A.D., Jr., Feller, S.E. "Molecular Level
 CHARMM>    !Organization of Saturated and Polyunsaturated Fatty Acids in a
 CHARMM>    !Phosphatidylcholine Bilayer Containing Cholesterol" Biochemistry,
 CHARMM>    !43(49):15318-28, 2004
 CHARMM>    !
 CHARMM>     
  
 CHARMM>    !test "append"
 CHARMM>    set nat ?NATC
 RDCMND substituted energy or value "?NATC" to "485"
 Parameter: NAT <- "485"
  
 CHARMM>    set app
 Parameter: APP <- "" <empty>
  
 CHARMM>    !We're exploiting what is arguably a bug in the parser. On the left hand side,
 CHARMM>    !the quotes have priority, so NAT is correctly substituted. On the right hand
 CHARMM>    !side, the ? has priority and NATC" (sic) is not a valid substitution...
 CHARMM>    if "@NAT" ne "?NATC" if @nat ne 0 set app append
 Parameter: NAT -> "485"
 Parameter: NAT -> "485"
 RDCMND: can not substitute energy "?NATC""
 Comparing ""485"" and ""?NATC"".
 IF test evaluated as true.  Performing command
 Comparing "485" and "0".
 IF test evaluated as true.  Performing command
 Parameter: APP <- "APPEND"
  
 CHARMM>     
  
 CHARMM>    if chol_model eq 1 then
 Comparing "1" and "1".
 IF test evaluated as true.  Performing command
  
 CHARMM>     
  
 CHARMM>    ! reference
 CHARMM>    ! Lim, J.B., Rogaski, B. and Klauda, J.B.. "Update of the Cholesterol Force Field
 CHARMM>    ! Parameters in CHARMM" 116: 203-210 (2012).
 CHARMM>    !
 CHARMM>     
  
 CHARMM>    read rtf card @app
 Parameter: APP -> "APPEND"
 MAINIO> Residue topology file being read from unit  98.
 RDTITL> * TOPOLOGY FOR CHOLESTEROL
 RDTITL> *
  
 CHARMM>     
  
 CHARMM>    read param card flex @app
 Parameter: APP -> "APPEND"

          PARAMETER FILE BEING READ FROM UNIT 98
 RDTITL> * CHOLESTEROL PARAMETERS
 RDTITL> *
 PARMIO> NONBOND, HBOND lists and IMAGE atoms cleared.
  
 CHARMM>     
  
 CHARMM>    return
 VCLOSE: Closing unit   98 with status "KEEP"

                    RETURNING TO INPUT STREAM    99
  
 CHARMM>    stream toppar/toppar_all36_lipid_yeast.str
 VOPEN> Attempting to open::toppar/toppar_all36_lipid_yeast.str::
 OPNLGU> Unit 98 opened for READONLY access to /home/charmm-gui/data/www/1459129914/toppar/toppar_all36_lipid_yeast.str

                    INPUT STREAM SWITCHING TO UNIT    98
 RDTITL> * TOPPAR STREAM FILE FOR BRANCHED AND CYCLIC CHAINED LIPIDS.  FOLLOWING READING OF
 RDTITL> * TOP_ALL36_LIPID.RTF
 RDTITL> * AND
 RDTITL> * PAR_ALL36_LIPID.RTF
 RDTITL> *
 Parameter: IN1 <- "" <empty>
  
 CHARMM>     
  
 CHARMM>    set nat ?NATC
 RDCMND substituted energy or value "?NATC" to "485"
 Parameter: NAT <- "485"
  
 CHARMM>    set app
 Parameter: APP <- "" <empty>
  
 CHARMM>    !We're exploiting what is arguably a bug in the parser. On the left hand side,
 CHARMM>    !the quotes have proirity, so NAT is correctly substituted. On the right hand
 CHARMM>    !side, the ? has priority and NATC" (sic) is not a valid substitution...
 CHARMM>    if "@NAT" ne "?NATC" if @nat ne 0 set app append
 Parameter: NAT -> "485"
 Parameter: NAT -> "485"
 RDCMND: can not substitute energy "?NATC""
 Comparing ""485"" and ""?NATC"".
 IF test evaluated as true.  Performing command
 Comparing "485" and "0".
 IF test evaluated as true.  Performing command
 Parameter: APP <- "APPEND"
  
 CHARMM>     
  
 CHARMM>    read rtf card @app
 Parameter: APP -> "APPEND"
 MAINIO> Residue topology file being read from unit  98.
 RDTITL> * CHOLESTEROL RESIDUES
 RDTITL> *
  
 CHARMM>     
  
 CHARMM>    read para card flex @app
 Parameter: APP -> "APPEND"

          PARAMETER FILE BEING READ FROM UNIT 98
 RDTITL> * NEW PARAMETERS
 RDTITL> *
 PARMIO> NONBOND, HBOND lists and IMAGE atoms cleared.
  
 CHARMM>     
  
 CHARMM>    return
 VCLOSE: Closing unit   98 with status "KEEP"

                    RETURNING TO INPUT STREAM    99
  
 CHARMM>    stream toppar/toppar_all36_lipid_sphingo.str
 VOPEN> Attempting to open::toppar/toppar_all36_lipid_sphingo.str::
 OPNLGU> Unit 98 opened for READONLY access to /home/charmm-gui/data/www/1459129914/toppar/toppar_all36_lipid_sphingo.str

                    INPUT STREAM SWITCHING TO UNIT    98
 RDTITL> * TOPPAR STREAM FOR CERAMIDES AND SPINGOMYELINS; REQUIRES FLEX FORMAT FILES
 RDTITL> * TOP_ALL36_LIPID.RTF AND PAR_ALL36_LIPID.PRM
 RDTITL> *
 Parameter: IN1 <- "" <empty>
  
 CHARMM>     
  
 CHARMM>    ! REFERENCES
 CHARMM>    !
 CHARMM>    ! PSM and SSM Lipids
 CHARMM>    !
 CHARMM>    ! Venable, R.M., B. Rogaski, H. Rui, A.D. MacKerell, Jr., R.W. Pastor, & J.B. Klauda.
 CHARMM>    ! An Experimentally Validated All-atom Force Field for Sphingomyelin. In prep. (2013).
 CHARMM>    !
 CHARMM>    ! Ceramide
 CHARMM>    !
 CHARMM>    ! Submited by Sam Tonddast-Navaei of U. Cincinnati. Advised by Russell Devane
 CHARMM>    !
 CHARMM>     
  
 CHARMM>    set nat ?NATC
 RDCMND substituted energy or value "?NATC" to "485"
 Parameter: NAT <- "485"
  
 CHARMM>    set app
 Parameter: APP <- "" <empty>
  
 CHARMM>    !We're exploiting what is arguably a bug in the parser. On the left hand side,
 CHARMM>    !the quotes have proirity, so NAT is correctly substituted. On the right hand
 CHARMM>    !side, the ? has priority and NATC" (sic) is not a valid substitution...
 CHARMM>    if "@NAT" ne "?NATC" if @nat ne 0 set app append
 Parameter: NAT -> "485"
 Parameter: NAT -> "485"
 RDCMND: can not substitute energy "?NATC""
 Comparing ""485"" and ""?NATC"".
 IF test evaluated as true.  Performing command
 Comparing "485" and "0".
 IF test evaluated as true.  Performing command
 Parameter: APP <- "APPEND"
  
 CHARMM>     
  
 CHARMM>    read rtf card @app
 Parameter: APP -> "APPEND"
 MAINIO> Residue topology file being read from unit  98.
 RDTITL> * CER/SM RESIDUES
 RDTITL> *
  
 CHARMM>     
  
 CHARMM>    read para card flex @app
 Parameter: APP -> "APPEND"

          PARAMETER FILE BEING READ FROM UNIT 98
 RDTITL> * NEW PARAMETERS
 RDTITL> *
 PARMIO> NONBOND, HBOND lists and IMAGE atoms cleared.
  
 CHARMM>     
  
 CHARMM>    return
 VCLOSE: Closing unit   98 with status "KEEP"

                    RETURNING TO INPUT STREAM    99
  
 CHARMM>    stream toppar/toppar_all36_lipid_glycolipid.str
 VOPEN> Attempting to open::toppar/toppar_all36_lipid_glycolipid.str::
 OPNLGU> Unit 98 opened for READONLY access to /home/charmm-gui/data/www/1459129914/toppar/toppar_all36_lipid_glycolipid.str

                    INPUT STREAM SWITCHING TO UNIT    98
 RDTITL> READ RTF CARD APPEND
 RDTITL> No title read.
 Parameter: IN1 <- "" <empty>
  
 CHARMM>    read rtf card append
 MAINIO> Residue topology file being read from unit  98.
 RDTITL> * TOPOLOGY FOR INOSITOL-BASED LIPIDS
 RDTITL> *
  
 CHARMM>     
  
 CHARMM>     
  
 CHARMM>    read param card flex append

          PARAMETER FILE BEING READ FROM UNIT 98
 RDTITL> * PIP RELATED PARAMETERS
 RDTITL> *
 PARMIO> NONBOND, HBOND lists and IMAGE atoms cleared.
  
 CHARMM>     
  
 CHARMM>    RETURN
 VCLOSE: Closing unit   98 with status "KEEP"

                    RETURNING TO INPUT STREAM    99
  
 CHARMM>    stream toppar/toppar_all36_lipid_inositol.str
 VOPEN> Attempting to open::toppar/toppar_all36_lipid_inositol.str::
 OPNLGU> Unit 98 opened for READONLY access to /home/charmm-gui/data/www/1459129914/toppar/toppar_all36_lipid_inositol.str

                    INPUT STREAM SWITCHING TO UNIT    98
 RDTITL> READ RTF CARD APPEND
 RDTITL> No title read.
 Parameter: IN1 <- "" <empty>
  
 CHARMM>    read rtf card append
 MAINIO> Residue topology file being read from unit  98.
 RDTITL> * TOPOLOGY FOR INOSITOL-BASED LIPIDS
 RDTITL> *
  
 CHARMM>     
  
 CHARMM>    read param card flex append

          PARAMETER FILE BEING READ FROM UNIT 98
 RDTITL> * PIP RELATED PARAMETERS
 RDTITL> *
 PARMIO> NONBOND, HBOND lists and IMAGE atoms cleared.
  
 CHARMM>     
  
 CHARMM>    RETURN
 VCLOSE: Closing unit   98 with status "KEEP"

                    RETURNING TO INPUT STREAM    99
  
 CHARMM>    stream toppar/toppar_all36_lipid_cardiolipin.str
 VOPEN> Attempting to open::toppar/toppar_all36_lipid_cardiolipin.str::
 OPNLGU> Unit 98 opened for READONLY access to /home/charmm-gui/data/www/1459129914/toppar/toppar_all36_lipid_cardiolipin.str

                    INPUT STREAM SWITCHING TO UNIT    98
 RDTITL> READ RTF CARD APPEND FLEX
 RDTITL> No title read.
 Parameter: IN1 <- "" <empty>
  
 CHARMM>    read rtf card append flex
 MAINIO> Residue topology file being read from unit  98.
 RDTITL>  
 RDTITL> No title read.
 WARNING from DECODI -- Zero length string being converted to 0
 RTFRDR> WARNING: Version number is NOT specified.
  
 CHARMM>     
  
 CHARMM>    return
 VCLOSE: Closing unit   98 with status "KEEP"

                    RETURNING TO INPUT STREAM    99
  
 CHARMM>    stream toppar/toppar_all36_lipid_llo.str
 VOPEN> Attempting to open::toppar/toppar_all36_lipid_llo.str::
 OPNLGU> Unit 98 opened for READONLY access to /home/charmm-gui/data/www/1459129914/toppar/toppar_all36_lipid_llo.str

                    INPUT STREAM SWITCHING TO UNIT    98
 RDTITL> * TOPOLOGY AND PARAMETERS FOR LIPID TAIL LINKERS TO CYSTEINE AND GLYCINE,
 RDTITL> * FOR EXAMPLE, PALMITOYLATION, MARISTOYLATION, FERNASYLATION, GERANYLATION
 RDTITL> *
 Parameter: IN1 <- "" <empty>
  
 CHARMM>     
  
 CHARMM>    read rtf card append
 MAINIO> Residue topology file being read from unit  98.
 RDTITL> * TOPOLOGY FOR LLO RELATED COMPOUNDS
 RDTITL> *
  
 CHARMM>     
  
 CHARMM>    read param card flex append

          PARAMETER FILE BEING READ FROM UNIT 98
 RDTITL> * LLO RELATED PARAMETERS
 RDTITL> *
 PARMIO> NONBOND, HBOND lists and IMAGE atoms cleared.
  
 CHARMM>     
  
 CHARMM>    RETURN
 VCLOSE: Closing unit   98 with status "KEEP"

                    RETURNING TO INPUT STREAM    99
  
 CHARMM>    stream toppar/toppar_all36_lipid_fattyacid.str
 VOPEN> Attempting to open::toppar/toppar_all36_lipid_fattyacid.str::
 OPNLGU> Unit 98 opened for READONLY access to /home/charmm-gui/data/www/1459129914/toppar/toppar_all36_lipid_fattyacid.str

                    INPUT STREAM SWITCHING TO UNIT    98
 RDTITL> * TOPPAR STREAM FILE FOR FATTY ACIDS
 RDTITL>  
 Parameter: IN1 <- "" <empty>
  
 CHARMM>     
  
 CHARMM>    read rtf card append flex
 MAINIO> Residue topology file being read from unit  98.
 RDTITL> *  TOPOLOGY FOR FATTY ACID RELATED COMPOUNDS
 RDTITL> *
  
 CHARMM>     
  
 CHARMM>    return
 VCLOSE: Closing unit   98 with status "KEEP"

                    RETURNING TO INPUT STREAM    99
  
 CHARMM>    stream toppar/toppar_all36_lipid_detergent.str
 VOPEN> Attempting to open::toppar/toppar_all36_lipid_detergent.str::
 OPNLGU> Unit 98 opened for READONLY access to /home/charmm-gui/data/www/1459129914/toppar/toppar_all36_lipid_detergent.str

                    INPUT STREAM SWITCHING TO UNIT    98
 RDTITL> * TOPPAR STREAM FILE FOR DETERGENTS.  STREAM FOLLOWING READING OF
 RDTITL> * TOP_ALL36_LIPID.RTF
 RDTITL> * AND
 RDTITL> * PAR_ALL36_LIPID.RTF
 RDTITL> *
 Parameter: IN1 <- "" <empty>
  
 CHARMM>     
  
 CHARMM>    read rtf card append
 MAINIO> Residue topology file being read from unit  98.
 RDTITL> * DETERGENT RESIDUES
 RDTITL> *
  
 CHARMM>     
  
 CHARMM>    read para card append flex

          PARAMETER FILE BEING READ FROM UNIT 98
 RDTITL> * CYSTEIN-PALMITATE PARAMETERS
 RDTITL> *
 PARMIO> NONBOND, HBOND lists and IMAGE atoms cleared.
  
 CHARMM>     
  
 CHARMM>    return
 VCLOSE: Closing unit   98 with status "KEEP"

                    RETURNING TO INPUT STREAM    99
  
 CHARMM>     
  
 CHARMM>    ! Read additional topology and parameter file for water and ions
 CHARMM>    stream toppar/toppar_water_ions.str
 VOPEN> Attempting to open::toppar/toppar_water_ions.str::
 OPNLGU> Unit 98 opened for READONLY access to /home/charmm-gui/data/www/1459129914/toppar/toppar_water_ions.str

                    INPUT STREAM SWITCHING TO UNIT    98
 RDTITL> * TOPLOGY AND PARAMETER INFORMATION FOR WATER AND IONS.
 RDTITL> *
 Parameter: IN1 <- "" <empty>
  
 CHARMM>     
  
 CHARMM>    !Testcase
 CHARMM>    !test_water_ions.inp
 CHARMM>     
  
 CHARMM>    ! IMPORTANT NOTE: this file contains NBFixes between carboxylates and sodium,
 CHARMM>    ! which will only apply if the main files containing carboxylate atom types
 CHARMM>    ! have been read in first!
 CHARMM>     
  
 CHARMM>    !references
 CHARMM>    !
 CHARMM>    !TIP3P water model
 CHARMM>    !
 CHARMM>    !W.L. Jorgensen; J.Chandrasekhar; J.D. Madura; R.W. Impey;
 CHARMM>    !M.L. Klein; "Comparison of simple potential functions for
 CHARMM>    !simulating liquid water", J. Chem. Phys. 79 926-935 (1983).
 CHARMM>    !
 CHARMM>    !IONS
 CHARMM>    !
 CHARMM>    !Ions from Roux and coworkers
 CHARMM>    !
 CHARMM>    !Beglov, D. and Roux, B., Finite Representation of an Infinite
 CHARMM>    !Bulk System: Solvent Boundary Potential for Computer Simulations,
 CHARMM>    !Journal of Chemical Physics, 1994, 100: 9050-9063
 CHARMM>    !
 CHARMM>    !ZINC
 CHARMM>    !
 CHARMM>    !Stote, R.H. and Karplus, M. Zinc Binding in Proteins and
 CHARMM>    !Solution: A Simple but Accurate Nonbonded Representation, PROTEINS:
 CHARMM>    !Structure, Function, and Genetics 23:12-31 (1995)
 CHARMM>     
  
 CHARMM>    !test "append" to determine if previous toppar files have been read and
 CHARMM>    !add append to "read rtf card" if true
 CHARMM>    set nat ?NATC
 RDCMND substituted energy or value "?NATC" to "485"
 Parameter: NAT <- "485"
  
 CHARMM>    set app
 Parameter: APP <- "" <empty>
  
 CHARMM>    !We're exploiting what is arguably a bug in the parser. On the left hand side,
 CHARMM>    !the quotes have priority, so NAT is correctly substituted. On the right hand
 CHARMM>    !side, the ? has priority and NATC" (sic) is not a valid substitution...
 CHARMM>    if "@NAT" ne "?NATC" if @nat ne 0 set app append
 Parameter: NAT -> "485"
 Parameter: NAT -> "485"
 RDCMND: can not substitute energy "?NATC""
 Comparing ""485"" and ""?NATC"".
 IF test evaluated as true.  Performing command
 Comparing "485" and "0".
 IF test evaluated as true.  Performing command
 Parameter: APP <- "APPEND"
  
 CHARMM>     
  
 CHARMM>    read rtf card @app
 Parameter: APP -> "APPEND"
 MAINIO> Residue topology file being read from unit  98.
 RDTITL> * TOPOLOGY FOR WATER AND IONS
 RDTITL> *
  
 CHARMM>     
  
 CHARMM>    read para card flex @app
 Parameter: APP -> "APPEND"

          PARAMETER FILE BEING READ FROM UNIT 98
 RDTITL> * PARAMETERS FOR WATER AND IONS
 RDTITL> *
 PARMIO> NONBOND, HBOND lists and IMAGE atoms cleared.
  
 CHARMM>     
  
 CHARMM>    ! The following section contains NBFixes for sodium interacting with
 CHARMM>    ! carboxylate oxygens of various CHARMM force fields. It will generate
 CHARMM>    ! level -1 warnings whenever any of these force fields have not been
 CHARMM>    ! read prior to the current stream file. Since we don't want to force
 CHARMM>    ! the user to always read all the force fields, we're suppressing the
 CHARMM>    ! warnings. The only side effect is that you will have "most severe
 CHARMM>    ! warning was at level 0" at the end of your output. Also note that
 CHARMM>    ! the user is responsible for reading the current file last if they
 CHARMM>    ! want the NBFixes to apply. A more elegant solution would require new
 CHARMM>    ! features to be added to CHARMM.
 CHARMM>    ! parallel fix, to avoid duplicated messages in the log
 CHARMM>    set para
 Parameter: PARA <- "" <empty>
  
 CHARMM>    if ?NUMNODE gt 1 set para node 0
 RDCMND substituted energy or value "?NUMNODE" to "1"
 Comparing "1" and "1".
 IF test evaluated as false.  Skipping command
  
 CHARMM>     
  
 CHARMM>    set wrn ?WRNLEV
 RDCMND substituted energy or value "?WRNLEV" to "5"
 Parameter: WRN <- "5"
  
 CHARMM>    ! Some versions of CHARMM don't seem to initialize wrnlev...
 CHARMM>    if "@WRN" eq "?WRNLEV" set wrn 5
 Parameter: WRN -> "5"
 RDCMND: can not substitute energy "?WRNLEV""
 Comparing ""5"" and ""?WRNLEV"".
 IF test evaluated as false.  Skipping command
  
 CHARMM>    set bom ?bomlev
 RDCMND substituted energy or value "?BOMLEV" to "0"
 Parameter: BOM <- "0"
  
 CHARMM>    WRNLEV -1 @PARA
 Parameter: PARA -> "" <empty>
  
 CHARMM>    BOMLEV -1 @PARA
 Parameter: PARA -> "" <empty>
  
 CHARMM>    read para card flex append

          PARAMETER FILE BEING READ FROM UNIT 98
 RDTITL> * NBFIX BETWEEN CARBOXYLATE AND SODIUM
 RDTITL> *
 PARMIO> NONBOND, HBOND lists and IMAGE atoms cleared.
  
 CHARMM>    BOMLEV @bom @PARA
 Parameter: BOM -> "0"
 Parameter: PARA -> "" <empty>
  
 CHARMM>    WRNLEV @wrn @PARA
 Parameter: WRN -> "5"
 Parameter: PARA -> "" <empty>
  
 CHARMM>     
  
 CHARMM>    return
 VCLOSE: Closing unit   98 with status "KEEP"

                    RETURNING TO INPUT STREAM    99
  
 CHARMM>    stream toppar/toppar_dum_noble_gases.str
 VOPEN> Attempting to open::toppar/toppar_dum_noble_gases.str::
 OPNLGU> Unit 98 opened for READONLY access to /home/charmm-gui/data/www/1459129914/toppar/toppar_dum_noble_gases.str

                    INPUT STREAM SWITCHING TO UNIT    98
 RDTITL> * TOPLOGY AND PARAMETER INFORMATION FOR HELIUM, NEON AND A DUMMY ATOM.
 RDTITL> *
 Parameter: IN1 <- "" <empty>
  
 CHARMM>     
  
 CHARMM>    !Testcase
 CHARMM>    !test_dum_nobel_gases.inp
 CHARMM>     
  
 CHARMM>    !test "append" to determine if previous	toppar files have been read and
 CHARMM>    !add append to "read rtf card" if true
 CHARMM>    set nat ?NATC
 RDCMND substituted energy or value "?NATC" to "485"
 Parameter: NAT <- "485"
  
 CHARMM>    set app
 Parameter: APP <- "" <empty>
  
 CHARMM>    !We're exploiting what is arguably a bug in the parser. On the left hand side,
 CHARMM>    !the quotes have proirity, so NAT is correctly substituted. On the right hand
 CHARMM>    !side, the ? has priority and NATC" (sic) is not a valid substitution...
 CHARMM>    if "@NAT" ne "?NATC" if @nat ne 0 set app append
 Parameter: NAT -> "485"
 Parameter: NAT -> "485"
 RDCMND: can not substitute energy "?NATC""
 Comparing ""485"" and ""?NATC"".
 IF test evaluated as true.  Performing command
 Comparing "485" and "0".
 IF test evaluated as true.  Performing command
 Parameter: APP <- "APPEND"
  
 CHARMM>     
  
 CHARMM>    read rtf card @app
 Parameter: APP -> "APPEND"
 MAINIO> Residue topology file being read from unit  98.
 RDTITL> * TOPOLOGY FOR HELIUM, NEON AND A DUMMY ATOM.
 RDTITL> *
  
 CHARMM>     
  
 CHARMM>    read para card flex @app
 Parameter: APP -> "APPEND"

          PARAMETER FILE BEING READ FROM UNIT 98
 RDTITL> * PARAMETERS FOR HELIUM, NEON AND A DUMMY ATOM.
 RDTITL> *
 PARMIO> NONBOND, HBOND lists and IMAGE atoms cleared.
  
 CHARMM>     
  
 CHARMM>    return
 VCLOSE: Closing unit   98 with status "KEEP"

                    RETURNING TO INPUT STREAM    99
  
 CHARMM>     
  
 CHARMM>    ! Read additional topology and parameter
 CHARMM>    stream toppar/toppar_all36_na_nad_ppi.str
 VOPEN> Attempting to open::toppar/toppar_all36_na_nad_ppi.str::
 OPNLGU> Unit 98 opened for READONLY access to /home/charmm-gui/data/www/1459129914/toppar/toppar_all36_na_nad_ppi.str

                    INPUT STREAM SWITCHING TO UNIT    98
 RDTITL> * CHARMM36 ALL-HYDROGEN NUCLEIC ACID FORCE TOPPAR STREAM FILE
 RDTITL> * NAD+, NADH, ADP, ATP, PPI AND RELATED ANALOGS
 RDTITL> * A.D. MACKERELL, JR., JULY 2001
 RDTITL> * STREAM FOLLOWING RTF AND PARAM READ OF
 RDTITL> *
 Parameter: IN1 <- "" <empty>
  
 CHARMM>     
  
 CHARMM>    !Update, 2015/1, nomenclature for NAD+ etc. consistent with PDB
 CHARMM>     
  
 CHARMM>    !Parent files that have to be read prior to streaming this file
 CHARMM>    !top_all36_na.rtf
 CHARMM>    !par_all36_na.prm
 CHARMM>     
  
 CHARMM>    !Testcase
 CHARMM>    !test_all36_na_nad_ppi.inp
 CHARMM>     
  
 CHARMM>    !Reference
 CHARMM>    !Pavelites, J.J., Bash, P.A., Gao, J., and MacKerell, Jr.,
 CHARMM>    !A.D. A Molecular Mechanics Force Field for NAD+, NADH and the
 CHARMM>    !Pyrophosphate Groups of Nucleotides, Journal of Computational
 CHARMM>    !Chemistry, 1997, 18: 221-239.
 CHARMM>     
  
 CHARMM>    read rtf card append
 MAINIO> Residue topology file being read from unit  98.
 RDTITL> * NAD, PPI TOPOLOGY
 RDTITL> *
*** WARNING **** residue NIC  already exists (old one deleted)
          RESI NIC         1.00
*** WARNING **** residue NICH already exists (old one deleted)
          RESI NICH         0.00
*** WARNING **** residue PPI1 already exists (old one deleted)
          RESI PPI1        -3.00
*** WARNING **** residue PPI2 already exists (old one deleted)
          RESI PPI2        -2.00
*** WARNING **** residue AMP  already exists (old one deleted)
          RESI AMP         -2.00
*** WARNING **** residue ADP  already exists (old one deleted)
          RESI ADP         -3.00
*** WARNING **** residue ATP  already exists (old one deleted)
          RESI ATP         -4.00
*** WARNING **** residue NAD  already exists (old one deleted)
          RESI NAD         -1.00
*** WARNING **** residue NADH already exists (old one deleted)
          RESI NADH        -2.00
*** WARNING **** residue NADP already exists (old one deleted)
          RESI NADP        -2.00
*** WARNING **** residue NDPH already exists (old one deleted)
          RESI NDPH        -3.00
 There were  11 warning(s) from RTFRDR.
  
 CHARMM>     
  
 CHARMM>    read para card flex append

          PARAMETER FILE BEING READ FROM UNIT 98
 RDTITL> * NAD, PPI PARAMETERS
 RDTITL> *
 PARMIO> NONBOND, HBOND lists and IMAGE atoms cleared.
  
 CHARMM>     
  
 CHARMM>     
  
 VCLOSE: Closing unit   98 with status "KEEP"

                    RETURNING TO INPUT STREAM    99
  
 CHARMM>     
  
 CHARMM>    ! carbohydrate chemical modifiactions
 CHARMM>    stream toppar/toppar_all36_carb_chemmod.str
 VOPEN> Attempting to open::toppar/toppar_all36_carb_chemmod.str::
 OPNLGU> Unit 98 opened for READONLY access to /home/charmm-gui/data/www/1459129914/toppar/toppar_all36_carb_chemmod.str

                    INPUT STREAM SWITCHING TO UNIT    98
 RDTITL> READ RTF CARD APPEND
 RDTITL> No title read.
 Parameter: IN1 <- "" <empty>
  
 CHARMM>    read rtf card append
 MAINIO> Residue topology file being read from unit  98.
 RDTITL> * GLYCAN CHEMICAL MODIFICATION PATCHES
 RDTITL> *
 **** WARNING from RTFRDR **** The total charge of the residue, SACE,  -0.1800000,
 does not equal the expected charge,   0.0000000.
 There were   1 warning(s) from RTFRDR.
  
 CHARMM>     
  
 CHARMM>     
  
 CHARMM>    read param card flex append

          PARAMETER FILE BEING READ FROM UNIT 98
 RDTITL> * GLYCAN CHEMICAL MODIFICATION PATCHES
 RDTITL> *
 PARRDR> Error: Repeated ANGLE parameter (  1014): CC31  CC32  CC31 is replaced
 PARRDR> Error: Repeated ANGLE parameter (  1013): CC31  CC31  CC32 is replaced
 PARRDR> Error: Repeated ANGLE parameter (  1015): CC31  CC31  CC32 is replaced
 PARRDR> Error: Repeated ANGLE parameter (  1016): CC32  CC31  OC30 is replaced
 PARRDR> Error: Repeated ANGLE parameter (  1011): CC31  CC32  OC30 is replaced
 PARRDR> Error: Repeated ANGLE parameter (  1010): HCA2  CC32  OC30 is replaced
 PARRDR> Error: Repeated DIHE parameter (  2585): OC3C  CC31  CC31  CC32 is replaced
 PARRDR> Error: Repeated DIHE parameter (  2584): OC3C  CC31  CC31  CC32 is replaced
 PARRDR> Error: Repeated DIHE parameter (  2582): CC31  CC32  CC31  HCA1 is replaced
 PARRDR> Error: Repeated DIHE parameter (  2601): CC31  CC32  CC31  OC30 is replaced
 PARRDR> Error: Repeated DIHE parameter (  2583): OC31  CC31  CC32  CC31 is replaced
 PARRDR> Error: Repeated DIHE parameter (  2576): CC31  CC31  CC32  HCA2 is replaced
 PARRDR> Error: Repeated DIHE parameter (  2577): CC31  CC31  CC32  CC31 is replaced
 PARRDR> Error: Repeated DIHE parameter (  2575): HCA1  CC31  CC31  CC32 is replaced
 PARRDR> Error: Repeated DIHE parameter (  2586): OC31  CC31  CC31  CC32 is replaced
 PARRDR> Error: Repeated DIHE parameter (  2581): HCA1  CC31  CC31  CC32 is replaced
 PARRDR> Error: Repeated DIHE parameter (  2596): HCA2  CC32  CC31  OC30 is replaced
 PARRDR> Error: Repeated DIHE parameter (  2579): CC31  CC31  CC32  CC31 is replaced
 PARRDR> Error: Repeated DIHE parameter (  2580): CC31  CC31  CC32  HCA2 is replaced
 PARRDR> Error: Repeated DIHE parameter (  2564): CC31  CC31  CC32  OC30 is replaced
 PARRDR> Error: Repeated DIHE parameter (  2565): CC31  CC31  CC32  OC30 is replaced
 PARRDR> Error: Repeated DIHE parameter (  2566): CC31  CC31  CC32  OC30 is replaced
 PARRDR> Error: Repeated DIHE parameter (  2573): HCA1  CC31  CC32  OC30 is replaced
 PARRDR> Error: Repeated DIHE parameter (  2561): OC31  CC31  CC32  OC30 is replaced
 PARRDR> Error: Repeated DIHE parameter (  2562): OC31  CC31  CC32  OC30 is replaced
 PARRDR> Error: Repeated DIHE parameter (  2563): OC31  CC31  CC32  OC30 is replaced
 PARRDR> Error: Repeated DIHE parameter (  2561): OC31  CC31  CC32  OC30 is replaced
 PARRDR> Error: Repeated DIHE parameter (  2562): OC31  CC31  CC32  OC30 is replaced
 PARRDR> Error: Repeated DIHE parameter (  2563): OC31  CC31  CC32  OC30 is replaced
 PARRDR> Error: Repeated DIHE parameter (  2561): OC31  CC31  CC32  OC30 is replaced
 PARRDR> Error: Repeated DIHE parameter (  2562): OC31  CC31  CC32  OC30 is replaced
 PARRDR> Error: Repeated DIHE parameter (  2563): OC31  CC31  CC32  OC30 is replaced
 PARMIO> NONBOND, HBOND lists and IMAGE atoms cleared.
  
 CHARMM>     
  
 CHARMM>    RETURN
 VCLOSE: Closing unit   98 with status "KEEP"

                    RETURNING TO INPUT STREAM    99
  
 CHARMM>     
  
 VCLOSE: Closing unit   99 with status "KEEP"

                    RETURNING TO INPUT STREAM     5
  
 CHARMM>     
  
 CHARMM>    !Read PSF and Coordinates
 CHARMM>    open read unit 10 card name step1_pdbreader.psf
 OPNLGU> Unit already open. The old file will be closed first.
 VCLOSE: Closing unit   10 with status "KEEP"
 VOPEN> Attempting to open::step1_pdbreader.psf::
 OPNLGU> Unit 10 opened for READONLY access to /home/charmm-gui/data/www/1459129914/step1_pdbreader.psf
  
 CHARMM>    read psf  unit 10 card
 MAINIO> Protein structure file being read from unit  10.
 PSFRD2> Reading PSF in the expanded format.
 TITLE>  * GENERATED BY CHARMM-GUI (HTTP://WWW.CHARMM-GUI.ORG) V1.8 ON MAR, 27. 2016.
 TITLE>  * READ PDB, MANIPULATE STRUCTURE IF NEEDED, AND GENERATE TOPOLOGY FILE
 TITLE>  *  DATE:     3/27/16     20:52:26      CREATED BY USER: charmm-gui
 TITLE>  *
 PSFSUM> PSF modified: NONBOND lists and IMAGE atoms cleared.
 PSFSUM> Summary of the structure file counters :
         Number of segments      =        1   Number of residues   =      263
         Number of atoms         =     4063   Number of groups     =     1166
         Number of bonds         =     4097   Number of angles     =     7427
         Number of dihedrals     =    10838   Number of impropers  =      715
         Number of cross-terms   =      261
         Number of HB acceptors  =      398   Number of HB donors  =      460
         Number of NB exclusions =        0   Total charge =   -7.00000
  
 CHARMM>     
  
 CHARMM>    stream step2_solvator.str
 VOPEN> Attempting to open::step2_solvator.str::
 OPNLGU> Unit 99 opened for READONLY access to /home/charmm-gui/data/www/1459129914/step2_solvator.str

                    INPUT STREAM SWITCHING TO UNIT    99
 RDTITL> READ SEQUENCE TIP3 15920
 RDTITL> No title read.
 Parameter: IN1 <- "" <empty>
  
 CHARMM>     READ SEQUENCE TIP3 15920
  
 CHARMM>     GENERATE SOLV SETUP NOANGLE NODIHEDRAL
 NO PATCHING WILL BE DONE ON THE FIRST RESIDUE
 NO PATCHING WILL BE DONE ON THE LAST  RESIDUE
 GENPSF> Segment   2 has been generated. Its identifier is SOLV.
 PSFSUM> PSF modified: NONBOND lists and IMAGE atoms cleared.
 PSFSUM> Summary of the structure file counters :
         Number of segments      =        2   Number of residues   =    16183
         Number of atoms         =    51823   Number of groups     =    17086
         Number of bonds         =    51857   Number of angles     =    23347
         Number of dihedrals     =    10838   Number of impropers  =      715
         Number of cross-terms   =      261
         Number of HB acceptors  =    16318   Number of HB donors  =    32300
         Number of NB exclusions =        0   Total charge =   -7.00000
  
 CHARMM>     SET NPOS = 49
 Parameter: NPOS <- "49"
  
 CHARMM>     SET NNEG = 42
 Parameter: NNEG <- "42"
  
 CHARMM>     SET POSID = POT
 Parameter: POSID <- "POT"
  
 CHARMM>     SET NEGID = CLA
 Parameter: NEGID <- "CLA"
  
 CHARMM>     IF NPOS .GT. 0 THEN
 Comparing "49" and "0".
 IF test evaluated as true.  Performing command
  
 CHARMM>      READ SEQUENCE POT 49
  
 CHARMM>      GENERATE POT WARN
 NO PATCHING WILL BE DONE ON THE FIRST RESIDUE
 NO PATCHING WILL BE DONE ON THE LAST  RESIDUE
 GENPSF> Segment   3 has been generated. Its identifier is POT.
 PSFSUM> PSF modified: NONBOND lists and IMAGE atoms cleared.
 PSFSUM> Summary of the structure file counters :
         Number of segments      =        3   Number of residues   =    16232
         Number of atoms         =    51872   Number of groups     =    17135
         Number of bonds         =    51857   Number of angles     =    23347
         Number of dihedrals     =    10838   Number of impropers  =      715
         Number of cross-terms   =      261
         Number of HB acceptors  =    16318   Number of HB donors  =    32300
         Number of NB exclusions =        0   Total charge =   42.00000
  
 CHARMM>     ENDIF
  
 CHARMM>     IF NNEG .GT. 0 THEN
 Comparing "42" and "0".
 IF test evaluated as true.  Performing command
  
 CHARMM>      READ SEQUENCE CLA 42
  
 CHARMM>      GENERATE CLA WARN
 NO PATCHING WILL BE DONE ON THE FIRST RESIDUE
 NO PATCHING WILL BE DONE ON THE LAST  RESIDUE
 GENPSF> Segment   4 has been generated. Its identifier is CLA.
 PSFSUM> PSF modified: NONBOND lists and IMAGE atoms cleared.
 PSFSUM> Summary of the structure file counters :
         Number of segments      =        4   Number of residues   =    16274
         Number of atoms         =    51914   Number of groups     =    17177
         Number of bonds         =    51857   Number of angles     =    23347
         Number of dihedrals     =    10838   Number of impropers  =      715
         Number of cross-terms   =      261
         Number of HB acceptors  =    16318   Number of HB donors  =    32300
         Number of NB exclusions =        0   Total charge =    0.00000
  
 CHARMM>     ENDIF
  
 VCLOSE: Closing unit   99 with status "KEEP"

                    RETURNING TO INPUT STREAM     5
  
 CHARMM>     
  
 CHARMM>    open read unit 10 card name step2_solvator.crd
 OPNLGU> Unit already open. The old file will be closed first.
 VCLOSE: Closing unit   10 with status "KEEP"
 VOPEN> Attempting to open::step2_solvator.crd::
 OPNLGU> Unit 10 opened for READONLY access to /home/charmm-gui/data/www/1459129914/step2_solvator.crd
  
 CHARMM>    read coor unit 10 card
          SPATIAL COORDINATES BEING READ FROM UNIT 10
 TITLE> * GENERATED BY CHARMM-GUI (HTTP://WWW.CHARMM-GUI.ORG) V1.8 ON MAR, 27. 2016.
 TITLE> * SOLVATE PROTEIN IN WATER BOX
 TITLE> *  DATE:     3/27/16     20:57:14      CREATED BY USER: CHARMM-GUI
 TITLE> *
  
 CHARMM>     
  
 CHARMM>    !
 CHARMM>    ! Setup PBC (Periodic Boundary Condition)
 CHARMM>    !
 CHARMM>     
  
 CHARMM>    stream step2.1_waterbox.prm
 VOPEN> Attempting to open::step2.1_waterbox.prm::
 OPNLGU> Unit 99 opened for READONLY access to /home/charmm-gui/data/www/1459129914/step2.1_waterbox.prm

                    INPUT STREAM SWITCHING TO UNIT    99
 RDTITL> SET BOXTYPE  = RECT
 RDTITL> No title read.
 Parameter: IN1 <- "" <empty>
  
 CHARMM>     SET BOXTYPE  = RECT
 Parameter: BOXTYPE <- "RECT"
  
 CHARMM>     SET XTLTYPE  = CUBIC
 Parameter: XTLTYPE <- "CUBIC"
  
 CHARMM>     SET A = 82
 Parameter: A <- "82"
  
 CHARMM>     SET B = 82
 Parameter: B <- "82"
  
 CHARMM>     SET C = 82
 Parameter: C <- "82"
  
 CHARMM>     SET ALPHA = 90.0
 Parameter: ALPHA <- "90.0"
  
 CHARMM>     SET BETA  = 90.0
 Parameter: BETA <- "90.0"
  
 CHARMM>     SET GAMMA = 90.0
 Parameter: GAMMA <- "90.0"
  
 CHARMM>     SET XCEN = 0
 Parameter: XCEN <- "0"
  
 CHARMM>     SET YCEN = 0
 Parameter: YCEN <- "0"
  
 CHARMM>     SET ZCEN = 0
 Parameter: ZCEN <- "0"
  
 VCLOSE: Closing unit   99 with status "KEEP"

                    RETURNING TO INPUT STREAM     5
  
 CHARMM>     
  
 CHARMM>    COOR CONVERT ALIGNED SYMMETRIC @A @B @C @alpha @beta @gamma
 Parameter: A -> "82"
 Parameter: B -> "82"
 Parameter: C -> "82"
 Parameter: ALPHA -> "90.0"
 Parameter: BETA -> "90.0"
 Parameter: GAMMA -> "90.0"
  
 CHARMM>     
  
 CHARMM>    open read unit 10 card name crystal_image.str
 OPNLGU> Unit already open. The old file will be closed first.
 VCLOSE: Closing unit   10 with status "KEEP"
 VOPEN> Attempting to open::crystal_image.str::
 OPNLGU> Unit 10 opened for READONLY access to /home/charmm-gui/data/www/1459129914/crystal_image.str
  
 CHARMM>    CRYSTAL DEFINE @XTLtype @A @B @C @alpha @beta @gamma
 Parameter: XTLTYPE -> "CUBIC"
 Parameter: A -> "82"
 Parameter: B -> "82"
 Parameter: C -> "82"
 Parameter: ALPHA -> "90.0"
 Parameter: BETA -> "90.0"
 Parameter: GAMMA -> "90.0"
 Crystal Parameters : Crystal Type = CUBI
           A     =   82.00000 B    =   82.00000 C     =   82.00000
           Alpha =   90.00000 Beta =   90.00000 Gamma =   90.00000
  
 CHARMM>    CRYSTAL READ UNIT 10 CARD
 CRYSTAL FILE BEING READ FROM UNIT    10
 TITLE> * GENERATED BY CHARMM-GUI (HTTP://WWW.CHARMM-GUI.ORG) V1.8 ON MAR, 27. 2016.
 TITLE> * STREAM FILE FOR CRYSTAL SYMMETRY OPERATION
 TITLE> *
 TITLE>  * GENERATED BY CHARMM-GUI (HTTP://WWW.CHARMM-GUI.ORG) V1.8 ON MAR, 27. 2016.
 TITLE>  * STREAM FILE FOR CRYSTAL SYMMETRY OPERATION
 TITLE>  *
                     THERE ARE NO ROTATIONS FOR THIS TRANSFORMATION SET
    26 Transformations have been processed.

  
 CHARMM>     
  
 CHARMM>    !Image centering by residue
 CHARMM>    IMAGE BYRESID XCEN @xcen YCEN @ycen ZCEN @zcen sele resname TIP3 end
 Parameter: XCEN -> "0"
 Parameter: YCEN -> "0"
 Parameter: ZCEN -> "0"
 SELRPN>  47760 atoms have been selected out of  51914
 IMAGE CENTERING ON FOR SOME ATOMS
  
 CHARMM>    IMAGE BYRESID XCEN @xcen YCEN @ycen ZCEN @zcen sele ( segid @posid .or. segid @negid ) end
 Parameter: XCEN -> "0"
 Parameter: YCEN -> "0"
 Parameter: ZCEN -> "0"
 Parameter: POSID -> "POT"
 Parameter: NEGID -> "CLA"
 SELRPN>     91 atoms have been selected out of  51914
 IMAGE CENTERING ON FOR SOME ATOMS
  
 CHARMM>     
  
 CHARMM>    !
 CHARMM>    ! Nonbonded Options
 CHARMM>    !
 CHARMM>     
  
 CHARMM>    system "python checkfft.py ?XTLA ?XTLB ?XTLC > checkfft.str"
 RDCMND substituted energy or value "?XTLA" to "82"
 RDCMND substituted energy or value "?XTLB" to "82"
 RDCMND substituted energy or value "?XTLC" to "82"
Invoking: python checkfft.py 82 82 82 > checkfft.str
  
 CHARMM>    stream checkfft.str
 VOPEN> Attempting to open::checkfft.str::
 OPNLGU> Unit 99 opened for READONLY access to /home/charmm-gui/data/www/1459129914/checkfft.str

                    INPUT STREAM SWITCHING TO UNIT    99
 RDTITL> SET FFTX 90
 RDTITL> No title read.
 Parameter: IN1 <- "" <empty>
  
 CHARMM>    set fftx 90
 Parameter: FFTX <- "90"
  
 CHARMM>    set ffty 90
 Parameter: FFTY <- "90"
  
 CHARMM>    set fftz 90
 Parameter: FFTZ <- "90"
  
 CHARMM>     
  
 VCLOSE: Closing unit   99 with status "KEEP"

                    RETURNING TO INPUT STREAM     5
  
 CHARMM>     
  
 CHARMM>     
  
 CHARMM>    nbonds atom fswitch vatom vfswitch bycb -
 CHARMM>           ctonnb 6.0 ctofnb 6.0 cutnb 8.0 -
 CHARMM>           inbfrq -1 imgfrq -1 wmin 1.0 cdie eps 1.0

 SELECTED IMAGES ATOMS BEING CENTERED ABOUT  0.000000  0.000000  0.000000

 <MKIMAT2>: updating the image atom lists and remapping
 Transformation   Atoms  Groups  Residues  Min-Distance
    1  C001 has      85      29      29        3.25
    2  C002 has    1046     350     350        0.00
    3  C003 has     120      40      40        1.48
    4  C004 has     968     326     326        0.59
    5  C005 has    8982    3006    3006        0.00
    6  C006 has    1236     412     412        1.34
    7  C007 has    1168     392     392        0.00
    8  C008 has    9045    3026    3024        0.00
    9  C009 has    1264     422     422        0.38
   10  C010 has    9066    3036    3036        0.00
   12  C012 has     108      36      36        3.18
   13  C013 has    1087     363     363        0.00
   14  C014 has      84      28      28        2.32
 Total of86173 atoms and28643 groups and27738 residues were included


 NONBOND OPTION FLAGS: 
     ELEC     VDW      ATOMs    CDIElec  FSWItch  VATOm    VFSWIt  
     BYCB     NOEXtnd  NOEWald 
 CUTNB  =  8.000 CTEXNB =999.000 CTONNB =  6.000 CTOFNB =  6.000
 CGONNB =  0.000 CGOFNB = 10.000
 WMIN   =  1.000 WRNMXD =  0.500 E14FAC =  1.000 EPS    =  1.000
 NBXMOD =      5
 There are        0 atom  pairs and        0 atom  exclusions.
 There are        0 group pairs and        0 group exclusions.
 GTNBCT> CUTNB,CTOFNB,CTONNB=       8.0       6.0       6.0

      ***** LEVEL  1 WARNING FROM <GTNBCT> *****
      ***** CUTNB,CTOFNB,CTONNB are not in correct order.
      ******************************************
      BOMLEV (  0) IS NOT REACHED. WRNLEV IS  5

 <MAKINB> with mode   5 found  59284 exclusions and  10689 interactions(1-4)
 <MAKGRP> found   3343 group exclusions.
 <MAKGRP> found      0 image group exclusions.
 Generating nonbond list with Exclusion mode = 5
 == PRIMARY == SPACE FOR        0 ATOM PAIRS AND        0 GROUP PAIRS
 == IMAGES === SPACE FOR        0 ATOM PAIRS AND        0 GROUP PAIRS
  
 =========================================
              TRIAL run of list...........
 =========================================
Using Image CUBE search
Using Image CUBE search
  NBNDGCM found:
     4644401  atom pairs
      537759  image atom pairs
           0  self atom pairs
  
 CHARMM>    energy

 SELECTED IMAGES ATOMS BEING CENTERED ABOUT  0.000000  0.000000  0.000000

 <MKIMAT2>: updating the image atom lists and remapping
 Transformation   Atoms  Groups  Residues  Min-Distance
    1  C001 has      85      29      29        3.25
    2  C002 has    1046     350     350        0.00
    3  C003 has     120      40      40        1.48
    4  C004 has     968     326     326        0.59
    5  C005 has    8982    3006    3006        0.00
    6  C006 has    1236     412     412        1.34
    7  C007 has    1168     392     392        0.00
    8  C008 has    9045    3026    3024        0.00
    9  C009 has    1264     422     422        0.38
   10  C010 has    9066    3036    3036        0.00
   12  C012 has     108      36      36        3.18
   13  C013 has    1087     363     363        0.00
   14  C014 has      84      28      28        2.32
 Total of86173 atoms and28643 groups and27738 residues were included

 <MAKGRP> found      0 image group exclusions.

 NONBOND OPTION FLAGS: 
     ELEC     VDW      ATOMs    CDIElec  FSWItch  VATOm    VFSWIt  
     BYCB     NOEXtnd  NOEWald 
 CUTNB  =  8.000 CTEXNB =999.000 CTONNB =  6.000 CTOFNB =  6.000
 CGONNB =  0.000 CGOFNB = 10.000
 WMIN   =  1.000 WRNMXD =  0.500 E14FAC =  1.000 EPS    =  1.000
 NBXMOD =      5
 There are  4644401 atom  pairs and    69973 atom  exclusions.
 There are        0 group pairs and     3343 group exclusions.
 GTNBCT> CUTNB,CTOFNB,CTONNB=       8.0       6.0       6.0

      ***** LEVEL  1 WARNING FROM <GTNBCT> *****
      ***** CUTNB,CTOFNB,CTONNB are not in correct order.
      ******************************************
      BOMLEV (  0) IS NOT REACHED. WRNLEV IS  5

 Generating nonbond list with Exclusion mode = 5
 == PRIMARY == SPACE FOR  6037721 ATOM PAIRS AND        0 GROUP PAIRS
 == IMAGES === SPACE FOR   699086 ATOM PAIRS AND        0 GROUP PAIRS
Using Image CUBE search
  NBNDGCM found:
     4644401  atom pairs
      537759  image atom pairs
           0  self atom pairs
ENER ENR:  Eval#     ENERgy      Delta-E         GRMS
ENER INTERN:          BONDs       ANGLes       UREY-b    DIHEdrals    IMPRopers
ENER CROSS:           CMAPs        PMF1D        PMF2D        PRIMO
ENER EXTERN:        VDWaals         ELEC       HBONds          ASP         USER
ENER IMAGES:        IMNBvdw       IMELec       IMHBnd       RXNField    EXTElec
 ----------       ---------    ---------    ---------    ---------    ---------
ENER>        0 50388792.904        0.000   442148.160
ENER INTERN>      664.53619   1169.36045    107.59663   2421.16790     85.37517
ENER CROSS>       -99.06087      0.00000      0.00000      0.00000
ENER EXTERN>    22964.78957-162220.07013      0.00000      0.00000      0.00000
ENER IMAGES>   50521720.772     1978.437        0.000        0.000        0.000
 ----------       ---------    ---------    ---------    ---------    ---------
  
 CHARMM>     
  
 CHARMM>    !
 CHARMM>    ! cons fix all heavy atoms except generated water molecules and
 CHARMM>    ! short minimization
 CHARMM>    !
 CHARMM>     
  
 CHARMM>    cons fix sele .not. ( hydrogen .or. segid SOLV .or. segid @posid .or. segid @negid ) end
 Parameter: POSID -> "POT"
 Parameter: NEGID -> "CLA"
 SELRPN>   2026 atoms have been selected out of  51914
  
 CHARMM>    cons harm force 0.1 sele segid @posid .or. segid @negid end
 Parameter: POSID -> "POT"
 Parameter: NEGID -> "CLA"
 SELRPN>     91 atoms have been selected out of  51914
 CSTRAN: Harmonic Restraints
          ABSOlute type as set number  1.  Number of selected atoms:     91
          Reference coordinates set to main coordinates.
          Mass weighting will NOT be used for new restraints.
          The force constant of       0.10000 will be used.
          An exponent of  2 will be used.
          The XYZ scale factors are:       1.00000       1.00000       1.00000
          A total of     91 atoms are restrained.
  
 CHARMM>     
  
 CHARMM>    mini SD   nstep 50 nprint 5

 SELECTED IMAGES ATOMS BEING CENTERED ABOUT  0.000000  0.000000  0.000000

 <MKIMAT2>: updating the image atom lists and remapping
 Transformation   Atoms  Groups  Residues  Min-Distance
    1  C001 has      85      29      29        3.25
    2  C002 has    1046     350     350        0.00
    3  C003 has     120      40      40        1.48
    4  C004 has     968     326     326        0.59
    5  C005 has    8982    3006    3006        0.00
    6  C006 has    1236     412     412        1.34
    7  C007 has    1168     392     392        0.00
    8  C008 has    9045    3026    3024        0.00
    9  C009 has    1264     422     422        0.38
   10  C010 has    9066    3036    3036        0.00
   12  C012 has     108      36      36        3.18
   13  C013 has    1087     363     363        0.00
   14  C014 has      84      28      28        2.32
 Total of86173 atoms and28643 groups and27738 residues were included

 <MAKGRP> found      0 image group exclusions.

 NONBOND OPTION FLAGS: 
     ELEC     VDW      ATOMs    CDIElec  FSWItch  VATOm    VFSWIt  
     BYCB     NOEXtnd  NOEWald 
 CUTNB  =  8.000 CTEXNB =999.000 CTONNB =  6.000 CTOFNB =  6.000
 CGONNB =  0.000 CGOFNB = 10.000
 WMIN   =  1.000 WRNMXD =  0.500 E14FAC =  1.000 EPS    =  1.000
 NBXMOD =      5
 There are  4644401 atom  pairs and    69973 atom  exclusions.
 There are        0 group pairs and     3343 group exclusions.
 GTNBCT> CUTNB,CTOFNB,CTONNB=       8.0       6.0       6.0

      ***** LEVEL  1 WARNING FROM <GTNBCT> *****
      ***** CUTNB,CTOFNB,CTONNB are not in correct order.
      ******************************************
      BOMLEV (  0) IS NOT REACHED. WRNLEV IS  5

 Generating nonbond list with Exclusion mode = 5
 == PRIMARY == SPACE FOR  6037721 ATOM PAIRS AND        0 GROUP PAIRS
 == IMAGES === SPACE FOR   699086 ATOM PAIRS AND        0 GROUP PAIRS
Using Image CUBE search
  NBNDGCM found:
     4565209  atom pairs
      537759  image atom pairs
           0  self atom pairs


 STEEPD> An energy minimization has been requested.

 NSTEP  =           50   NPRINT =            5
 STEP   =    0.0200000   TOLFUN =    0.0000000
 TOLGRD =    0.0000000   TOLSTP =    0.0000000

MINI MIN: Cycle      ENERgy      Delta-E         GRMS    Step-size
MINI INTERN:          BONDs       ANGLes       UREY-b    DIHEdrals    IMPRopers
MINI EXTERN:        VDWaals         ELEC       HBONds          ASP         USER
MINI IMAGES:        IMNBvdw       IMELec       IMHBnd       RXNField    EXTElec
 ----------       ---------    ---------    ---------    ---------    ---------
MINI>        0 50364407.649    24385.255   451036.845        0.020
MINI INTERN>        0.36482    286.10431     43.34571    402.04298      0.00000
MINI EXTERN>    21457.66331-181481.08147      0.00000      0.00000      0.00000
MINI IMAGES>   50521720.772     1978.437        0.000        0.000        0.000
 ----------       ---------    ---------    ---------    ---------    ---------
 UPDECI: Image update at step         5

 <MKIMAT2>: updating the image atom lists and remapping
 Transformation   Atoms  Groups  Residues  Min-Distance
    1  C001 has      85      29      29        3.22
    2  C002 has    1046     350     350        0.00
    3  C003 has     120      40      40        1.48
    4  C004 has     968     326     326        0.58
    5  C005 has    8982    3006    3006        0.00
    6  C006 has    1248     416     416        1.30
    7  C007 has    1168     392     392        0.00
    8  C008 has    9000    3011    3009        0.00
    9  C009 has    1240     414     414        0.50
   10  C010 has    8958    3000    3000        0.00
   12  C012 has     108      36      36        3.18
   13  C013 has    1087     363     363        0.00
   14  C014 has      84      28      28        2.36
 Total of86008 atoms and28588 groups and27683 residues were included

 <MAKGRP> found      0 image group exclusions.
 UPDECI: Nonbond update at step         5
 Generating nonbond list with Exclusion mode = 5
 == PRIMARY == SPACE FOR  6037721 ATOM PAIRS AND        0 GROUP PAIRS
 == IMAGES === SPACE FOR   699086 ATOM PAIRS AND        0 GROUP PAIRS
Using Image CUBE search
  NBNDGCM found:
     4571190  atom pairs
      532582  image atom pairs
           0  self atom pairs
MINI>        5    -7692.426 50372100.075      760.261        0.021
MINI INTERN>    19225.26300   5041.40280     40.02103    395.37097      0.04336
MINI EXTERN>   153347.93110-196977.44525      0.00000      0.00000      0.00000
MINI IMAGES>    10790.05606    444.88051      0.00000      0.00000      0.00000
MINI CONSTR>        0.04994      0.00000      0.00000      0.00000      0.00000
 ----------       ---------    ---------    ---------    ---------    ---------
 UPDECI: Image update at step         7

 <MKIMAT2>: updating the image atom lists and remapping
 Transformation   Atoms  Groups  Residues  Min-Distance
    1  C001 has      85      29      29        3.21
    2  C002 has    1046     350     350        0.00
    3  C003 has     117      39      39        1.49
    4  C004 has     968     326     326        0.59
    5  C005 has    8982    3006    3006        0.00
    6  C006 has    1248     416     416        1.31
    7  C007 has    1168     392     392        0.00
    8  C008 has    9039    3024    3022        0.00
    9  C009 has    1228     410     410        0.52
   10  C010 has    8958    3000    3000        0.00
   12  C012 has     108      36      36        3.18
   13  C013 has    1087     363     363        0.00
   14  C014 has      84      28      28        2.38
 Total of86032 atoms and28596 groups and27691 residues were included

 <MAKGRP> found      0 image group exclusions.
 UPDECI: Nonbond update at step         7
 Generating nonbond list with Exclusion mode = 5
 == PRIMARY == SPACE FOR  6037721 ATOM PAIRS AND        0 GROUP PAIRS
 == IMAGES === SPACE FOR   699086 ATOM PAIRS AND        0 GROUP PAIRS
Using Image CUBE search
  NBNDGCM found:
     4571496  atom pairs
      531821  image atom pairs
           0  self atom pairs
 UPDECI: Image update at step         9

 <MKIMAT2>: updating the image atom lists and remapping
 Transformation   Atoms  Groups  Residues  Min-Distance
    1  C001 has      85      29      29        3.20
    2  C002 has    1046     350     350        0.00
    3  C003 has     117      39      39        1.51
    4  C004 has     968     326     326        0.59
    5  C005 has    8982    3006    3006        0.00
    6  C006 has    1248     416     416        1.34
    7  C007 has    1180     396     396        0.00
    8  C008 has    9039    3024    3022        0.00
    9  C009 has    1201     401     401        0.54
   10  C010 has    8901    2981    2981        0.00
   12  C012 has     108      36      36        3.21
   13  C013 has    1078     360     360        0.00
   14  C014 has      84      28      28        2.46
 Total of85951 atoms and28569 groups and27664 residues were included

 <MAKGRP> found      0 image group exclusions.
 UPDECI: Nonbond update at step         9
 Generating nonbond list with Exclusion mode = 5
 == PRIMARY == SPACE FOR  6037721 ATOM PAIRS AND        0 GROUP PAIRS
 == IMAGES === SPACE FOR   699086 ATOM PAIRS AND        0 GROUP PAIRS
Using Image CUBE search
  NBNDGCM found:
     4573240  atom pairs
      529454  image atom pairs
           0  self atom pairs
 UPDECI: Image update at step        10

 <MKIMAT2>: updating the image atom lists and remapping
 Transformation   Atoms  Groups  Residues  Min-Distance
    1  C001 has      85      29      29        3.20
    2  C002 has    1046     350     350        0.00
    3  C003 has     117      39      39        1.51
    4  C004 has     968     326     326        0.59
    5  C005 has    8982    3006    3006        0.00
    6  C006 has    1248     416     416        1.34
    7  C007 has    1180     396     396        0.00
    8  C008 has    9039    3024    3022        0.00
    9  C009 has    1201     401     401        0.54
   10  C010 has    8901    2981    2981        0.00
   12  C012 has     108      36      36        3.21
   13  C013 has    1078     360     360        0.00
   14  C014 has      84      28      28        2.46
 Total of85951 atoms and28569 groups and27664 residues were included

 <MAKGRP> found      0 image group exclusions.
 UPDECI: Nonbond update at step        10
 Generating nonbond list with Exclusion mode = 5
 == PRIMARY == SPACE FOR  6037721 ATOM PAIRS AND        0 GROUP PAIRS
 == IMAGES === SPACE FOR   699086 ATOM PAIRS AND        0 GROUP PAIRS
Using Image CUBE search
  NBNDGCM found:
     4573363  atom pairs
      529550  image atom pairs
           0  self atom pairs
MINI>       10-167558.88211 159866.45562     15.15064      0.00896
MINI INTERN>    10437.12389   4046.56892     35.46897    379.50192      0.65091
MINI EXTERN>    23588.08753-208129.90524      0.00000      0.00000      0.00000
MINI IMAGES>     3215.98364  -1132.51315      0.00000      0.00000      0.00000
MINI CONSTR>        0.15049      0.00000      0.00000      0.00000      0.00000
 ----------       ---------    ---------    ---------    ---------    ---------
MINI>       15-184476.60859  16917.72648     10.82393      0.00929
MINI INTERN>     8739.25573   4034.51802     35.57499    363.16185      2.81146
MINI EXTERN>    22384.67717-218842.95855      0.00000      0.00000      0.00000
MINI IMAGES>     1952.42728  -3146.46499      0.00000      0.00000      0.00000
MINI CONSTR>        0.38843      0.00000      0.00000      0.00000      0.00000
 ----------       ---------    ---------    ---------    ---------    ---------
MINI>       20-193571.78006   9095.17147     11.46434      0.00963
MINI INTERN>     9526.50029   4208.52788     37.16733    354.25614      5.94678
MINI EXTERN>    22584.28608-226988.47760      0.00000      0.00000      0.00000
MINI IMAGES>     1497.12329  -4797.80810      0.00000      0.00000      0.00000
MINI CONSTR>        0.69784      0.00000      0.00000      0.00000      0.00000
 ----------       ---------    ---------    ---------    ---------    ---------
MINI>       25-200112.83715   6541.05709     11.43007      0.00998
MINI INTERN>     9367.30360   4222.19782     38.24169    351.02877      8.74749
MINI EXTERN>    22884.62211-232399.37243      0.00000      0.00000      0.00000
MINI IMAGES>     1308.90714  -5895.49915      0.00000      0.00000      0.00000
MINI CONSTR>        0.98581      0.00000      0.00000      0.00000      0.00000
 ----------       ---------    ---------    ---------    ---------    ---------
MINI>       30-209498.19712   9385.35997      4.44514      0.00431
MINI INTERN>     6099.12752   4110.23415     39.03519    350.03611     11.35204
MINI EXTERN>    23028.48326-237591.13773      0.00000      0.00000      0.00000
MINI IMAGES>     1246.54451  -6793.16679      0.00000      0.00000      0.00000
MINI CONSTR>        1.29463      0.00000      0.00000      0.00000      0.00000
 ----------       ---------    ---------    ---------    ---------    ---------
MINI>       35-213667.36721   4169.17009      4.47334      0.00447
MINI INTERN>     6169.87153   4137.57805     39.56816    350.31778     13.48302
MINI EXTERN>    23340.72507-241344.14535      0.00000      0.00000      0.00000
MINI IMAGES>     1126.88988  -7503.24190      0.00000      0.00000      0.00000
MINI CONSTR>        1.58656      0.00000      0.00000      0.00000      0.00000
 ----------       ---------    ---------    ---------    ---------    ---------
MINI>       40-216590.69779   2923.33058      5.72953      0.00464
MINI INTERN>     6529.60076   4154.13859     39.92063    351.12773     15.12659
MINI EXTERN>    23614.10480-244268.05689      0.00000      0.00000      0.00000
MINI IMAGES>     1046.13064  -8074.63247      0.00000      0.00000      0.00000
MINI CONSTR>        1.84184      0.00000      0.00000      0.00000      0.00000
 ----------       ---------    ---------    ---------    ---------    ---------
 UPDECI: Image update at step        42

 <MKIMAT2>: updating the image atom lists and remapping
 Transformation   Atoms  Groups  Residues  Min-Distance
    1  C001 has      82      28      28        3.21
    2  C002 has    1049     351     351        0.00
    3  C003 has     120      40      40        1.51
    4  C004 has     953     321     321        0.60
    5  C005 has    9029    3023    3023        0.00
    6  C006 has    1236     412     412        1.07
    7  C007 has    1180     396     396        0.00
    8  C008 has    8997    3010    3008        0.00
    9  C009 has    1174     392     392        0.32
   10  C010 has    8916    2986    2986        0.00
   12  C012 has     105      35      35        3.09
   13  C013 has    1084     362     362        0.00
   14  C014 has      87      29      29        2.59
 Total of85926 atoms and28562 groups and27657 residues were included

 <MAKGRP> found      0 image group exclusions.
 UPDECI: Nonbond update at step        42
 Generating nonbond list with Exclusion mode = 5
 == PRIMARY == SPACE FOR  6037721 ATOM PAIRS AND        0 GROUP PAIRS
 == IMAGES === SPACE FOR   699086 ATOM PAIRS AND        0 GROUP PAIRS
Using Image CUBE search
  NBNDGCM found:
     4579122  atom pairs
      523348  image atom pairs
           0  self atom pairs
MINI>       45-219397.83807   2807.14028      6.19773      0.00481
MINI INTERN>     6710.75816   4163.53771     40.20219    352.27544     16.65892
MINI EXTERN>    23895.78525-246947.15781      0.00000      0.00000      0.00000
MINI IMAGES>      980.89058  -8612.88652      0.00000      0.00000      0.00000
MINI CONSTR>        2.09800      0.00000      0.00000      0.00000      0.00000
 ----------       ---------    ---------    ---------    ---------    ---------
MINI>       50-221773.78367   2375.94560      6.16875      0.00498
MINI INTERN>     6712.66160   4168.74686     40.39038    353.23972     17.68905
MINI EXTERN>    24120.46459-249108.30643      0.00000      0.00000      0.00000
MINI IMAGES>      940.52478  -9021.50901      0.00000      0.00000      0.00000
MINI CONSTR>        2.31478      0.00000      0.00000      0.00000      0.00000
 ----------       ---------    ---------    ---------    ---------    ---------

 STEEPD> Minimization exiting with number of steps limit (        50) exceeded.

STPD MIN: Cycle      ENERgy      Delta-E         GRMS    Step-size
STPD INTERN:          BONDs       ANGLes       UREY-b    DIHEdrals    IMPRopers
STPD EXTERN:        VDWaals         ELEC       HBONds          ASP         USER
STPD IMAGES:        IMNBvdw       IMELec       IMHBnd       RXNField    EXTElec
STPD CONSTR:       HARMonic    CDIHedral          CIC     RESDistance       NOE
 ----------       ---------    ---------    ---------    ---------    ---------
STPD>       50-221773.78367   2375.94560      6.16875      0.00598
STPD INTERN>     6712.66160   4168.74686     40.39038    353.23972     17.68905
STPD EXTERN>    24120.46459-249108.30643      0.00000      0.00000      0.00000
STPD IMAGES>      940.52478  -9021.50901      0.00000      0.00000      0.00000
STPD CONSTR>        2.31478      0.00000      0.00000      0.00000      0.00000
 ----------       ---------    ---------    ---------    ---------    ---------
  
 CHARMM>    mini ABNR nstep 50 nprint 5

 SELECTED IMAGES ATOMS BEING CENTERED ABOUT  0.000000  0.000000  0.000000
 RESIDUE  443 OPERATED ON BY TRANSFORMATION C022
 RESIDUE 1358 OPERATED ON BY TRANSFORMATION C022
 RESIDUE 3195 OPERATED ON BY TRANSFORMATION C022
 RESIDUE 4445 OPERATED ON BY TRANSFORMATION C022
 RESIDUE 5358 OPERATED ON BY TRANSFORMATION C022
 RESIDUE 6042 OPERATED ON BY TRANSFORMATION C022
 RESIDUE 6679 OPERATED ON BY TRANSFORMATION C022
 RESIDUE 7905 OPERATED ON BY TRANSFORMATION C022
 RESIDUE 9899 OPERATED ON BY TRANSFORMATION C022
 RESIDUE11089 OPERATED ON BY TRANSFORMATION C022
 RESIDUE13801 OPERATED ON BY TRANSFORMATION C022

 <MKIMAT2>: updating the image atom lists and remapping
 Transformation   Atoms  Groups  Residues  Min-Distance
    1  C001 has      82      28      28        3.20
    2  C002 has    1052     352     352        0.00
    3  C003 has     123      41      41        1.52
    4  C004 has     953     321     321        0.58
    5  C005 has    9038    3026    3026        0.00
    6  C006 has    1236     412     412        1.01
    7  C007 has    1083     363     363        0.00
    8  C008 has    9024    3019    3017        0.00
    9  C009 has    1186     396     396        0.38
   10  C010 has    8922    2988    2988        0.00
   12  C012 has     105      35      35        3.04
   13  C013 has    1102     368     368        0.00
   14  C014 has      87      29      29        2.65
 Total of85907 atoms and28555 groups and27650 residues were included

 <MAKGRP> found      0 image group exclusions.

 NONBOND OPTION FLAGS: 
     ELEC     VDW      ATOMs    CDIElec  FSWItch  VATOm    VFSWIt  
     BYCB     NOEXtnd  NOEWald 
 CUTNB  =  8.000 CTEXNB =999.000 CTONNB =  6.000 CTOFNB =  6.000
 CGONNB =  0.000 CGOFNB = 10.000
 WMIN   =  1.000 WRNMXD =  0.500 E14FAC =  1.000 EPS    =  1.000
 NBXMOD =      5
 There are  4579122 atom  pairs and    69973 atom  exclusions.
 There are        0 group pairs and     3343 group exclusions.
 GTNBCT> CUTNB,CTOFNB,CTONNB=       8.0       6.0       6.0

      ***** LEVEL  1 WARNING FROM <GTNBCT> *****
      ***** CUTNB,CTOFNB,CTONNB are not in correct order.
      ******************************************
      BOMLEV (  0) IS NOT REACHED. WRNLEV IS  5

 Generating nonbond list with Exclusion mode = 5
 == PRIMARY == SPACE FOR  6037721 ATOM PAIRS AND        0 GROUP PAIRS
 == IMAGES === SPACE FOR   699086 ATOM PAIRS AND        0 GROUP PAIRS
Using Image CUBE search
  NBNDGCM found:
     4579044  atom pairs
      522453  image atom pairs
           0  self atom pairs


 ABNER> An energy minimization has been requested.

 EIGRNG =    0.0005000   MINDIM =            5
 NPRINT =            5   NSTEP  =           50
 PSTRCT =    0.0000000   SDSTP  =    0.0200000
 STPLIM =    1.0000000   STRICT =    0.1000000
 TOLFUN =    0.0000000   TOLGRD =    0.0000000
 TOLITR =          100   TOLSTP =    0.0000000
 FMEM   =    0.0000000
MINI MIN: Cycle      ENERgy      Delta-E         GRMS    Step-size
MINI INTERN:          BONDs       ANGLes       UREY-b    DIHEdrals    IMPRopers
MINI EXTERN:        VDWaals         ELEC       HBONds          ASP         USER
MINI IMAGES:        IMNBvdw       IMELec       IMHBnd       RXNField    EXTElec
MINI CONSTR:       HARMonic    CDIHedral          CIC     RESDistance       NOE
 ----------       ---------    ---------    ---------    ---------    ---------
MINI>        0-221773.78367      0.00000      6.16875      0.00000
MINI INTERN>     6712.66160   4168.74686     40.39038    353.23972     17.68905
MINI EXTERN>    24126.67810-248994.79958      0.00000      0.00000      0.00000
MINI IMAGES>      934.31127  -9135.01586      0.00000      0.00000      0.00000
MINI CONSTR>        2.31478      0.00000      0.00000      0.00000      0.00000
 ----------       ---------    ---------    ---------    ---------    ---------
MINI>        5-223772.63953   1998.85585      2.99868      0.08100
MINI INTERN>     6044.33952   4159.35657     40.46183    353.66630     18.07910
MINI EXTERN>    24217.76097-250200.73528      0.00000      0.00000      0.00000
MINI IMAGES>      913.55034  -9321.51617      0.00000      0.00000      0.00000
MINI CONSTR>        2.39729      0.00000      0.00000      0.00000      0.00000
 ----------       ---------    ---------    ---------    ---------    ---------
MINI>       10-226269.43067   2496.79114      3.44354      0.61509
MINI INTERN>     6255.32338   4241.83758     40.72313    355.43594     19.44301
MINI EXTERN>    24597.18904-252838.81248      0.00000      0.00000      0.00000
MINI IMAGES>      872.09515  -9815.36781      0.00000      0.00000      0.00000
MINI CONSTR>        2.70238      0.00000      0.00000      0.00000      0.00000
 ----------       ---------    ---------    ---------    ---------    ---------
MINI>       15-228716.06963   2446.63896      3.21608      2.80252
MINI INTERN>     6326.88469   4275.03706     41.03678    357.97964     21.00127
MINI EXTERN>    25067.35084-255318.73127      0.00000      0.00000      0.00000
MINI IMAGES>      834.23174 -10323.93955      0.00000      0.00000      0.00000
MINI CONSTR>        3.07915      0.00000      0.00000      0.00000      0.00000
 ----------       ---------    ---------    ---------    ---------    ---------
MINI>       20-231209.28172   2493.21209      3.13891      7.66139
MINI INTERN>     6373.90752   4277.82701     41.27891    360.50931     22.32604
MINI EXTERN>    25480.00338-257755.18697      0.00000      0.00000      0.00000
MINI IMAGES>      793.48062 -10806.84518      0.00000      0.00000      0.00000
MINI CONSTR>        3.41765      0.00000      0.00000      0.00000      0.00000
 ----------       ---------    ---------    ---------    ---------    ---------
MINI>       25-233446.00045   2236.71873      3.49012      7.53996
MINI INTERN>     6393.12680   4268.58770     41.37800    362.80232     23.25388
MINI EXTERN>    25799.47384-259867.26865      0.00000      0.00000      0.00000
MINI IMAGES>      760.39727 -11231.49655      0.00000      0.00000      0.00000
MINI CONSTR>        3.74494      0.00000      0.00000      0.00000      0.00000
 ----------       ---------    ---------    ---------    ---------    ---------
MINI>       30-235901.88958   2455.88913      2.51403      4.45227
MINI INTERN>     6293.36800   4256.54286     41.49735    365.25489     23.95616
MINI EXTERN>    26088.92267-262056.90592      0.00000      0.00000      0.00000
MINI IMAGES>      735.53938 -11654.13199      0.00000      0.00000      0.00000
MINI CONSTR>        4.06701      0.00000      0.00000      0.00000      0.00000
 ----------       ---------    ---------    ---------    ---------    ---------
MINI>       35-238023.63887   2121.74929      2.47499      4.38170
MINI INTERN>     6332.93931   4268.57701     41.56737    368.10510     24.61661
MINI EXTERN>    26423.31871-264121.11769      0.00000      0.00000      0.00000
MINI IMAGES>      716.12392 -12082.18711      0.00000      0.00000      0.00000
MINI CONSTR>        4.41790      0.00000      0.00000      0.00000      0.00000
 ----------       ---------    ---------    ---------    ---------    ---------
MINI>       40-239903.84800   1880.20912      2.73662      4.31225
MINI INTERN>     6408.83106   4296.51463     41.58448    370.86649     25.10033
MINI EXTERN>    26731.92064-266001.58580      0.00000      0.00000      0.00000
MINI IMAGES>      698.97858 -12480.81013      0.00000      0.00000      0.00000
MINI CONSTR>        4.75173      0.00000      0.00000      0.00000      0.00000
 ----------       ---------    ---------    ---------    ---------    ---------
MINI>       45-241606.46764   1702.61964      2.88341      7.07317
MINI INTERN>     6453.19662   4323.49036     41.57178    373.33648     25.38464
MINI EXTERN>    26982.93304-267644.13287      0.00000      0.00000      0.00000
MINI IMAGES>      684.85598 -12852.14741      0.00000      0.00000      0.00000
MINI CONSTR>        5.04374      0.00000      0.00000      0.00000      0.00000
 ----------       ---------    ---------    ---------    ---------    ---------
MINI>       50-242572.00729    965.53965      4.24947      6.96106
MINI INTERN>     6666.09220   4367.94154     41.50129    375.00645     25.45426
MINI EXTERN>    27150.18444-268747.46805      0.00000      0.00000      0.00000
MINI IMAGES>      677.20879 -13133.16339      0.00000      0.00000      0.00000
MINI CONSTR>        5.23518      0.00000      0.00000      0.00000      0.00000
 ----------       ---------    ---------    ---------    ---------    ---------

 ABNER> Minimization exiting with number of steps limit (   50) exceeded.

ABNR MIN: Cycle      ENERgy      Delta-E         GRMS    Step-size
ABNR INTERN:          BONDs       ANGLes       UREY-b    DIHEdrals    IMPRopers
ABNR EXTERN:        VDWaals         ELEC       HBONds          ASP         USER
ABNR IMAGES:        IMNBvdw       IMELec       IMHBnd       RXNField    EXTElec
ABNR CONSTR:       HARMonic    CDIHedral          CIC     RESDistance       NOE
 ----------       ---------    ---------    ---------    ---------    ---------
ABNR>       50-242572.00729    965.53965      4.24947      6.26495
ABNR INTERN>     6666.09220   4367.94154     41.50129    375.00645     25.45426
ABNR EXTERN>    27150.18444-268747.46805      0.00000      0.00000      0.00000
ABNR IMAGES>      677.20879 -13133.16339      0.00000      0.00000      0.00000
ABNR CONSTR>        5.23518      0.00000      0.00000      0.00000      0.00000
 ----------       ---------    ---------    ---------    ---------    ---------
  
 CHARMM>     
  
 CHARMM>    cons fix sele none end
 SELRPN>      0 atoms have been selected out of  51914
  
 CHARMM>     
  
 CHARMM>    !
 CHARMM>    ! Write coordinates and system information
 CHARMM>    !
 CHARMM>     
  
 CHARMM>    open write unit 10 card name step3_pbcsetup.psf
 OPNLGU> Unit already open. The old file will be closed first.
 VCLOSE: Closing unit   10 with status "KEEP"
 VOPEN> Attempting to open::step3_pbcsetup.psf::
 OPNLGU> Unit 10 opened for WRITE access to /home/charmm-gui/data/www/1459129914/step3_pbcsetup.psf
  
 CHARMM>    write  psf unit 10 card
 RDTITL>  
 RDTITL> No title read.
  
 CHARMM>     
  
 CHARMM>    open write unit 10 card name step3_pbcsetup.oldpsf
 OPNLGU> Unit already open. The old file will be closed first.
 VCLOSE: Closing unit   10 with status "KEEP"
 VOPEN> Attempting to open::step3_pbcsetup.oldpsf::
 OPNLGU> Unit 10 opened for WRITE access to /home/charmm-gui/data/www/1459129914/step3_pbcsetup.oldpsf
  
 CHARMM>    write  psf unit 10 card oldpsf
 RDTITL>  
 RDTITL> No title read.
  
 CHARMM>     
  
 CHARMM>    open write unit 10 card name step3_pbcsetup.pdb
 OPNLGU> Unit already open. The old file will be closed first.
 VCLOSE: Closing unit   10 with status "KEEP"
 VOPEN> Attempting to open::step3_pbcsetup.pdb::
 OPNLGU> Unit 10 opened for WRITE access to /home/charmm-gui/data/www/1459129914/step3_pbcsetup.pdb
  
 CHARMM>    write coor unit 10 pdb
 RDTITL>  
 RDTITL> No title read.
  Write CHARMM-pdb format
  
 CHARMM>     
  
 CHARMM>    open write unit 10 card name step3_pbcsetup.crd
 OPNLGU> Unit already open. The old file will be closed first.
 VCLOSE: Closing unit   10 with status "KEEP"
 VOPEN> Attempting to open::step3_pbcsetup.crd::
 OPNLGU> Unit 10 opened for WRITE access to /home/charmm-gui/data/www/1459129914/step3_pbcsetup.crd
  
 CHARMM>    write coor unit 10 card
 RDTITL>  
 RDTITL> No title read.
 VCLOSE: Closing unit   10 with status "KEEP"
  
 CHARMM>     
  
 CHARMM>    open write unit 10 card name step3_pbcsetup.xplor.ext.psf
 VOPEN> Attempting to open::step3_pbcsetup.xplor.ext.psf::
 OPNLGU> Unit 10 opened for WRITE access to /home/charmm-gui/data/www/1459129914/step3_pbcsetup.xplor.ext.psf
  
 CHARMM>    write psf  xplo unit 10 card
 RDTITL>  
 RDTITL> No title read.
  
 CHARMM>     
  
 CHARMM>    ioformat noext
 MISCOM> Expanded I/O format is NOT used.
  
 CHARMM>    open write unit 10 card name step3_pbcsetup.xplor.psf
 OPNLGU> Unit already open. The old file will be closed first.
 VCLOSE: Closing unit   10 with status "KEEP"
 VOPEN> Attempting to open::step3_pbcsetup.xplor.psf::
 OPNLGU> Unit 10 opened for WRITE access to /home/charmm-gui/data/www/1459129914/step3_pbcsetup.xplor.psf
  
 CHARMM>    write psf  xplo unit 10 card
 RDTITL>  
 RDTITL> No title read.
  
 CHARMM>     
  
 CHARMM>    open  write unit 90 card name step3_pbcsetup.str
 VOPEN> Attempting to open::step3_pbcsetup.str::
 OPNLGU> Unit 90 opened for WRITE access to /home/charmm-gui/data/www/1459129914/step3_pbcsetup.str
  
 CHARMM>    write title unit 90
 RDTITL> * SET XTLTYPE  = CUBIC
 RDTITL> * SET A = 82
 RDTITL> * SET B = 82
 RDTITL> * SET C = 82
 RDTITL> * SET ALPHA = 90.0
 RDTITL> * SET BETA  = 90.0
 RDTITL> * SET GAMMA = 90.0
 RDTITL> * SET FFTX     = 90
 RDTITL> * SET FFTY     = 90
 RDTITL> * SET FFTZ     = 90
 RDTITL> * SET POSID = POT
 RDTITL> * SET NEGID = CLA
 RDTITL> * SET XCEN = 0
 RDTITL> * SET YCEN = 0
 RDTITL> * SET ZCEN = 0
 RDTITL> *
  
 CHARMM>     
  
 CHARMM>     
  
 CHARMM>    stop
 VCLOSE: Closing unit   10 with status "KEEP"
 VCLOSE: Closing unit   20 with status "KEEP"
 VCLOSE: Closing unit   90 with status "KEEP"
$$$$$$  New timer profile $$$$$
      Image Update                    0.19 Other:            0.00
      xdistm setup                    0.01 Other:            0.00
      xdistm Build list               2.15 Other:            0.00
      NBONDS                          1.08 Other:            0.00
   List time                       3.43 Other:            0.00
      Nonbond force                   6.74 Other:            0.00
         Bond energy                     0.06 Other:            0.00
         Angle energy                    0.14 Other:            0.00
         Dihedral energy                 0.08 Other:            0.00
         Restraints energy               0.00 Other:            0.00
      INTRNL energy                   0.33 Other:            0.05
   Energy time                     7.15 Other:            0.08
 Total time                     18.41 Other:            7.83

                    NORMAL TERMINATION BY NORMAL STOP
                    MOST SEVERE WARNING WAS AT LEVEL  1

                    $$$$$ JOB ACCOUNTING INFORMATION $$$$$
                     ELAPSED TIME:    18.41  SECONDS 
                         CPU TIME:    18.41  SECONDS 
