1
                 Chemistry at HARvard Macromolecular Mechanics
           (CHARMM) - Developmental Version 40b2   February 15, 2016            
       Copyright(c) 1984-2014  President and Fellows of Harvard College
                              All Rights Reserved
     Current operating system: Linux-2.6.32-504.3.3.el6.x86_64(x86_64)@gamm     
                 Created on  3/27/16 at 20:52:21 by user: charmm-gui  

            Maximum number of ATOMS:    360720, and RESidues:      120240
 RDTITL> * GENERATED BY CHARMM-GUI (HTTP://WWW.CHARMM-GUI.ORG) V1.8 ON MAR, 27. 2016.
 RDTITL> * READ PDB, MANIPULATE STRUCTURE IF NEEDED, AND GENERATE TOPOLOGY FILE
 RDTITL> *
  
 CHARMM>     
  
 CHARMM>    DIMENS CHSIZE 2000000
Size      Original         New
MAXA        360720     2000000
MAXB        360720     2000000
MAXT        721440     4000000
MAXP       1082160     6000000
MAXIMP      180360     1000000
MAXNB        90180      500000
MAXPAD      360720     2000000
MAXRES      120240      666666
MAXSEG       45090      250000
MAXATC         700
MAXCB         1500
MAXCT        50000
MAXCP        20000
MAXCI          600
MAXCH         3200
MAXCN       502503
MAXCRT      120240      666666
  
 CHARMM>    !DIMENS CHSIZE 1000000
 CHARMM>     
  
 CHARMM>    ! Read topology and parameter files
 CHARMM>    stream toppar.str
 VOPEN> Attempting to open::toppar.str::
 OPNLGU> Unit 99 opened for READONLY access to /home/charmm-gui/data/www/1459129914/toppar.str

                    INPUT STREAM SWITCHING TO UNIT    99
 RDTITL> * GENERATED BY CHARMM-GUI (HTTP://WWW.CHARMM-GUI.ORG) V1.8 ON MAR, 27. 2016.
 RDTITL> * STREAM FILE FOR TOPOLOGY AND PARAMETER READING
 RDTITL> *
 Parameter: IN1 <- "" <empty>
  
 CHARMM>     
  
 CHARMM>    ! protein topology and parameter
 CHARMM>    open read card unit 10 name toppar/top_all36_prot.rtf
 VOPEN> Attempting to open::toppar/top_all36_prot.rtf::
 OPNLGU> Unit 10 opened for READONLY access to /home/charmm-gui/data/www/1459129914/toppar/top_all36_prot.rtf
  
 CHARMM>    read  rtf card unit 10
 MAINIO> Residue topology file being read from unit  10.
 TITLE> *>>>>>>>>CHARMM36 ALL-HYDROGEN TOPOLOGY FILE FOR PROTEINS <<<<<<
 TITLE> *>>>>> INCLUDES PHI, PSI CROSS TERM MAP (CMAP) CORRECTION <<<<<<<
 TITLE> *>>>>>>>>>>>>>>>>>>>>>>>>>> MAY 2011 <<<<<<<<<<<<<<<<<<<<<<<<<<<<
 TITLE> * ALL COMMENTS TO THE CHARMM WEB SITE: WWW.CHARMM.ORG
 TITLE> *             PARAMETER SET DISCUSSION FORUM
 TITLE> *
  
 CHARMM>     
  
 CHARMM>    open read card unit 20 name toppar/par_all36_prot.prm
 VOPEN> Attempting to open::toppar/par_all36_prot.prm::
 OPNLGU> Unit 20 opened for READONLY access to /home/charmm-gui/data/www/1459129914/toppar/par_all36_prot.prm
  
 CHARMM>    read para card unit 20 flex

          PARAMETER FILE BEING READ FROM UNIT 20
 TITLE> *>>>> CHARMM36 ALL-HYDROGEN PARAMETER FILE FOR PROTEINS <<<<<<<<<<
 TITLE> *>>>>> INCLUDES PHI, PSI CROSS TERM MAP (CMAP) CORRECTION <<<<<<<<
 TITLE> *>>>>>>>>>>>>>>>>>>>>>>>>>> FEB. 2012 <<<<<<<<<<<<<<<<<<<<<<<<<<<<
 TITLE> * ALL COMMENTS TO THE CHARMM WEB SITE: WWW.CHARMM.ORG
 TITLE> *             PARAMETER SET DISCUSSION FORUM
 TITLE> *
 PARMIO> NONBOND, HBOND lists and IMAGE atoms cleared.
  
 CHARMM>     
  
 CHARMM>    ! nucleic acids
 CHARMM>    open read card unit 10 name toppar/top_all36_na.rtf
 OPNLGU> Unit already open. The old file will be closed first.
 VCLOSE: Closing unit   10 with status "KEEP"
 VOPEN> Attempting to open::toppar/top_all36_na.rtf::
 OPNLGU> Unit 10 opened for READONLY access to /home/charmm-gui/data/www/1459129914/toppar/top_all36_na.rtf
  
 CHARMM>    read  rtf card unit 10 append
 MAINIO> Residue topology file being read from unit  10.
 TITLE> *  \\\\ CHARMM36 ALL-HYDROGEN NUCLEIC ACID TOPOLOGY FILE ////
 TITLE> *   ALEXANDER D. MACKERELL JR. AND COWORKERS
 TITLE> *                      APRIL 2011
 TITLE> * ALL COMMENTS TO THE CHARMM WEB SITE: WWW.CHARMM.ORG
 TITLE> *           PARAMETER SET DISCUSSION FORUM
 TITLE> *
  
 CHARMM>     
  
 CHARMM>    open read card unit 20 name toppar/par_all36_na.prm
 OPNLGU> Unit already open. The old file will be closed first.
 VCLOSE: Closing unit   20 with status "KEEP"
 VOPEN> Attempting to open::toppar/par_all36_na.prm::
 OPNLGU> Unit 20 opened for READONLY access to /home/charmm-gui/data/www/1459129914/toppar/par_all36_na.prm
  
 CHARMM>    read para card unit 20 append flex

          PARAMETER FILE BEING READ FROM UNIT 20
 TITLE> * \\\\ CHARMM36 ALL-HYDROGEN NUCLEIC ACID PARAMETER FILE ////
 TITLE> *         ALEXANDER D. MACKERELL JR. AND COWORKERS
 TITLE> *                        APRIL 2011
 TITLE> * ALL COMMENTS TO THE CHARMM WEB SITE: WWW.CHARMM.ORG PARAMETER
 TITLE> *                     SET DISCUSSION FORUM
 TITLE> *
 PARMIO> NONBOND, HBOND lists and IMAGE atoms cleared.
  
 CHARMM>     
  
 CHARMM>    ! carbohydrates
 CHARMM>    open read card unit 10 name toppar/top_all36_carb.rtf
 OPNLGU> Unit already open. The old file will be closed first.
 VCLOSE: Closing unit   10 with status "KEEP"
 VOPEN> Attempting to open::toppar/top_all36_carb.rtf::
 OPNLGU> Unit 10 opened for READONLY access to /home/charmm-gui/data/www/1459129914/toppar/top_all36_carb.rtf
  
 CHARMM>    read  rtf card unit 10 append
 MAINIO> Residue topology file being read from unit  10.
 TITLE> * $ID: TOP_ALLXX_SUGAR.INP,V 1.106 2014/08/19 19:07:43 ALEX EXP $
 TITLE> *>>>>>>>>>>>> ALL-HYDROGEN TOPOLOGIES USED IN THE <<<<<<<<<<<<<<<<
 TITLE> *>>>>> DEVELOPMENT OF THE CHARMM CARBOHYDRATE  FORCE FIELD<<<<<<<<
 TITLE> *>>>>>>>>>>>>>>>>>>>>>>>>> JUNE 2009 <<<<<<<<<<<<<<<<<<<<<<<<<<<<<
 TITLE> *>>>>>>>> DIRECT COMMENTS TO ALEXANDER D. MACKERELL JR. <<<<<<<<<<
 TITLE> *>>>>>>>>>> VIA THE CHARMM WEB SITE: WWW.CHARMM.ORG <<<<<<<<<<<<<<
 TITLE> *>>>>>>>>>>>>>>> PARAMETER SET DISCUSSION FORUM <<<<<<<<<<<<<<<<<<
 TITLE> *
  
 CHARMM>     
  
 CHARMM>    open read card unit 20 name toppar/par_all36_carb.prm
 OPNLGU> Unit already open. The old file will be closed first.
 VCLOSE: Closing unit   20 with status "KEEP"
 VOPEN> Attempting to open::toppar/par_all36_carb.prm::
 OPNLGU> Unit 20 opened for READONLY access to /home/charmm-gui/data/www/1459129914/toppar/par_all36_carb.prm
  
 CHARMM>    read para card unit 20 append flex

          PARAMETER FILE BEING READ FROM UNIT 20
 TITLE> * $ID: PAR_ALLXX_SUGAR.INP,V 1.132 2014/08/19 19:03:21 ALEX EXP $
 TITLE> *>>>>>>>>>>>> ALL-HYDROGEN PARAMETERS USED IN THE <<<<<<<<<<<<<<<<
 TITLE> *>>>>> DEVELOPMENT OF THE CHARMM CARBOHYDRATE  FORCE FIELD<<<<<<<<
 TITLE> *>>>>>>>>>>>>>>>>>>>>>>>>> JUNE 2009 <<<<<<<<<<<<<<<<<<<<<<<<<<<<<
 TITLE> *>>>>>>>> DIRECT COMMENTS TO ALEXANDER D. MACKERELL JR. <<<<<<<<<<
 TITLE> *>>>>>>>>>> VIA THE CHARMM WEB SITE: WWW.CHARMM.ORG <<<<<<<<<<<<<<
 TITLE> *>>>>>>>>>>>>>>> PARAMETER SET DISCUSSION FORUM <<<<<<<<<<<<<<<<<<
 TITLE> *
 PARMIO> NONBOND, HBOND lists and IMAGE atoms cleared.
  
 CHARMM>     
  
 CHARMM>    ! lipids
 CHARMM>    open read card unit 10 name toppar/top_all36_lipid.rtf
 OPNLGU> Unit already open. The old file will be closed first.
 VCLOSE: Closing unit   10 with status "KEEP"
 VOPEN> Attempting to open::toppar/top_all36_lipid.rtf::
 OPNLGU> Unit 10 opened for READONLY access to /home/charmm-gui/data/www/1459129914/toppar/top_all36_lipid.rtf
  
 CHARMM>    read  rtf card unit 10 append
 MAINIO> Residue topology file being read from unit  10.
 TITLE> *  \\\\\\\ CHARMM36 ALL-HYDROGEN LIPID TOPOLOGY FILE ///////
 TITLE> *  ALL COMMENTS AND QUESTIONS SHOULD BE SUBMITTED TO THE
 TITLE> *  PARAMETER FORUM AT THE CHARMM WEBSITE: WWW.CHARMM.ORG
 TITLE> *
  
 CHARMM>     
  
 CHARMM>    open read card unit 20 name toppar/par_all36_lipid.prm
 OPNLGU> Unit already open. The old file will be closed first.
 VCLOSE: Closing unit   20 with status "KEEP"
 VOPEN> Attempting to open::toppar/par_all36_lipid.prm::
 OPNLGU> Unit 20 opened for READONLY access to /home/charmm-gui/data/www/1459129914/toppar/par_all36_lipid.prm
  
 CHARMM>    read para card unit 20 append flex

          PARAMETER FILE BEING READ FROM UNIT 20
 TITLE> *  \\\\\\\ CHARMM36 ALL-HYDROGEN LIPID PARAMETER FILE ///////
 TITLE> *  ALL COMMENTS AND QUESTIONS SHOULD BE SUBMITTED TO THE
 TITLE> *  PARAMETER FORUM AT THE CHARMM WEBSITE: WWW.CHARMM.ORG
 TITLE> *
 PARMIO> NONBOND, HBOND lists and IMAGE atoms cleared.
  
 CHARMM>     
  
 CHARMM>    ! CGENFF
 CHARMM>    open read card unit 10 name toppar/top_all36_cgenff.rtf
 OPNLGU> Unit already open. The old file will be closed first.
 VCLOSE: Closing unit   10 with status "KEEP"
 VOPEN> Attempting to open::toppar/top_all36_cgenff.rtf::
 OPNLGU> Unit 10 opened for READONLY access to /home/charmm-gui/data/www/1459129914/toppar/top_all36_cgenff.rtf
  
 CHARMM>    read  rtf card unit 10 append
 MAINIO> Residue topology file being read from unit  10.
 TITLE> *  --------------------------------------------------------------------------  *
 TITLE> *          CGENFF: TOPOLOGY FOR THE CHARMM GENERAL FORCE FIELD V. 3.1          *
 TITLE> *                    FOR SMALL MOLECULE DRUG DESIGN                            *
 TITLE> *  --------------------------------------------------------------------------  *
 TITLE> *
  
 CHARMM>     
  
 CHARMM>    open read card unit 20 name toppar/par_all36_cgenff.prm
 OPNLGU> Unit already open. The old file will be closed first.
 VCLOSE: Closing unit   20 with status "KEEP"
 VOPEN> Attempting to open::toppar/par_all36_cgenff.prm::
 OPNLGU> Unit 20 opened for READONLY access to /home/charmm-gui/data/www/1459129914/toppar/par_all36_cgenff.prm
  
 CHARMM>    read para card unit 20 append flex

          PARAMETER FILE BEING READ FROM UNIT 20
 TITLE> *  --------------------------------------------------------------------------  *
 TITLE> *         CGENFF: PARAMETERS FOR THE CHARMM GENERAL FORCE FIELD V. 3.1         *
 TITLE> *                    FOR SMALL MOLECULE DRUG DESIGN                            *
 TITLE> *  --------------------------------------------------------------------------  *
 TITLE> *
 PARMIO> NONBOND, HBOND lists and IMAGE atoms cleared.
  
 CHARMM>     
  
 CHARMM>    ! Engineered residues
 CHARMM>    stream toppar/toppar_all36_prot_retinol.str
 VOPEN> Attempting to open::toppar/toppar_all36_prot_retinol.str::
 OPNLGU> Unit 98 opened for READONLY access to /home/charmm-gui/data/www/1459129914/toppar/toppar_all36_prot_retinol.str

                    INPUT STREAM SWITCHING TO UNIT    98
 RDTITL> * TOPPAR STREAM FILE FOR RETINOL AND RETINAL PARAMETERS
 RDTITL> * A. LOCCISANO, A.M.W., J. EVANSECK AND A.D. MACKERELL, JR.
 RDTITL> * APRIL, 2005
 RDTITL> *
 Parameter: IN1 <- "" <empty>
  
 CHARMM>     
  
 CHARMM>    !use with c36 protein force fields
 CHARMM>    !top_all36_prot.rtf
 CHARMM>    !par_all36_prot.prm
 CHARMM>     
  
 CHARMM>    read rtf card append
 MAINIO> Residue topology file being read from unit  98.
 RDTITL> * RETINAL/RETINOL AND RELATED MODEL COMPOUNDS
 RDTITL> *
*** WARNING **** residue BTE2 already exists (old one deleted)
          RESI BTE2       0.00
*** WARNING **** residue 13DB already exists (old one deleted)
          RESI 13DB       0.00
*** WARNING **** residue 13DP already exists (old one deleted)
          RESI 13DP       0.00
*** WARNING **** residue DMB1 already exists (old one deleted)
          RESI DMB1       0.00
*** WARNING **** residue DMP1 already exists (old one deleted)
          RESI DMP1       0.00
*** WARNING **** residue DMP2 already exists (old one deleted)
          RESI DMP2       0.00
*** WARNING **** residue CROT already exists (old one deleted)
          RESI CROT       0.00
*** WARNING **** residue PACP already exists (old one deleted)
          RESI PACP       0.00
*** WARNING **** residue MECH already exists (old one deleted)
          RESI MECH       0.00
*** WARNING **** residue TMCH already exists (old one deleted)
          RESI TMCH       0.00
*** WARNING **** residue FRET already exists (old one deleted)
          RESI FRET       0.00
*** WARNING **** residue RTOL already exists (old one deleted)
          RESI RTOL       0.00
*** WARNING **** residue RTAL already exists (old one deleted)
          RESI RTAL       0.00
*** WARNING **** residue RTAC already exists (old one deleted)
          RESI RTAC      -1.00
*** WARNING **** residue PRAC already exists (old one deleted)
          RESI PRAC      -1.00
*** WARNING **** residue PROL already exists (old one deleted)
          RESI PROL       0.00
*** WARNING **** residue PRAL already exists (old one deleted)
          RESI PRAL       0.00
*** WARNING **** residue SCH1 already exists (old one deleted)
          RESI SCH1       0.00
*** WARNING **** residue SCH2 already exists (old one deleted)
          RESI SCH2       1.00
*** WARNING **** residue SCH3 already exists (old one deleted)
          RESI SCH3       1.00
 There were  20 warning(s) from RTFRDR.
  
 CHARMM>     
  
 CHARMM>    read para card flex append

          PARAMETER FILE BEING READ FROM UNIT 98
 RDTITL> * RETINAL/RETINOL AND RELATED PARAMETERS
 RDTITL> *
 PARMIO> NONBOND, HBOND lists and IMAGE atoms cleared.
  
 CHARMM>     
  
 VCLOSE: Closing unit   98 with status "KEEP"

                    RETURNING TO INPUT STREAM    99
  
 CHARMM>     
  
 CHARMM>    ! glycopeptide
 CHARMM>    stream toppar/toppar_all36_carb_glycopeptide.str
 VOPEN> Attempting to open::toppar/toppar_all36_carb_glycopeptide.str::
 OPNLGU> Unit 98 opened for READONLY access to /home/charmm-gui/data/www/1459129914/toppar/toppar_all36_carb_glycopeptide.str

                    INPUT STREAM SWITCHING TO UNIT    98
 RDTITL> READ RTF CARD APPEND
 RDTITL> No title read.
 Parameter: IN1 <- "" <empty>
  
 CHARMM>    read rtf card append
 MAINIO> Residue topology file being read from unit  98.
 RDTITL> * TOPOLOGY FOR GLYCOPEPTIDE LINKAGES
 RDTITL> *
  
 CHARMM>     
  
 CHARMM>    read param card flex append

          PARAMETER FILE BEING READ FROM UNIT 98
 RDTITL> *    NEW PARAMETES
 RDTITL> *
 PARMIO> NONBOND, HBOND lists and IMAGE atoms cleared.
  
 CHARMM>     
  
 CHARMM>     
  
 CHARMM>    RETURN
 VCLOSE: Closing unit   98 with status "KEEP"

                    RETURNING TO INPUT STREAM    99
  
 CHARMM>     
  
 CHARMM>    ! Read additional topology and parameter file for phosphorylation
 CHARMM>    stream toppar/toppar_all36_prot_fluoro_alkanes.str
 VOPEN> Attempting to open::toppar/toppar_all36_prot_fluoro_alkanes.str::
 OPNLGU> Unit 98 opened for READONLY access to /home/charmm-gui/data/www/1459129914/toppar/toppar_all36_prot_fluoro_alkanes.str

                    INPUT STREAM SWITCHING TO UNIT    98
 RDTITL> * TOPOLOGY AND PARAMETERS FOR FLUORINATED ALKANES.
 RDTITL> *
 Parameter: IN1 <- "" <empty>
  
 CHARMM>     
  
 CHARMM>    !Parent files that have to be read prior to streaming this file
 CHARMM>    !top_all36_prot.rtf
 CHARMM>    !par_all36_prot.prm
 CHARMM>     
  
 CHARMM>    !Testcase
 CHARMM>    !test_all36_prot_fluoro_alkanes.inp
 CHARMM>     
  
 CHARMM>    !Reference
 CHARMM>    !Chen, I.-J., Yin, D. and MacKerell, Jr., A.D., "Combined Ab
 CHARMM>    !initio/Empirical Approach for Optimization of Lennard-Jones Parameters
 CHARMM>    !for Polar-Neutral Compounds," Journal of Computational Chemistry,
 CHARMM>    !2002, 23:199-213.
 CHARMM>    !
 CHARMM>    !Note that these parameters are higly optimized to reproduce the
 CHARMM>    !corresponding condensed phase properties and have not been incorporated
 CHARMM>    !into the CHARMM22 or CHARMM27 biomolecular force fields
 CHARMM>     
  
 CHARMM>    read rtf card append
 MAINIO> Residue topology file being read from unit  98.
 RDTITL> * TOPOLOGY FOR FLUOROALKANES
 RDTITL> *
*** WARNING **** residue ETHA already exists (old one deleted)
          RESI ETHA  0.0
*** WARNING **** residue FETH already exists (old one deleted)
          RESI FETH  0.0
*** WARNING **** residue DFET already exists (old one deleted)
          RESI DFET 0.0
*** WARNING **** residue TFET already exists (old one deleted)
          RESI TFET  0.0
*** WARNING **** residue TFE  already exists (old one deleted)
          RESI TFE   0.0
 There were   5 warning(s) from RTFRDR.
  
 CHARMM>     
  
 CHARMM>    read para card flex append

          PARAMETER FILE BEING READ FROM UNIT 98
 RDTITL> * FLUOROALKANE PARAMETERS
 RDTITL> *
 PARMIO> NONBOND, HBOND lists and IMAGE atoms cleared.
  
 CHARMM>     
  
 CHARMM>    return
 VCLOSE: Closing unit   98 with status "KEEP"

                    RETURNING TO INPUT STREAM    99
  
 CHARMM>    stream toppar/toppar_all36_prot_na_combined.str
 VOPEN> Attempting to open::toppar/toppar_all36_prot_na_combined.str::
 OPNLGU> Unit 98 opened for READONLY access to /home/charmm-gui/data/www/1459129914/toppar/toppar_all36_prot_na_combined.str

                    INPUT STREAM SWITCHING TO UNIT    98
 RDTITL> * TOPOLOGY AND PARAMETER STREAM FILE FOR PATCHES TO CREATE
 RDTITL> * MODEL COMPOUNDS AND PATCHES THAT REQUIRE BOTH PROTEIN AND
 RDTITL> * NUCLEIC ACID TOPOLOGY AND PARAMETER INFORMATION
 RDTITL> *
 Parameter: IN1 <- "" <empty>
  
 CHARMM>     
  
 CHARMM>    !Parent files that have to be read prior to streaming this file
 CHARMM>    !top_all36_prot.rtf
 CHARMM>    !par_all36_prot.prm
 CHARMM>    !top_all36_na.rtf
 CHARMM>    !par_all36_na.prm
 CHARMM>    !stream/toppar_all36_prot_fluoro_alkanes.str ! atom types an parameters for fluorinated compounds
 CHARMM>     
  
 CHARMM>    !Testcase
 CHARMM>    !test_all36_prot_na_combined.inp
 CHARMM>     
  
 CHARMM>    !all patches must be followed by AUTOGENERATE ANGLES DIHEDRALS
 CHARMM>     
  
 CHARMM>    !PHOSPHOTYROSINE
 CHARMM>    !
 CHARMM>    !Feng, M.-H., Philippopoulos, M., MacKerell, Jr., A.D. and Lim, C.
 CHARMM>    !Structural Characterization of the Phosphotyrosine Binding Region of a
 CHARMM>    !High-Affinity aSH2 Domain-Phosphopeptide Complex by Molecular Dynamics
 CHARMM>    !Simulation and Chemical Shift Calculations. Journal of the American
 CHARMM>    !Chemical Society, 1996, 118: 11265-11277.
 CHARMM>     
  
 CHARMM>    read rtf card append
 MAINIO> Residue topology file being read from unit  98.
 RDTITL> * TOPOLOGY FOR PHOSPHORYLATED AMINO ACIDS
 RDTITL> *
*** WARNING **** residue THFI already exists (old one deleted)
          RESI THFI       0.00
*** WARNING **** residue THMI already exists (old one deleted)
          RESI THMI       0.00
*** WARNING **** residue THFA already exists (old one deleted)
          RESI THFA        0.00
*** WARNING **** residue THAO already exists (old one deleted)
          RESI THAO         0.00
*** WARNING **** residue RNUS already exists (old one deleted)
          RESI RNUS         0.00
*** WARNING **** residue NUCL already exists (old one deleted)
          RESI NUCL        -1.00
*** WARNING **** residue PPH1 already exists (old one deleted)
          RESI PPH1      -1.00
*** WARNING **** residue BMPH already exists (old one deleted)
          RESI BMPH      -1.00
*** WARNING **** residue BMPD already exists (old one deleted)
          RESI BMPD      -2.00
*** WARNING **** residue BDFP already exists (old one deleted)
          RESI BDFP      -1.00
*** WARNING **** residue BDFD already exists (old one deleted)
          RESI BDFD -2.00
*** WARNING **** residue EP_2 already exists (old one deleted)
          RESI EP_2        -2.00
*** WARNING **** residue IP_2 already exists (old one deleted)
          RESI IP_2        -2.00
 There were  13 warning(s) from RTFRDR.
  
 CHARMM>     
  
 CHARMM>    read para card flex append

          PARAMETER FILE BEING READ FROM UNIT 98
 RDTITL> * ADDITIONAL PARAMETERS FOR PHOSPHORYLATED AMINO ACIDS
 RDTITL> *
 PARMIO> NONBOND, HBOND lists and IMAGE atoms cleared.
  
 VCLOSE: Closing unit   98 with status "KEEP"

                    RETURNING TO INPUT STREAM    99
  
 CHARMM>     
  
 CHARMM>    ! Extra Lipids
 CHARMM>    stream toppar/toppar_all36_lipid_bacterial.str
 VOPEN> Attempting to open::toppar/toppar_all36_lipid_bacterial.str::
 OPNLGU> Unit 98 opened for READONLY access to /home/charmm-gui/data/www/1459129914/toppar/toppar_all36_lipid_bacterial.str

                    INPUT STREAM SWITCHING TO UNIT    98
 RDTITL> * TOPPAR STREAM FILE FOR BRANCHED AND CYCLIC CHAINED LIPIDS.  FOLLOWING READING OF
 RDTITL> * TOP_ALL36_LIPID.RTF
 RDTITL> * AND
 RDTITL> * PAR_ALL36_LIPID.RTF
 RDTITL> *
 Parameter: IN1 <- "" <empty>
  
 CHARMM>     
  
 CHARMM>    ! REFERENCES
 CHARMM>    !
 CHARMM>    ! Branched Lipids
 CHARMM>    !
 CHARMM>    ! Lim, J.B. & Klauda, J.B. Branching at the Iso- and Anteiso- Positions in Complex Chlamydia
 CHARMM>    ! Membranes: A Molecular Dynamics Study. Biochimica et Biophysica Acta (BBA) - Biomembranes
 CHARMM>    ! 1808:323-331 (2011).
 CHARMM>    !
 CHARMM>    ! Cyclic-replacement of double bond
 CHARMM>    !
 CHARMM>    ! Pandit, K.R. & Klauda, J.B. Membrane models of E. coli containing cyclic moieties in
 CHARMM>    ! the aliphatic lipid chain. Biochimica et Biophysica Acta (BBA) - Biomembranes
 CHARMM>    ! 1818:1205-1210 (2012).
 CHARMM>    !
 CHARMM>     
  
 CHARMM>    set nat ?NATC
 RDCMND substituted energy or value "?NATC" to "485"
 Parameter: NAT <- "485"
  
 CHARMM>    set app
 Parameter: APP <- "" <empty>
  
 CHARMM>    !We're exploiting what is arguably a bug in the parser. On the left hand side,
 CHARMM>    !the quotes have proirity, so NAT is correctly substituted. On the right hand
 CHARMM>    !side, the ? has priority and NATC" (sic) is not a valid substitution...
 CHARMM>    if "@NAT" ne "?NATC" if @nat ne 0 set app append
 Parameter: NAT -> "485"
 Parameter: NAT -> "485"
 RDCMND: can not substitute energy "?NATC""
 Comparing ""485"" and ""?NATC"".
 IF test evaluated as true.  Performing command
 Comparing "485" and "0".
 IF test evaluated as true.  Performing command
 Parameter: APP <- "APPEND"
  
 CHARMM>     
  
 CHARMM>    read rtf card @app
 Parameter: APP -> "APPEND"
 MAINIO> Residue topology file being read from unit  98.
 RDTITL> * CHOLESTEROL RESIDUES
 RDTITL> *
  
 CHARMM>     
  
 CHARMM>    read para card flex @app
 Parameter: APP -> "APPEND"

          PARAMETER FILE BEING READ FROM UNIT 98
 RDTITL> * NEW PARAMETERS
 RDTITL> *
 PARMIO> NONBOND, HBOND lists and IMAGE atoms cleared.
  
 CHARMM>     
  
 CHARMM>    return
 VCLOSE: Closing unit   98 with status "KEEP"

                    RETURNING TO INPUT STREAM    99
  
 CHARMM>    stream toppar/toppar_all36_lipid_miscellaneous.str
 VOPEN> Attempting to open::toppar/toppar_all36_lipid_miscellaneous.str::
 OPNLGU> Unit 98 opened for READONLY access to /home/charmm-gui/data/www/1459129914/toppar/toppar_all36_lipid_miscellaneous.str

                    INPUT STREAM SWITCHING TO UNIT    98
 RDTITL> READ RTF CARD APPEND FLEX
 RDTITL> No title read.
 Parameter: IN1 <- "" <empty>
  
 CHARMM>    read rtf card append flex
 MAINIO> Residue topology file being read from unit  98.
 RDTITL> * TOPOLOGY FOR MISCELLANEOUS LIPIDS
 RDTITL> *
  
 CHARMM>     
  
 CHARMM>    return
 VCLOSE: Closing unit   98 with status "KEEP"

                    RETURNING TO INPUT STREAM    99
  
 CHARMM>    stream toppar/toppar_all36_lipid_cholesterol.str
 VOPEN> Attempting to open::toppar/toppar_all36_lipid_cholesterol.str::
 OPNLGU> Unit 98 opened for READONLY access to /home/charmm-gui/data/www/1459129914/toppar/toppar_all36_lipid_cholesterol.str

                    INPUT STREAM SWITCHING TO UNIT    98
 RDTITL> * TOPPAR STREAM FILE FOR CHOLESTEROL.  STREAM FOLLOWING READING OF
 RDTITL> * TOP_ALL36_LIPID.RTF
 RDTITL> * PAR_ALL36_LIPID.RTF
 RDTITL> * TOP_ALL36_CGENFF.RTF
 RDTITL> * AND PAR_ALL36_CGENFF.PRM
 RDTITL> *
 Parameter: IN1 <- "" <empty>
  
 CHARMM>     
  
 CHARMM>    !topology and parameters are included for two cholesterol models. the
 CHARMM>    !model may be selected by setting variable chol_model to 1 or 2, as
 CHARMM>    !specified below
 CHARMM>    !
 CHARMM>     
  
 CHARMM>    set chol_model 1 !2 for original Suits et al. model
 Parameter: CHOL_MODEL <- "1"
  
 CHARMM>     
  
 CHARMM>    !
 CHARMM>    !1) Revised model of Lim et al.  This contains a number of NBFIXes that
 CHARMM>    !makes it unsuitable for ANTON (set chol_model 1)
 CHARMM>    !
 CHARMM>    !2) Original model of Suits et al., which is used on ANTON as well as
 CHARMM>    !being suitable for other systems (set chol_model 2 (or anything but 1....))
 CHARMM>    !
 CHARMM>    !references
 CHARMM>    !
 CHARMM>    !Lim, J.B., Rogaski, B. and Klauda, J.B.. "Update of the Cholesterol Force Field
 CHARMM>    !Parameters in CHARMM" 116: 203-210 (2012).
 CHARMM>    !
 CHARMM>    !Suits, F., Pitman, M., MacKerell, A.D., Jr., Feller, S.E. "Molecular Level
 CHARMM>    !Organization of Saturated and Polyunsaturated Fatty Acids in a
 CHARMM>    !Phosphatidylcholine Bilayer Containing Cholesterol" Biochemistry,
 CHARMM>    !43(49):15318-28, 2004
 CHARMM>    !
 CHARMM>     
  
 CHARMM>    !test "append"
 CHARMM>    set nat ?NATC
 RDCMND substituted energy or value "?NATC" to "485"
 Parameter: NAT <- "485"
  
 CHARMM>    set app
 Parameter: APP <- "" <empty>
  
 CHARMM>    !We're exploiting what is arguably a bug in the parser. On the left hand side,
 CHARMM>    !the quotes have priority, so NAT is correctly substituted. On the right hand
 CHARMM>    !side, the ? has priority and NATC" (sic) is not a valid substitution...
 CHARMM>    if "@NAT" ne "?NATC" if @nat ne 0 set app append
 Parameter: NAT -> "485"
 Parameter: NAT -> "485"
 RDCMND: can not substitute energy "?NATC""
 Comparing ""485"" and ""?NATC"".
 IF test evaluated as true.  Performing command
 Comparing "485" and "0".
 IF test evaluated as true.  Performing command
 Parameter: APP <- "APPEND"
  
 CHARMM>     
  
 CHARMM>    if chol_model eq 1 then
 Comparing "1" and "1".
 IF test evaluated as true.  Performing command
  
 CHARMM>     
  
 CHARMM>    ! reference
 CHARMM>    ! Lim, J.B., Rogaski, B. and Klauda, J.B.. "Update of the Cholesterol Force Field
 CHARMM>    ! Parameters in CHARMM" 116: 203-210 (2012).
 CHARMM>    !
 CHARMM>     
  
 CHARMM>    read rtf card @app
 Parameter: APP -> "APPEND"
 MAINIO> Residue topology file being read from unit  98.
 RDTITL> * TOPOLOGY FOR CHOLESTEROL
 RDTITL> *
  
 CHARMM>     
  
 CHARMM>    read param card flex @app
 Parameter: APP -> "APPEND"

          PARAMETER FILE BEING READ FROM UNIT 98
 RDTITL> * CHOLESTEROL PARAMETERS
 RDTITL> *
 PARMIO> NONBOND, HBOND lists and IMAGE atoms cleared.
  
 CHARMM>     
  
 CHARMM>    return
 VCLOSE: Closing unit   98 with status "KEEP"

                    RETURNING TO INPUT STREAM    99
  
 CHARMM>    stream toppar/toppar_all36_lipid_yeast.str
 VOPEN> Attempting to open::toppar/toppar_all36_lipid_yeast.str::
 OPNLGU> Unit 98 opened for READONLY access to /home/charmm-gui/data/www/1459129914/toppar/toppar_all36_lipid_yeast.str

                    INPUT STREAM SWITCHING TO UNIT    98
 RDTITL> * TOPPAR STREAM FILE FOR BRANCHED AND CYCLIC CHAINED LIPIDS.  FOLLOWING READING OF
 RDTITL> * TOP_ALL36_LIPID.RTF
 RDTITL> * AND
 RDTITL> * PAR_ALL36_LIPID.RTF
 RDTITL> *
 Parameter: IN1 <- "" <empty>
  
 CHARMM>     
  
 CHARMM>    set nat ?NATC
 RDCMND substituted energy or value "?NATC" to "485"
 Parameter: NAT <- "485"
  
 CHARMM>    set app
 Parameter: APP <- "" <empty>
  
 CHARMM>    !We're exploiting what is arguably a bug in the parser. On the left hand side,
 CHARMM>    !the quotes have proirity, so NAT is correctly substituted. On the right hand
 CHARMM>    !side, the ? has priority and NATC" (sic) is not a valid substitution...
 CHARMM>    if "@NAT" ne "?NATC" if @nat ne 0 set app append
 Parameter: NAT -> "485"
 Parameter: NAT -> "485"
 RDCMND: can not substitute energy "?NATC""
 Comparing ""485"" and ""?NATC"".
 IF test evaluated as true.  Performing command
 Comparing "485" and "0".
 IF test evaluated as true.  Performing command
 Parameter: APP <- "APPEND"
  
 CHARMM>     
  
 CHARMM>    read rtf card @app
 Parameter: APP -> "APPEND"
 MAINIO> Residue topology file being read from unit  98.
 RDTITL> * CHOLESTEROL RESIDUES
 RDTITL> *
  
 CHARMM>     
  
 CHARMM>    read para card flex @app
 Parameter: APP -> "APPEND"

          PARAMETER FILE BEING READ FROM UNIT 98
 RDTITL> * NEW PARAMETERS
 RDTITL> *
 PARMIO> NONBOND, HBOND lists and IMAGE atoms cleared.
  
 CHARMM>     
  
 CHARMM>    return
 VCLOSE: Closing unit   98 with status "KEEP"

                    RETURNING TO INPUT STREAM    99
  
 CHARMM>    stream toppar/toppar_all36_lipid_sphingo.str
 VOPEN> Attempting to open::toppar/toppar_all36_lipid_sphingo.str::
 OPNLGU> Unit 98 opened for READONLY access to /home/charmm-gui/data/www/1459129914/toppar/toppar_all36_lipid_sphingo.str

                    INPUT STREAM SWITCHING TO UNIT    98
 RDTITL> * TOPPAR STREAM FOR CERAMIDES AND SPINGOMYELINS; REQUIRES FLEX FORMAT FILES
 RDTITL> * TOP_ALL36_LIPID.RTF AND PAR_ALL36_LIPID.PRM
 RDTITL> *
 Parameter: IN1 <- "" <empty>
  
 CHARMM>     
  
 CHARMM>    ! REFERENCES
 CHARMM>    !
 CHARMM>    ! PSM and SSM Lipids
 CHARMM>    !
 CHARMM>    ! Venable, R.M., B. Rogaski, H. Rui, A.D. MacKerell, Jr., R.W. Pastor, & J.B. Klauda.
 CHARMM>    ! An Experimentally Validated All-atom Force Field for Sphingomyelin. In prep. (2013).
 CHARMM>    !
 CHARMM>    ! Ceramide
 CHARMM>    !
 CHARMM>    ! Submited by Sam Tonddast-Navaei of U. Cincinnati. Advised by Russell Devane
 CHARMM>    !
 CHARMM>     
  
 CHARMM>    set nat ?NATC
 RDCMND substituted energy or value "?NATC" to "485"
 Parameter: NAT <- "485"
  
 CHARMM>    set app
 Parameter: APP <- "" <empty>
  
 CHARMM>    !We're exploiting what is arguably a bug in the parser. On the left hand side,
 CHARMM>    !the quotes have proirity, so NAT is correctly substituted. On the right hand
 CHARMM>    !side, the ? has priority and NATC" (sic) is not a valid substitution...
 CHARMM>    if "@NAT" ne "?NATC" if @nat ne 0 set app append
 Parameter: NAT -> "485"
 Parameter: NAT -> "485"
 RDCMND: can not substitute energy "?NATC""
 Comparing ""485"" and ""?NATC"".
 IF test evaluated as true.  Performing command
 Comparing "485" and "0".
 IF test evaluated as true.  Performing command
 Parameter: APP <- "APPEND"
  
 CHARMM>     
  
 CHARMM>    read rtf card @app
 Parameter: APP -> "APPEND"
 MAINIO> Residue topology file being read from unit  98.
 RDTITL> * CER/SM RESIDUES
 RDTITL> *
  
 CHARMM>     
  
 CHARMM>    read para card flex @app
 Parameter: APP -> "APPEND"

          PARAMETER FILE BEING READ FROM UNIT 98
 RDTITL> * NEW PARAMETERS
 RDTITL> *
 PARMIO> NONBOND, HBOND lists and IMAGE atoms cleared.
  
 CHARMM>     
  
 CHARMM>    return
 VCLOSE: Closing unit   98 with status "KEEP"

                    RETURNING TO INPUT STREAM    99
  
 CHARMM>    stream toppar/toppar_all36_lipid_glycolipid.str
 VOPEN> Attempting to open::toppar/toppar_all36_lipid_glycolipid.str::
 OPNLGU> Unit 98 opened for READONLY access to /home/charmm-gui/data/www/1459129914/toppar/toppar_all36_lipid_glycolipid.str

                    INPUT STREAM SWITCHING TO UNIT    98
 RDTITL> READ RTF CARD APPEND
 RDTITL> No title read.
 Parameter: IN1 <- "" <empty>
  
 CHARMM>    read rtf card append
 MAINIO> Residue topology file being read from unit  98.
 RDTITL> * TOPOLOGY FOR INOSITOL-BASED LIPIDS
 RDTITL> *
  
 CHARMM>     
  
 CHARMM>     
  
 CHARMM>    read param card flex append

          PARAMETER FILE BEING READ FROM UNIT 98
 RDTITL> * PIP RELATED PARAMETERS
 RDTITL> *
 PARMIO> NONBOND, HBOND lists and IMAGE atoms cleared.
  
 CHARMM>     
  
 CHARMM>    RETURN
 VCLOSE: Closing unit   98 with status "KEEP"

                    RETURNING TO INPUT STREAM    99
  
 CHARMM>    stream toppar/toppar_all36_lipid_inositol.str
 VOPEN> Attempting to open::toppar/toppar_all36_lipid_inositol.str::
 OPNLGU> Unit 98 opened for READONLY access to /home/charmm-gui/data/www/1459129914/toppar/toppar_all36_lipid_inositol.str

                    INPUT STREAM SWITCHING TO UNIT    98
 RDTITL> READ RTF CARD APPEND
 RDTITL> No title read.
 Parameter: IN1 <- "" <empty>
  
 CHARMM>    read rtf card append
 MAINIO> Residue topology file being read from unit  98.
 RDTITL> * TOPOLOGY FOR INOSITOL-BASED LIPIDS
 RDTITL> *
  
 CHARMM>     
  
 CHARMM>    read param card flex append

          PARAMETER FILE BEING READ FROM UNIT 98
 RDTITL> * PIP RELATED PARAMETERS
 RDTITL> *
 PARMIO> NONBOND, HBOND lists and IMAGE atoms cleared.
  
 CHARMM>     
  
 CHARMM>    RETURN
 VCLOSE: Closing unit   98 with status "KEEP"

                    RETURNING TO INPUT STREAM    99
  
 CHARMM>    stream toppar/toppar_all36_lipid_cardiolipin.str
 VOPEN> Attempting to open::toppar/toppar_all36_lipid_cardiolipin.str::
 OPNLGU> Unit 98 opened for READONLY access to /home/charmm-gui/data/www/1459129914/toppar/toppar_all36_lipid_cardiolipin.str

                    INPUT STREAM SWITCHING TO UNIT    98
 RDTITL> READ RTF CARD APPEND FLEX
 RDTITL> No title read.
 Parameter: IN1 <- "" <empty>
  
 CHARMM>    read rtf card append flex
 MAINIO> Residue topology file being read from unit  98.
 RDTITL>  
 RDTITL> No title read.
 WARNING from DECODI -- Zero length string being converted to 0
 RTFRDR> WARNING: Version number is NOT specified.
  
 CHARMM>     
  
 CHARMM>    return
 VCLOSE: Closing unit   98 with status "KEEP"

                    RETURNING TO INPUT STREAM    99
  
 CHARMM>    stream toppar/toppar_all36_lipid_llo.str
 VOPEN> Attempting to open::toppar/toppar_all36_lipid_llo.str::
 OPNLGU> Unit 98 opened for READONLY access to /home/charmm-gui/data/www/1459129914/toppar/toppar_all36_lipid_llo.str

                    INPUT STREAM SWITCHING TO UNIT    98
 RDTITL> * TOPOLOGY AND PARAMETERS FOR LIPID TAIL LINKERS TO CYSTEINE AND GLYCINE,
 RDTITL> * FOR EXAMPLE, PALMITOYLATION, MARISTOYLATION, FERNASYLATION, GERANYLATION
 RDTITL> *
 Parameter: IN1 <- "" <empty>
  
 CHARMM>     
  
 CHARMM>    read rtf card append
 MAINIO> Residue topology file being read from unit  98.
 RDTITL> * TOPOLOGY FOR LLO RELATED COMPOUNDS
 RDTITL> *
  
 CHARMM>     
  
 CHARMM>    read param card flex append

          PARAMETER FILE BEING READ FROM UNIT 98
 RDTITL> * LLO RELATED PARAMETERS
 RDTITL> *
 PARMIO> NONBOND, HBOND lists and IMAGE atoms cleared.
  
 CHARMM>     
  
 CHARMM>    RETURN
 VCLOSE: Closing unit   98 with status "KEEP"

                    RETURNING TO INPUT STREAM    99
  
 CHARMM>    stream toppar/toppar_all36_lipid_fattyacid.str
 VOPEN> Attempting to open::toppar/toppar_all36_lipid_fattyacid.str::
 OPNLGU> Unit 98 opened for READONLY access to /home/charmm-gui/data/www/1459129914/toppar/toppar_all36_lipid_fattyacid.str

                    INPUT STREAM SWITCHING TO UNIT    98
 RDTITL> * TOPPAR STREAM FILE FOR FATTY ACIDS
 RDTITL>  
 Parameter: IN1 <- "" <empty>
  
 CHARMM>     
  
 CHARMM>    read rtf card append flex
 MAINIO> Residue topology file being read from unit  98.
 RDTITL> *  TOPOLOGY FOR FATTY ACID RELATED COMPOUNDS
 RDTITL> *
  
 CHARMM>     
  
 CHARMM>    return
 VCLOSE: Closing unit   98 with status "KEEP"

                    RETURNING TO INPUT STREAM    99
  
 CHARMM>    stream toppar/toppar_all36_lipid_detergent.str
 VOPEN> Attempting to open::toppar/toppar_all36_lipid_detergent.str::
 OPNLGU> Unit 98 opened for READONLY access to /home/charmm-gui/data/www/1459129914/toppar/toppar_all36_lipid_detergent.str

                    INPUT STREAM SWITCHING TO UNIT    98
 RDTITL> * TOPPAR STREAM FILE FOR DETERGENTS.  STREAM FOLLOWING READING OF
 RDTITL> * TOP_ALL36_LIPID.RTF
 RDTITL> * AND
 RDTITL> * PAR_ALL36_LIPID.RTF
 RDTITL> *
 Parameter: IN1 <- "" <empty>
  
 CHARMM>     
  
 CHARMM>    read rtf card append
 MAINIO> Residue topology file being read from unit  98.
 RDTITL> * DETERGENT RESIDUES
 RDTITL> *
  
 CHARMM>     
  
 CHARMM>    read para card append flex

          PARAMETER FILE BEING READ FROM UNIT 98
 RDTITL> * CYSTEIN-PALMITATE PARAMETERS
 RDTITL> *
 PARMIO> NONBOND, HBOND lists and IMAGE atoms cleared.
  
 CHARMM>     
  
 CHARMM>    return
 VCLOSE: Closing unit   98 with status "KEEP"

                    RETURNING TO INPUT STREAM    99
  
 CHARMM>     
  
 CHARMM>    ! Read additional topology and parameter file for water and ions
 CHARMM>    stream toppar/toppar_water_ions.str
 VOPEN> Attempting to open::toppar/toppar_water_ions.str::
 OPNLGU> Unit 98 opened for READONLY access to /home/charmm-gui/data/www/1459129914/toppar/toppar_water_ions.str

                    INPUT STREAM SWITCHING TO UNIT    98
 RDTITL> * TOPLOGY AND PARAMETER INFORMATION FOR WATER AND IONS.
 RDTITL> *
 Parameter: IN1 <- "" <empty>
  
 CHARMM>     
  
 CHARMM>    !Testcase
 CHARMM>    !test_water_ions.inp
 CHARMM>     
  
 CHARMM>    ! IMPORTANT NOTE: this file contains NBFixes between carboxylates and sodium,
 CHARMM>    ! which will only apply if the main files containing carboxylate atom types
 CHARMM>    ! have been read in first!
 CHARMM>     
  
 CHARMM>    !references
 CHARMM>    !
 CHARMM>    !TIP3P water model
 CHARMM>    !
 CHARMM>    !W.L. Jorgensen; J.Chandrasekhar; J.D. Madura; R.W. Impey;
 CHARMM>    !M.L. Klein; "Comparison of simple potential functions for
 CHARMM>    !simulating liquid water", J. Chem. Phys. 79 926-935 (1983).
 CHARMM>    !
 CHARMM>    !IONS
 CHARMM>    !
 CHARMM>    !Ions from Roux and coworkers
 CHARMM>    !
 CHARMM>    !Beglov, D. and Roux, B., Finite Representation of an Infinite
 CHARMM>    !Bulk System: Solvent Boundary Potential for Computer Simulations,
 CHARMM>    !Journal of Chemical Physics, 1994, 100: 9050-9063
 CHARMM>    !
 CHARMM>    !ZINC
 CHARMM>    !
 CHARMM>    !Stote, R.H. and Karplus, M. Zinc Binding in Proteins and
 CHARMM>    !Solution: A Simple but Accurate Nonbonded Representation, PROTEINS:
 CHARMM>    !Structure, Function, and Genetics 23:12-31 (1995)
 CHARMM>     
  
 CHARMM>    !test "append" to determine if previous toppar files have been read and
 CHARMM>    !add append to "read rtf card" if true
 CHARMM>    set nat ?NATC
 RDCMND substituted energy or value "?NATC" to "485"
 Parameter: NAT <- "485"
  
 CHARMM>    set app
 Parameter: APP <- "" <empty>
  
 CHARMM>    !We're exploiting what is arguably a bug in the parser. On the left hand side,
 CHARMM>    !the quotes have priority, so NAT is correctly substituted. On the right hand
 CHARMM>    !side, the ? has priority and NATC" (sic) is not a valid substitution...
 CHARMM>    if "@NAT" ne "?NATC" if @nat ne 0 set app append
 Parameter: NAT -> "485"
 Parameter: NAT -> "485"
 RDCMND: can not substitute energy "?NATC""
 Comparing ""485"" and ""?NATC"".
 IF test evaluated as true.  Performing command
 Comparing "485" and "0".
 IF test evaluated as true.  Performing command
 Parameter: APP <- "APPEND"
  
 CHARMM>     
  
 CHARMM>    read rtf card @app
 Parameter: APP -> "APPEND"
 MAINIO> Residue topology file being read from unit  98.
 RDTITL> * TOPOLOGY FOR WATER AND IONS
 RDTITL> *
  
 CHARMM>     
  
 CHARMM>    read para card flex @app
 Parameter: APP -> "APPEND"

          PARAMETER FILE BEING READ FROM UNIT 98
 RDTITL> * PARAMETERS FOR WATER AND IONS
 RDTITL> *
 PARMIO> NONBOND, HBOND lists and IMAGE atoms cleared.
  
 CHARMM>     
  
 CHARMM>    ! The following section contains NBFixes for sodium interacting with
 CHARMM>    ! carboxylate oxygens of various CHARMM force fields. It will generate
 CHARMM>    ! level -1 warnings whenever any of these force fields have not been
 CHARMM>    ! read prior to the current stream file. Since we don't want to force
 CHARMM>    ! the user to always read all the force fields, we're suppressing the
 CHARMM>    ! warnings. The only side effect is that you will have "most severe
 CHARMM>    ! warning was at level 0" at the end of your output. Also note that
 CHARMM>    ! the user is responsible for reading the current file last if they
 CHARMM>    ! want the NBFixes to apply. A more elegant solution would require new
 CHARMM>    ! features to be added to CHARMM.
 CHARMM>    ! parallel fix, to avoid duplicated messages in the log
 CHARMM>    set para
 Parameter: PARA <- "" <empty>
  
 CHARMM>    if ?NUMNODE gt 1 set para node 0
 RDCMND substituted energy or value "?NUMNODE" to "1"
 Comparing "1" and "1".
 IF test evaluated as false.  Skipping command
  
 CHARMM>     
  
 CHARMM>    set wrn ?WRNLEV
 RDCMND substituted energy or value "?WRNLEV" to "5"
 Parameter: WRN <- "5"
  
 CHARMM>    ! Some versions of CHARMM don't seem to initialize wrnlev...
 CHARMM>    if "@WRN" eq "?WRNLEV" set wrn 5
 Parameter: WRN -> "5"
 RDCMND: can not substitute energy "?WRNLEV""
 Comparing ""5"" and ""?WRNLEV"".
 IF test evaluated as false.  Skipping command
  
 CHARMM>    set bom ?bomlev
 RDCMND substituted energy or value "?BOMLEV" to "0"
 Parameter: BOM <- "0"
  
 CHARMM>    WRNLEV -1 @PARA
 Parameter: PARA -> "" <empty>
  
 CHARMM>    BOMLEV -1 @PARA
 Parameter: PARA -> "" <empty>
  
 CHARMM>    read para card flex append

          PARAMETER FILE BEING READ FROM UNIT 98
 RDTITL> * NBFIX BETWEEN CARBOXYLATE AND SODIUM
 RDTITL> *
 PARMIO> NONBOND, HBOND lists and IMAGE atoms cleared.
  
 CHARMM>    BOMLEV @bom @PARA
 Parameter: BOM -> "0"
 Parameter: PARA -> "" <empty>
  
 CHARMM>    WRNLEV @wrn @PARA
 Parameter: WRN -> "5"
 Parameter: PARA -> "" <empty>
  
 CHARMM>     
  
 CHARMM>    return
 VCLOSE: Closing unit   98 with status "KEEP"

                    RETURNING TO INPUT STREAM    99
  
 CHARMM>    stream toppar/toppar_dum_noble_gases.str
 VOPEN> Attempting to open::toppar/toppar_dum_noble_gases.str::
 OPNLGU> Unit 98 opened for READONLY access to /home/charmm-gui/data/www/1459129914/toppar/toppar_dum_noble_gases.str

                    INPUT STREAM SWITCHING TO UNIT    98
 RDTITL> * TOPLOGY AND PARAMETER INFORMATION FOR HELIUM, NEON AND A DUMMY ATOM.
 RDTITL> *
 Parameter: IN1 <- "" <empty>
  
 CHARMM>     
  
 CHARMM>    !Testcase
 CHARMM>    !test_dum_nobel_gases.inp
 CHARMM>     
  
 CHARMM>    !test "append" to determine if previous	toppar files have been read and
 CHARMM>    !add append to "read rtf card" if true
 CHARMM>    set nat ?NATC
 RDCMND substituted energy or value "?NATC" to "485"
 Parameter: NAT <- "485"
  
 CHARMM>    set app
 Parameter: APP <- "" <empty>
  
 CHARMM>    !We're exploiting what is arguably a bug in the parser. On the left hand side,
 CHARMM>    !the quotes have proirity, so NAT is correctly substituted. On the right hand
 CHARMM>    !side, the ? has priority and NATC" (sic) is not a valid substitution...
 CHARMM>    if "@NAT" ne "?NATC" if @nat ne 0 set app append
 Parameter: NAT -> "485"
 Parameter: NAT -> "485"
 RDCMND: can not substitute energy "?NATC""
 Comparing ""485"" and ""?NATC"".
 IF test evaluated as true.  Performing command
 Comparing "485" and "0".
 IF test evaluated as true.  Performing command
 Parameter: APP <- "APPEND"
  
 CHARMM>     
  
 CHARMM>    read rtf card @app
 Parameter: APP -> "APPEND"
 MAINIO> Residue topology file being read from unit  98.
 RDTITL> * TOPOLOGY FOR HELIUM, NEON AND A DUMMY ATOM.
 RDTITL> *
  
 CHARMM>     
  
 CHARMM>    read para card flex @app
 Parameter: APP -> "APPEND"

          PARAMETER FILE BEING READ FROM UNIT 98
 RDTITL> * PARAMETERS FOR HELIUM, NEON AND A DUMMY ATOM.
 RDTITL> *
 PARMIO> NONBOND, HBOND lists and IMAGE atoms cleared.
  
 CHARMM>     
  
 CHARMM>    return
 VCLOSE: Closing unit   98 with status "KEEP"

                    RETURNING TO INPUT STREAM    99
  
 CHARMM>     
  
 CHARMM>    ! Read additional topology and parameter
 CHARMM>    stream toppar/toppar_all36_na_nad_ppi.str
 VOPEN> Attempting to open::toppar/toppar_all36_na_nad_ppi.str::
 OPNLGU> Unit 98 opened for READONLY access to /home/charmm-gui/data/www/1459129914/toppar/toppar_all36_na_nad_ppi.str

                    INPUT STREAM SWITCHING TO UNIT    98
 RDTITL> * CHARMM36 ALL-HYDROGEN NUCLEIC ACID FORCE TOPPAR STREAM FILE
 RDTITL> * NAD+, NADH, ADP, ATP, PPI AND RELATED ANALOGS
 RDTITL> * A.D. MACKERELL, JR., JULY 2001
 RDTITL> * STREAM FOLLOWING RTF AND PARAM READ OF
 RDTITL> *
 Parameter: IN1 <- "" <empty>
  
 CHARMM>     
  
 CHARMM>    !Update, 2015/1, nomenclature for NAD+ etc. consistent with PDB
 CHARMM>     
  
 CHARMM>    !Parent files that have to be read prior to streaming this file
 CHARMM>    !top_all36_na.rtf
 CHARMM>    !par_all36_na.prm
 CHARMM>     
  
 CHARMM>    !Testcase
 CHARMM>    !test_all36_na_nad_ppi.inp
 CHARMM>     
  
 CHARMM>    !Reference
 CHARMM>    !Pavelites, J.J., Bash, P.A., Gao, J., and MacKerell, Jr.,
 CHARMM>    !A.D. A Molecular Mechanics Force Field for NAD+, NADH and the
 CHARMM>    !Pyrophosphate Groups of Nucleotides, Journal of Computational
 CHARMM>    !Chemistry, 1997, 18: 221-239.
 CHARMM>     
  
 CHARMM>    read rtf card append
 MAINIO> Residue topology file being read from unit  98.
 RDTITL> * NAD, PPI TOPOLOGY
 RDTITL> *
*** WARNING **** residue NIC  already exists (old one deleted)
          RESI NIC         1.00
*** WARNING **** residue NICH already exists (old one deleted)
          RESI NICH         0.00
*** WARNING **** residue PPI1 already exists (old one deleted)
          RESI PPI1        -3.00
*** WARNING **** residue PPI2 already exists (old one deleted)
          RESI PPI2        -2.00
*** WARNING **** residue AMP  already exists (old one deleted)
          RESI AMP         -2.00
*** WARNING **** residue ADP  already exists (old one deleted)
          RESI ADP         -3.00
*** WARNING **** residue ATP  already exists (old one deleted)
          RESI ATP         -4.00
*** WARNING **** residue NAD  already exists (old one deleted)
          RESI NAD         -1.00
*** WARNING **** residue NADH already exists (old one deleted)
          RESI NADH        -2.00
*** WARNING **** residue NADP already exists (old one deleted)
          RESI NADP        -2.00
*** WARNING **** residue NDPH already exists (old one deleted)
          RESI NDPH        -3.00
 There were  11 warning(s) from RTFRDR.
  
 CHARMM>     
  
 CHARMM>    read para card flex append

          PARAMETER FILE BEING READ FROM UNIT 98
 RDTITL> * NAD, PPI PARAMETERS
 RDTITL> *
 PARMIO> NONBOND, HBOND lists and IMAGE atoms cleared.
  
 CHARMM>     
  
 CHARMM>     
  
 VCLOSE: Closing unit   98 with status "KEEP"

                    RETURNING TO INPUT STREAM    99
  
 CHARMM>     
  
 CHARMM>    ! carbohydrate chemical modifiactions
 CHARMM>    stream toppar/toppar_all36_carb_chemmod.str
 VOPEN> Attempting to open::toppar/toppar_all36_carb_chemmod.str::
 OPNLGU> Unit 98 opened for READONLY access to /home/charmm-gui/data/www/1459129914/toppar/toppar_all36_carb_chemmod.str

                    INPUT STREAM SWITCHING TO UNIT    98
 RDTITL> READ RTF CARD APPEND
 RDTITL> No title read.
 Parameter: IN1 <- "" <empty>
  
 CHARMM>    read rtf card append
 MAINIO> Residue topology file being read from unit  98.
 RDTITL> * GLYCAN CHEMICAL MODIFICATION PATCHES
 RDTITL> *
 **** WARNING from RTFRDR **** The total charge of the residue, SACE,  -0.1800000,
 does not equal the expected charge,   0.0000000.
 There were   1 warning(s) from RTFRDR.
  
 CHARMM>     
  
 CHARMM>     
  
 CHARMM>    read param card flex append

          PARAMETER FILE BEING READ FROM UNIT 98
 RDTITL> * GLYCAN CHEMICAL MODIFICATION PATCHES
 RDTITL> *
 PARRDR> Error: Repeated ANGLE parameter (  1014): CC31  CC32  CC31 is replaced
 PARRDR> Error: Repeated ANGLE parameter (  1013): CC31  CC31  CC32 is replaced
 PARRDR> Error: Repeated ANGLE parameter (  1015): CC31  CC31  CC32 is replaced
 PARRDR> Error: Repeated ANGLE parameter (  1016): CC32  CC31  OC30 is replaced
 PARRDR> Error: Repeated ANGLE parameter (  1011): CC31  CC32  OC30 is replaced
 PARRDR> Error: Repeated ANGLE parameter (  1010): HCA2  CC32  OC30 is replaced
 PARRDR> Error: Repeated DIHE parameter (  2585): OC3C  CC31  CC31  CC32 is replaced
 PARRDR> Error: Repeated DIHE parameter (  2584): OC3C  CC31  CC31  CC32 is replaced
 PARRDR> Error: Repeated DIHE parameter (  2582): CC31  CC32  CC31  HCA1 is replaced
 PARRDR> Error: Repeated DIHE parameter (  2601): CC31  CC32  CC31  OC30 is replaced
 PARRDR> Error: Repeated DIHE parameter (  2583): OC31  CC31  CC32  CC31 is replaced
 PARRDR> Error: Repeated DIHE parameter (  2576): CC31  CC31  CC32  HCA2 is replaced
 PARRDR> Error: Repeated DIHE parameter (  2577): CC31  CC31  CC32  CC31 is replaced
 PARRDR> Error: Repeated DIHE parameter (  2575): HCA1  CC31  CC31  CC32 is replaced
 PARRDR> Error: Repeated DIHE parameter (  2586): OC31  CC31  CC31  CC32 is replaced
 PARRDR> Error: Repeated DIHE parameter (  2581): HCA1  CC31  CC31  CC32 is replaced
 PARRDR> Error: Repeated DIHE parameter (  2596): HCA2  CC32  CC31  OC30 is replaced
 PARRDR> Error: Repeated DIHE parameter (  2579): CC31  CC31  CC32  CC31 is replaced
 PARRDR> Error: Repeated DIHE parameter (  2580): CC31  CC31  CC32  HCA2 is replaced
 PARRDR> Error: Repeated DIHE parameter (  2564): CC31  CC31  CC32  OC30 is replaced
 PARRDR> Error: Repeated DIHE parameter (  2565): CC31  CC31  CC32  OC30 is replaced
 PARRDR> Error: Repeated DIHE parameter (  2566): CC31  CC31  CC32  OC30 is replaced
 PARRDR> Error: Repeated DIHE parameter (  2573): HCA1  CC31  CC32  OC30 is replaced
 PARRDR> Error: Repeated DIHE parameter (  2561): OC31  CC31  CC32  OC30 is replaced
 PARRDR> Error: Repeated DIHE parameter (  2562): OC31  CC31  CC32  OC30 is replaced
 PARRDR> Error: Repeated DIHE parameter (  2563): OC31  CC31  CC32  OC30 is replaced
 PARRDR> Error: Repeated DIHE parameter (  2561): OC31  CC31  CC32  OC30 is replaced
 PARRDR> Error: Repeated DIHE parameter (  2562): OC31  CC31  CC32  OC30 is replaced
 PARRDR> Error: Repeated DIHE parameter (  2563): OC31  CC31  CC32  OC30 is replaced
 PARRDR> Error: Repeated DIHE parameter (  2561): OC31  CC31  CC32  OC30 is replaced
 PARRDR> Error: Repeated DIHE parameter (  2562): OC31  CC31  CC32  OC30 is replaced
 PARRDR> Error: Repeated DIHE parameter (  2563): OC31  CC31  CC32  OC30 is replaced
 PARMIO> NONBOND, HBOND lists and IMAGE atoms cleared.
  
 CHARMM>     
  
 CHARMM>    RETURN
 VCLOSE: Closing unit   98 with status "KEEP"

                    RETURNING TO INPUT STREAM    99
  
 CHARMM>     
  
 VCLOSE: Closing unit   99 with status "KEEP"

                    RETURNING TO INPUT STREAM     5
  
 CHARMM>     
  
 CHARMM>    ! Read PROA
 CHARMM>    open read card unit 10 name step4_equilibration_proa.pdb
 OPNLGU> Unit already open. The old file will be closed first.
 VCLOSE: Closing unit   10 with status "KEEP"
 VOPEN> Attempting to open::step4_equilibration_proa.pdb::
 OPNLGU> Unit 10 opened for READONLY access to /home/charmm-gui/data/www/1459129914/step4_equilibration_proa.pdb
  
 CHARMM>    read sequence pdb unit 10
 MAINIO> Sequence information being read from unit  10.
 TITLE>  *

          RESIDUE SEQUENCE --   263 RESIDUES
          HSD PRO GLU THR LEU VAL LYS VAL LYS ASP ALA GLU ASP GLN LEU GLY ALA ARG VAL GLY 
          TYR ILE GLU LEU ASP LEU ASN SER GLY LYS ILE LEU GLU SER PHE ARG PRO GLU GLU ARG 
          PHE PRO MET MET SER THR PHE LYS VAL LEU LEU CYS GLY ALA VAL LEU SER ARG VAL ASP 
          ALA GLY GLN GLU GLN LEU GLY ARG ARG ILE HSD TYR SER GLN ASN ASP LEU VAL GLU TYR 
          SER PRO VAL THR GLU LYS HSD LEU THR ASP GLY MET THR VAL ARG GLU LEU CYS SER ALA 
          ALA ILE THR MET SER ASP ASN THR ALA ALA ASN LEU LEU LEU THR THR ILE GLY GLY PRO 
          LYS GLU LEU THR ALA PHE LEU HSD ASN MET GLY ASP HSD VAL THR ARG LEU ASP ARG TRP 
          GLU PRO GLU LEU ASN GLU ALA ILE PRO ASN ASP GLU ARG ASP THR THR THR PRO ALA ALA 
          MET ALA THR THR LEU ARG LYS LEU LEU THR GLY GLU LEU LEU THR LEU ALA SER ARG GLN 
          GLN LEU ILE ASP TRP MET GLU ALA ASP LYS VAL ALA GLY PRO LEU LEU ARG SER ALA LEU 
          PRO ALA GLY TRP PHE ILE ALA ASP LYS SER GLY ALA GLY GLU ARG GLY SER ARG GLY ILE 
          ILE ALA ALA LEU GLY PRO ASP GLY LYS PRO SER ARG ILE VAL VAL ILE TYR THR THR GLY 
          SER GLN ALA THR MET ASP GLU ARG ASN ARG GLN ILE ALA GLU ILE GLY ALA SER LEU ILE 
          LYS HSD TRP 
 ***** Message from SEQRDR ***** THE SYSTEM CONTAINS 57 TITRATABLE GROUPS
 THE USER MUST PREDETERMINE THE PROTONATION STATE THROUGH THE SEQUENCE AND RTF
 HIS -  0  HSD -  6  HSE -  0  HSP -  0  ASP - 16  GLU - 20  LYS - 11  TYR -  4
  
 CHARMM>    generate PROA setup warn first NTER last CTER
 THE PATCH 'NTER' WILL BE USED FOR THE FIRST RESIDUE
 THE PATCH 'CTER' WILL BE USED FOR THE LAST  RESIDUE
 ** WARNING ** BOND NOT FOUND FOR RESIDUE   1 HSD   .
 ATOMS "N     " "HN    " WERE REQUESTED.
 ** WARNING ** IMPROPER NOT FOUND FOR RESIDUE   1 HSD   .
 ATOMS "N     " "-C    " "CA    " "HN    " WERE REQUESTED.
 ** WARNING ** CROSSTERM NOT FOUND FOR RESIDUE   1 HSD   .
 ATOMS "-C    " "N     " "CA    " "C     "
 ATOMS "N     " "CA    " "C     " "+N    " WERE REQUESTED.
 ** WARNING ** DONOR NOT FOUND FOR RESIDUE   1 HSD   .
 ATOMS "HN    " "N     " WERE REQUESTED.
 ** WARNING ** BOND NOT FOUND FOR RESIDUE 263 TRP   .
 ATOMS "C     " "+N    " WERE REQUESTED.
 ** WARNING ** BOND NOT FOUND FOR RESIDUE 263 TRP   .
 ATOMS "O     " "C     " WERE REQUESTED.
 ** WARNING ** IMPROPER NOT FOUND FOR RESIDUE 263 TRP   .
 ATOMS "C     " "CA    " "+N    " "O     " WERE REQUESTED.
 ** WARNING ** CROSSTERM NOT FOUND FOR RESIDUE 263 TRP   .
 ATOMS "-C    " "N     " "CA    " "C     "
 ATOMS "N     " "CA    " "C     " "+N    " WERE REQUESTED.
 ** WARNING ** ACCEPTOR NOT FOUND FOR RESIDUE 263 TRP   .
 ATOMS "O     " "C     " WERE REQUESTED.
 GENPSF> Segment   1 has been generated. Its identifier is PROA.
 PSFSUM> PSF modified: NONBOND lists and IMAGE atoms cleared.
 PSFSUM> Summary of the structure file counters :
         Number of segments      =        1   Number of residues   =      263
         Number of atoms         =     4063   Number of groups     =     1166
         Number of bonds         =     4097   Number of angles     =     7427
         Number of dihedrals     =    10838   Number of impropers  =      715
         Number of cross-terms   =      261
         Number of HB acceptors  =      398   Number of HB donors  =      460
         Number of NB exclusions =        0   Total charge =   -7.00000
 QXFORM> Expanded format used.
         More than 4 character atom type used.
  
 CHARMM>     
  
 CHARMM>    open read card unit 10 name step4_equilibration_proa.pdb
 OPNLGU> Unit already open. The old file will be closed first.
 VCLOSE: Closing unit   10 with status "KEEP"
 VOPEN> Attempting to open::step4_equilibration_proa.pdb::
 OPNLGU> Unit 10 opened for READONLY access to /home/charmm-gui/data/www/1459129914/step4_equilibration_proa.pdb
  
 CHARMM>    read coor pdb  unit 10 resid
  read CHARMM-pdb format
          SPATIAL COORDINATES BEING READ FROM UNIT 10
 TITLE>  *

 ** WARNING ** For atom in coordinate file, the corresponding residue in the PSF lacks that atom:
 INDEX= 2946 IRES=  189 RESID=214  RES=ASP  ATOM=HD2 
 ** WARNING ** After reading, there are no coordinates for selected atom:   839    52 CYS  HG1 
 ** WARNING ** After reading, there are no coordinates for selected atom:  1553    98 CYS  HG1 

 ** A total of     2 selected atoms have no coordinates
 *** LEVEL  2 WARNING *** BOMLEV IS    0
  
 CHARMM>     
  
 CHARMM>     
  
 CHARMM>    !Print heavy atoms with unknown coordinates
 CHARMM>    coor print sele ( .not. INIT ) .and. ( .not. hydrogen ) end
 SELRPN>      0 atoms have been selected out of   4063

      ***** LEVEL  2 WARNING FROM <COORIO> *****
      ***** ZERO ATOMS SPECIFIED TO WRITE. NO FILE CREATED
      ******************************************
      BOMLEV (  0) IS NOT REACHED. WRNLEV IS  5

  
 CHARMM>     
  
 CHARMM>    ic param
  
 CHARMM>    ic build
  
 CHARMM>    prnlev 0
  
 CHARMM>     
  
 CHARMM>    ENERGY

 NONBOND OPTION FLAGS: 
     ELEC     VDW      ATOMs    CDIElec  FSHIft   VATOm    VFSWIt  
     BYGRoup  NOEXtnd  NOEWald 
 CUTNB  = 14.000 CTEXNB =999.000 CTONNB = 10.000 CTOFNB = 12.000
 CGONNB =  0.000 CGOFNB = 10.000
 WMIN   =  1.500 WRNMXD =  0.500 E14FAC =  1.000 EPS    =  1.000
 NBXMOD =      5
 There are        0 atom  pairs and        0 atom  exclusions.
 There are        0 group pairs and        0 group exclusions.
 <MAKINB> with mode   5 found  11524 exclusions and  10689 interactions(1-4)
 <MAKGRP> found   3343 group exclusions.
 Generating nonbond list with Exclusion mode = 5
 == PRIMARY == SPACE FOR  1167509 ATOM PAIRS AND        0 GROUP PAIRS
 == PRIMARY == SPACE FOR  1751283 ATOM PAIRS AND        0 GROUP PAIRS

 General atom nonbond list generation found:
  1441170 ATOM PAIRS WERE FOUND FOR ATOM LIST
    75408 GROUP PAIRS REQUIRED ATOM SEARCHES

ENER ENR:  Eval#     ENERgy      Delta-E         GRMS
ENER INTERN:          BONDs       ANGLes       UREY-b    DIHEdrals    IMPRopers
ENER CROSS:           CMAPs        PMF1D        PMF2D        PRIMO
ENER EXTERN:        VDWaals         ELEC       HBONds          ASP         USER
 ----------       ---------    ---------    ---------    ---------    ---------
ENER>        0    165.37545      0.00000    116.01809
ENER INTERN>      664.53575   1169.36041    107.59663   2421.16790     85.37517
ENER CROSS>       -99.06087      0.00000      0.00000      0.00000
ENER EXTERN>      509.90696  -4693.50649      0.00000      0.00000      0.00000
 ----------       ---------    ---------    ---------    ---------    ---------
  
 CHARMM>    ! check if there are unknown coordinate
 CHARMM>    define XXX sele .not. INIT show end
 The following atoms are currently set:
SEGId RESId RESName  .. TYPEs ..
 SELRPN>      0 atoms have been selected out of   4063
  
 CHARMM>    if ?nsel .gt. 0 stop
 RDCMND substituted energy or value "?NSEL" to "0"
 Comparing "0" and "0".
 IF test evaluated as false.  Skipping command
  
 CHARMM>     
  
 CHARMM>    open write card unit 10 name step1_pdbreader.pdb
 OPNLGU> Unit already open. The old file will be closed first.
 VCLOSE: Closing unit   10 with status "KEEP"
 VOPEN> Attempting to open::step1_pdbreader.pdb::
 OPNLGU> Unit 10 opened for WRITE access to /home/charmm-gui/data/www/1459129914/step1_pdbreader.pdb
  
 CHARMM>    write coor pdb  unit 10 official
 RDTITL>  
 RDTITL> No title read.
 Write official pdb format.
 Note that the segid (chain id) will be truncated to only one character.
  
 CHARMM>     
  
 CHARMM>    open write card unit 10 name step1_pdbreader.crd
 OPNLGU> Unit already open. The old file will be closed first.
 VCLOSE: Closing unit   10 with status "KEEP"
 VOPEN> Attempting to open::step1_pdbreader.crd::
 OPNLGU> Unit 10 opened for WRITE access to /home/charmm-gui/data/www/1459129914/step1_pdbreader.crd
  
 CHARMM>    write coor unit 10 card
 RDTITL>  
 RDTITL> No title read.
 VCLOSE: Closing unit   10 with status "KEEP"
  
 CHARMM>     
  
 CHARMM>    open write unit 10 card name step1_pdbreader.psf
 VOPEN> Attempting to open::step1_pdbreader.psf::
 OPNLGU> Unit 10 opened for WRITE access to /home/charmm-gui/data/www/1459129914/step1_pdbreader.psf
  
 CHARMM>    write psf  unit 10 card
 RDTITL>  
 RDTITL> No title read.
  
 CHARMM>     
  
 CHARMM>    open write unit 10 card name step1_pdbreader.xplor_ext.psf
 OPNLGU> Unit already open. The old file will be closed first.
 VCLOSE: Closing unit   10 with status "KEEP"
 VOPEN> Attempting to open::step1_pdbreader.xplor_ext.psf::
 OPNLGU> Unit 10 opened for WRITE access to /home/charmm-gui/data/www/1459129914/step1_pdbreader.xplor_ext.psf
  
 CHARMM>    write psf  xplo unit 10 card
 RDTITL>  
 RDTITL> No title read.
  
 CHARMM>     
  
 CHARMM>    ioformat noext
 MISCOM> Expanded I/O format is NOT used.
  
 CHARMM>    open write unit 10 card name step1_pdbreader.xplor.psf
 OPNLGU> Unit already open. The old file will be closed first.
 VCLOSE: Closing unit   10 with status "KEEP"
 VOPEN> Attempting to open::step1_pdbreader.xplor.psf::
 OPNLGU> Unit 10 opened for WRITE access to /home/charmm-gui/data/www/1459129914/step1_pdbreader.xplor.psf
  
 CHARMM>    write psf  xplo unit 10 card
 RDTITL>  
 RDTITL> No title read.
  
 CHARMM>     
  
 CHARMM>     
  
 CHARMM>    coor stat sele all end
 SELRPN>   4063 atoms have been selected out of   4063
 STATISTICS FOR      4063 SELECTED ATOMS:
    XMIN =  -31.254669 XMAX =   27.771597 XAVE =   -0.211069
    YMIN =  -21.558404 YMAX =   23.939438 YAVE =    0.044907
    ZMIN =  -20.155450 ZMAX =   22.330754 ZAVE =    0.051285
    WMIN =    0.000000 WMAX =    1.000000 WAVE =    0.239970
  
 CHARMM>     
  
 CHARMM>    bomblev -1
  
 CHARMM>     
  
 CHARMM>    coor orient

 ORIENT THE COORDINATES TO ALIGN WITH AXIS

 MOMENTS
 286804.15625091 -39823.69993732 -95750.78997189
                 350798.23906194  43935.53445901
                                 617662.01841285

 Transpose of the rotation matrix
     0.948012    0.173206   -0.266969
    -0.238223    0.942485   -0.234462
     0.211004    0.285871    0.934749
 CENTER OF ATOMS BEFORE TRANSLATION    -0.21107     0.04491     0.05128
 AXIS OF ROTATION IS -0.636410  0.584602  0.503212  ANGLE IS   24.13

 ALL COORDINATES ORIENTED IN THE MAIN SET BASED ON SELECTED ATOMS.

  
 CHARMM>    coor stat sele all end
 SELRPN>   4063 atoms have been selected out of   4063
 STATISTICS FOR      4063 SELECTED ATOMS:
    XMIN =  -28.741177 XMAX =   28.937350 XAVE =    0.000000
    YMIN =  -22.635815 YMAX =   23.247775 YAVE =    0.000000
    ZMIN =  -19.236789 ZMAX =   21.765063 ZAVE =    0.000000
    WMIN =    0.000000 WMAX =    1.000000 WAVE =    0.239970
  
 CHARMM>     
  
 CHARMM>    ! Molecular Volume
 CHARMM>    calc dcel = 0.5
Evaluating: 0.5
 Parameter: DCEL <- "0.5"
  
 CHARMM>    calc xdim = int ( ( ?xmax - ?xmin + 5.0 ) / @dcel ) + 1
 Parameter: DCEL -> "0.5"
 RDCMND substituted energy or value "?XMAX" to "28.9373503"
 RDCMND substituted energy or value "?XMIN" to "-28.7411768"
Evaluating: INT((28.9373503--28.7411768+5.0)/0.5)+1
 Parameter: XDIM <- "126"
  
 CHARMM>    calc ydim = int ( ( ?ymax - ?ymin + 5.0 ) / @dcel ) + 1
 Parameter: DCEL -> "0.5"
 RDCMND substituted energy or value "?YMAX" to "23.2477751"
 RDCMND substituted energy or value "?YMIN" to "-22.6358148"
Evaluating: INT((23.2477751--22.6358148+5.0)/0.5)+1
 Parameter: YDIM <- "102"
  
 CHARMM>    calc zdim = int ( ( ?zmax - ?zmin + 5.0 ) / @dcel ) + 1
 Parameter: DCEL -> "0.5"
 RDCMND substituted energy or value "?ZMAX" to "21.7650628"
 RDCMND substituted energy or value "?ZMIN" to "-19.2367891"
Evaluating: INT((21.7650628--19.2367891+5.0)/0.5)+1
 Parameter: ZDIM <- "93"
  
 CHARMM>    calc space = @xdim * @ydim * @zdim
 Parameter: XDIM -> "126"
 Parameter: YDIM -> "102"
 Parameter: ZDIM -> "93"
Evaluating: 126*102*93
 Parameter: SPACE <- "1195236"
  
 CHARMM>     
  
 CHARMM>    scalar wmain = radius
  
 CHARMM>    scalar wmain add 1.4    ! use solvent accessible surface for molecular volume
  
 CHARMM>    scalar 1 = wmain
  
 CHARMM>    scalar 2 set 6
  
 CHARMM>    coor volume hole space @space sele .not. resname TIP3 end
 Parameter: SPACE -> "1195236"
 SELRPN>   4063 atoms have been selected out of   4063
 COMPUTING VOLUME PER ATOM WITH:
   XMIN=    -31.6092 XMAX=     32.0374 NX= 126
   YMIN=    -25.3861 YMAX=     26.3478 NY= 102
   ZMIN=    -22.1840 ZMAX=     24.0651 NZ=  91


 A TOTAL OF       34   VACUUM POINTS WERE FOUND
 A TOTAL OF   392401 OCCUPIED POINTS WERE FOUND
 A TOTAL OF   777097 EXTERNAL POINTS WERE FOUND
 A TOTAL OF  1169498 SELECTED POINTS WERE FOUND
 TOTAL OCCUPIED  VOLUME =   51094.067859
 TOTAL SELECTED  VOLUME =  152278.944685
 TOTAL FREE      VOLUME =       4.427100
 FRACTIONAL FREE VOLUME =       0.008664
  
 CHARMM>    set molvol = ?volume
 RDCMND substituted energy or value "?VOLUME" to "51094.0679"
 Parameter: MOLVOL <- "51094.0679"
  
 CHARMM>     
  
 CHARMM>    calc cgtot = int ( ?cgtot )
 RDCMND substituted energy or value "?CGTOT" to "-7"
Evaluating: INT(-7)
 Parameter: CGTOT <- "-7"
  
 CHARMM>     
  
 CHARMM>    open write unit 90 card name step1_pdbreader.str
 VOPEN> Attempting to open::step1_pdbreader.str::
 OPNLGU> Unit 90 opened for WRITE access to /home/charmm-gui/data/www/1459129914/step1_pdbreader.str
  
 CHARMM>    write title unit 90
 RDTITL> * SET NCHARGE = -7
 RDTITL> * SET XMAX = 28.9373503
 RDTITL> * SET YMAX = 23.2477751
 RDTITL> * SET ZMAX = 21.7650628
 RDTITL> * SET XMIN = -28.7411768
 RDTITL> * SET YMIN = -22.6358148
 RDTITL> * SET ZMIN = -19.2367891
 RDTITL> * SET MOLVOL = 51094.0679
 RDTITL> *
  
 CHARMM>     
  
 CHARMM>     
  
 CHARMM>    stop
 VCLOSE: Closing unit   10 with status "KEEP"
 VCLOSE: Closing unit   20 with status "KEEP"
 VCLOSE: Closing unit   90 with status "KEEP"
$$$$$$  New timer profile $$$$$
   List time                       0.58 Other:            0.00
      Nonbond force                   0.02 Other:            0.00
         Bond energy                     0.00 Other:            0.00
         Angle energy                    0.00 Other:            0.00
         Dihedral energy                 0.00 Other:            0.00
         Restraints energy               0.00 Other:            0.00
      INTRNL energy                   0.00 Other:            0.00
   Energy time                     0.03 Other:            0.00
 Total time                      4.84 Other:            4.23

                    NORMAL TERMINATION BY NORMAL STOP
                    MOST SEVERE WARNING WAS AT LEVEL  2

                    $$$$$ JOB ACCOUNTING INFORMATION $$$$$
                     ELAPSED TIME:     4.84  SECONDS 
                         CPU TIME:     4.84  SECONDS 
