1
                 Chemistry at HARvard Macromolecular Mechanics
           (CHARMM) - Developmental Version 43a1     August 15, 2017            
                             Git commit ID 3c4cfca                              
       Copyright(c) 1984-2014  President and Fellows of Harvard College
                              All Rights Reserved
  Current operating system: Linux-3.13.0-43-generic(x86_64)@elbow.biophysics.   
                 Created on  9/6/17 at 12:38:17 by user: sa14aa      

            Maximum number of ATOMS:    360720, and RESidues:      120240
 RDTITL> * 1EBM-SS CHARMM SCRIPT.
 RDTITL> *
  
 CHARMM>     
  
 CHARMM>    bomb -5
 MISCOM> Setting BOMLev < -2 is NOT a good idea.
  
 CHARMM>    fast on
 MISCOM> FAST option: EXPANDED (limited fast routines)
  
 CHARMM>     
  
 CHARMM>    set 3 300.0
 Parameter: 3 <- "300.0"
  
 CHARMM>    set d ../../setup/
 Parameter: D <- "../../SETUP/"
  
 CHARMM>    set j gh
 Parameter: J <- "GH"
  
 CHARMM>    set ndyn 100000000
 Parameter: NDYN <- "100000000"
  
 CHARMM>     
  
 CHARMM>    PRNLEV 0
 RDTITL> No title read.
 RDCMND: can not substitute energy "?NATC""
 RDCMND: can not substitute energy "?WRNLEV""
 RDCMND: can not substitute energy "?NATC""
 RDTITL> No title read.
 SA_Analysis Initilized
 Processing Frame             1
 Processing Frame             2
 Processing Frame             3
 Processing Frame             4
 Processing Frame             5
 Processing Frame             6
 Processing Frame             7
 Processing Frame             8
 Processing Frame             9
 Processing Frame            10
 Processing Frame            11
 Processing Frame            12
 Processing Frame            13
 Processing Frame            14
 Processing Frame            15
 Processing Frame            16
 Processing Frame            17
 Processing Frame            18
 Processing Frame            19
 Processing Frame            20
 Processing Frame            21
 Processing Frame            22
 Processing Frame            23
 Processing Frame            24
 Processing Frame            25
 Processing Frame            26
 Processing Frame            27
 Processing Frame            28
 Processing Frame            29
 Processing Frame            30
 Processing Frame            31
 Processing Frame            32
 Processing Frame            33
 Processing Frame            34
 Processing Frame            35
 Processing Frame            36
 Processing Frame            37
 Processing Frame            38
 Processing Frame            39
 Processing Frame            40
 Processing Frame            41
 Processing Frame            42
 Processing Frame            43
 Processing Frame            44
 Processing Frame            45
 Processing Frame            46
 Processing Frame            47
 Processing Frame            48
 Processing Frame            49
 Processing Frame            50
 Processing Frame            51
 Processing Frame            52
 Processing Frame            53
 Processing Frame            54
 Processing Frame            55
 Processing Frame            56
 Processing Frame            57
 Processing Frame            58
 Processing Frame            59
 Processing Frame            60
 Processing Frame            61
 Processing Frame            62
 Processing Frame            63
 Processing Frame            64
 Processing Frame            65
 Processing Frame            66
 Processing Frame            67
 Processing Frame            68
 Processing Frame            69
 Processing Frame            70
 Processing Frame            71
 Processing Frame            72
 Processing Frame            73
 Processing Frame            74
 Processing Frame            75
 Processing Frame            76
 Processing Frame            77
 Processing Frame            78
 Processing Frame            79
 Processing Frame            80
 Processing Frame            81
 Processing Frame            82
 Processing Frame            83
 Processing Frame            84
 Processing Frame            85
 Processing Frame            86
 Processing Frame            87
 Processing Frame            88
 Processing Frame            89
 Processing Frame            90
 Processing Frame            91
 Processing Frame            92
 Processing Frame            93
 Processing Frame            94
 Processing Frame            95
 Processing Frame            96
 Processing Frame            97
 Processing Frame            98
 Processing Frame            99
 Processing Frame           100
 Processing Frame           101
 Processing Frame           102
 Processing Frame           103
 Processing Frame           104
 Processing Frame           105
 Processing Frame           106
 Processing Frame           107
 Processing Frame           108
 Processing Frame           109
 Processing Frame           110
 Processing Frame           111
 Processing Frame           112
 Processing Frame           113
 Processing Frame           114
 Processing Frame           115
 Processing Frame           116
 Processing Frame           117
 Processing Frame           118
 Processing Frame           119
 Processing Frame           120
 Processing Frame           121
 Processing Frame           122
 Processing Frame           123
 Processing Frame           124
 Processing Frame           125
 Processing Frame           126
 Processing Frame           127
 Processing Frame           128
 Processing Frame           129
 Processing Frame           130
 Processing Frame           131
 Processing Frame           132
 Processing Frame           133
 Processing Frame           134
 Processing Frame           135
 Processing Frame           136
 Processing Frame           137
 Processing Frame           138
 Processing Frame           139
 Processing Frame           140
 Processing Frame           141
 Processing Frame           142
 Processing Frame           143
 Processing Frame           144
 Processing Frame           145
 Processing Frame           146
 Processing Frame           147
 Processing Frame           148
 Processing Frame           149
 Processing Frame           150
 Processing Frame           151
 Processing Frame           152
 Processing Frame           153
 Processing Frame           154
 Processing Frame           155
 Processing Frame           156
 Processing Frame           157
 Processing Frame           158
 Processing Frame           159
 Processing Frame           160
 Processing Frame           161
 Processing Frame           162
 Processing Frame           163
 Processing Frame           164
 Processing Frame           165
 Processing Frame           166
 Processing Frame           167
 Processing Frame           168
 Processing Frame           169
 Processing Frame           170
 Processing Frame           171
 Processing Frame           172
 Processing Frame           173
 Processing Frame           174
 Processing Frame           175
 Processing Frame           176
 Processing Frame           177
 Processing Frame           178
 Processing Frame           179
 Processing Frame           180
 Processing Frame           181
 Processing Frame           182
 Processing Frame           183
 Processing Frame           184
 Processing Frame           185
 Processing Frame           186

      ***** LEVEL -5 WARNING FROM <READCV> *****
      ***** READ errorno -1 for ../dyn.dcd: 900000 frames expected but 186 frames read                                                                                                                                                                                      
      ******************************************
      BOMLEV ( -5) IS REACHED - TERMINATING. WRNLEV IS  5


                                                  
                            /---------\           
                           /           \          
                          /             \         
                         /               \        
                         !  XXXX   XXXX  !        
                         !  XXXX   XXXX  !        
                         !  XXX     XXX  !        
                         !       X       !        
                          --\   XXX   /--         
                           ! !  XXX  ! !          
                           ! !       ! !          
                           ! I I I I I !          
                           !  I I I I  !          
                            \         /           
                             --     --            
                               \---/              
                        XXX             XXX       
                       XXXX             XXXX      
                       XXXXX           XXXXX      
                          XXX         XXX         
                            XXX     XXX           
                               XXXXX              
                              XXX XXX             
                            XXX     XXX           
                          XXX         XXX         
                       XXXXX           XXXXX      
                       XXXX             XXXX      
                        XXX             XXX       
                                                  
                                                  
 Execution terminated due to the detection of a fatal error.

                    ABNORMAL TERMINATION
                    MOST SEVERE WARNING WAS AT LEVEL -5

                    $$$$$ JOB ACCOUNTING INFORMATION $$$$$
                     ELAPSED TIME:     1.45  HOURS   
                         CPU TIME:     1.45  HOURS   
